2024-08-25 07:44:54,619 [INFO] WebApp:189 - Connection lost
2024-08-25 07:44:59,309 [INFO] WebApp:186 - Connection restablished
2024-08-25 07:45:02,441 [INFO] WebApp:189 - Connection lost
2024-08-25 07:45:02,540 [INFO] WebApp:186 - Connection restablished
2024-08-25 08:40:18,310 [INFO] Activator:176 - 


2024-08-25 08:40:18,313 [INFO] Activator:177 - !SESSION log4j initialized
2024-08-25 08:40:23,387 [INFO] LogOutputStream:77 - [STDOUT_REDIRECT] 
2024-08-25 08:40:26,171 [INFO] ApplicationProperties:184 - Using Application install path: C:\ST\STM32CubeIDE_1.10.1\STM32CubeIDE\plugins\com.st.stm32cube.common.mx_6.12.0.202406281431
2024-08-25 08:40:26,185 [INFO] DbMcusXml:78 - Set database path to: C:\ST\STM32CubeIDE_1.10.1\STM32CubeIDE\plugins\com.st.stm32cube.common.mx_6.12.0.202406281431\\db\/mcu/
2024-08-25 08:40:26,186 [INFO] ApiDb:274 - Set plugin database path to: C:\ST\STM32CubeIDE_1.10.1\STM32CubeIDE\plugins\com.st.stm32cube.common.mx_6.12.0.202406281431\\db\/plugins/boardmanager/
2024-08-25 08:40:26,186 [WARN] ApiDb:259 - Overriding images path with different value:  => C:\ST\STM32CubeIDE_1.10.1\STM32CubeIDE\plugins\com.st.stm32cube.common.mx_6.12.0.202406281431\\db\/plugins/mcufinder/images/
2024-08-25 08:40:26,189 [INFO] ApiDb:250 - Set database path to: C:\Users\gerdon\.stmcufinder\plugins\mcufinder//mcu/
2024-08-25 08:40:26,190 [INFO] DbMcusAds:125 - Set database path to: C:\Users\gerdon\.stmcufinder\plugins\mcufinder//mcu/
2024-08-25 08:40:26,191 [INFO] CrossReferenceDbSqlite:203 - Set database path to: C:\Users\gerdon\.stmcufinder\plugins\mcufinder//mcu/cs/
2024-08-25 08:40:26,269 [INFO] RulesReader:64 - Compatibility file has been processed (297 Rules)
2024-08-25 08:40:26,330 [INFO] DbMcusXml:78 - Set database path to: C:\ST\STM32CubeIDE_1.10.1\STM32CubeIDE\plugins\com.st.stm32cube.common.mx_6.12.0.202406281431\\db\/mcu/
2024-08-25 08:40:26,330 [INFO] ApiDb:274 - Set plugin database path to: C:\ST\STM32CubeIDE_1.10.1\STM32CubeIDE\plugins\com.st.stm32cube.common.mx_6.12.0.202406281431\\db\/plugins/boardmanager/
2024-08-25 08:40:26,330 [INFO] ApiDb:261 - Set plugin images path to: C:\ST\STM32CubeIDE_1.10.1\STM32CubeIDE\plugins\com.st.stm32cube.common.mx_6.12.0.202406281431\\db\/plugins/mcufinder/images/
2024-08-25 08:40:26,330 [WARN] DbFile:41 - Overriding database path with different value: C:\Users\gerdon\.stmcufinder\plugins\mcufinder/ => C:\Users\gerdon\.stmcufinder\plugins\mcufinder
2024-08-25 08:40:26,330 [INFO] ApiDb:250 - Set database path to: C:\Users\gerdon\.stmcufinder\plugins\mcufinder//mcu/
2024-08-25 08:40:26,330 [WARN] DbFile:41 - Overriding database path with different value: C:\Users\gerdon\.stmcufinder\plugins\mcufinder/ => C:\Users\gerdon\.stmcufinder\plugins\mcufinder
2024-08-25 08:40:26,330 [INFO] DbMcusAds:125 - Set database path to: C:\Users\gerdon\.stmcufinder\plugins\mcufinder//mcu/
2024-08-25 08:40:26,330 [WARN] DbFile:41 - Overriding database path with different value: C:\Users\gerdon\.stmcufinder\plugins\mcufinder/ => C:\Users\gerdon\.stmcufinder\plugins\mcufinder
2024-08-25 08:40:26,330 [WARN] DbFile:41 - Overriding database path with different value: C:\Users\gerdon\.stmcufinder\plugins\mcufinder/ => C:\Users\gerdon\.stmcufinder\plugins\mcufinder
2024-08-25 08:40:26,330 [INFO] CrossReferenceDbSqlite:203 - Set database path to: C:\Users\gerdon\.stmcufinder\plugins\mcufinder//mcu/cs/
2024-08-25 08:40:26,386 [INFO] MainPanel:268 - HeapMemory: 268435456
2024-08-25 08:40:26,445 [INFO] DbMcusXml:78 - Set database path to: C:\ST\STM32CubeIDE_1.10.1\STM32CubeIDE\plugins\com.st.stm32cube.common.mx_6.12.0.202406281431\\db\/mcu/
2024-08-25 08:40:26,445 [INFO] ApiDb:274 - Set plugin database path to: C:\ST\STM32CubeIDE_1.10.1\STM32CubeIDE\plugins\com.st.stm32cube.common.mx_6.12.0.202406281431\\db\/plugins/boardmanager/
2024-08-25 08:40:26,446 [INFO] ApiDb:261 - Set plugin images path to: C:\ST\STM32CubeIDE_1.10.1\STM32CubeIDE\plugins\com.st.stm32cube.common.mx_6.12.0.202406281431\\db\/plugins/mcufinder/images/
2024-08-25 08:40:26,446 [WARN] DbFile:41 - Overriding database path with different value: C:\Users\gerdon\.stmcufinder\plugins\mcufinder/ => C:\Users\gerdon\.stmcufinder\plugins\mcufinder
2024-08-25 08:40:26,446 [INFO] ApiDb:250 - Set database path to: C:\Users\gerdon\.stmcufinder\plugins\mcufinder//mcu/
2024-08-25 08:40:26,446 [WARN] DbFile:41 - Overriding database path with different value: C:\Users\gerdon\.stmcufinder\plugins\mcufinder/ => C:\Users\gerdon\.stmcufinder\plugins\mcufinder
2024-08-25 08:40:26,446 [INFO] DbMcusAds:125 - Set database path to: C:\Users\gerdon\.stmcufinder\plugins\mcufinder//mcu/
2024-08-25 08:40:26,446 [WARN] DbFile:41 - Overriding database path with different value: C:\Users\gerdon\.stmcufinder\plugins\mcufinder/ => C:\Users\gerdon\.stmcufinder\plugins\mcufinder
2024-08-25 08:40:26,446 [WARN] DbFile:41 - Overriding database path with different value: C:\Users\gerdon\.stmcufinder\plugins\mcufinder/ => C:\Users\gerdon\.stmcufinder\plugins\mcufinder
2024-08-25 08:40:26,446 [INFO] CrossReferenceDbSqlite:203 - Set database path to: C:\Users\gerdon\.stmcufinder\plugins\mcufinder//mcu/cs/
2024-08-25 08:40:26,459 [INFO] ApplicationProperties:184 - Using Application install path: C:\ST\STM32CubeIDE_1.10.1\STM32CubeIDE\plugins\com.st.stm32cube.common.mx_6.12.0.202406281431
2024-08-25 08:40:26,460 [INFO] PluginManage:196 - Search for loadable plugins [exclusion list=, ]
2024-08-25 08:40:26,460 [INFO] PluginManage:310 - Check plugin analytics
2024-08-25 08:40:26,628 [INFO] AnalyticsPlugin:253 - Accepted Software Licenses: STM32CubeMX.6.9.2
2024-08-25 08:40:26,628 [INFO] AnalyticsPlugin:255 - Accepted CMSIS Pack Licenses: 
2024-08-25 08:40:26,628 [INFO] AnalyticsPlugin:257 - Accepted Firmware Licenses: 
2024-08-25 08:40:26,631 [INFO] PluginManage:359 - Loaded plugin analytics (category:tool,tabindex:-1)
2024-08-25 08:40:26,631 [INFO] PluginManage:310 - Check plugin cadmodel
2024-08-25 08:40:26,636 [INFO] CADModel:105 - Init CAD model plugin
2024-08-25 08:40:26,636 [INFO] PluginManage:359 - Loaded plugin cadmodel (category:power,tabindex:5)
2024-08-25 08:40:26,636 [INFO] PluginManage:310 - Check plugin clock
2024-08-25 08:40:26,646 [INFO] PluginManage:359 - Loaded plugin clock (category:base,tabindex:2)
2024-08-25 08:40:26,647 [INFO] PluginManage:310 - Check plugin ddr
2024-08-25 08:40:26,651 [INFO] PluginManage:359 - Loaded plugin ddr (category:tool,tabindex:6)
2024-08-25 08:40:26,651 [INFO] PluginManage:310 - Check plugin filemanager
2024-08-25 08:40:26,771 [INFO] PluginManage:359 - Loaded plugin filemanager (category:base,tabindex:10)
2024-08-25 08:40:26,771 [INFO] PluginManage:310 - Check plugin ipmanager
2024-08-25 08:40:26,777 [INFO] PluginManage:359 - Loaded plugin ipmanager (category:base,tabindex:5)
2024-08-25 08:40:26,778 [INFO] PluginManage:310 - Check plugin lpbam
2024-08-25 08:40:26,784 [INFO] PluginManage:359 - Loaded plugin lpbam (category:base,tabindex:0)
2024-08-25 08:40:26,784 [INFO] PluginManage:310 - Check plugin memorymap
2024-08-25 08:40:26,795 [INFO] PluginManage:359 - Loaded plugin memorymap (category:base,tabindex:4)
2024-08-25 08:40:26,796 [INFO] PluginManage:310 - Check plugin pinoutandconfiguration
2024-08-25 08:40:26,803 [INFO] PluginManage:359 - Loaded plugin pinoutandconfiguration (category:base,tabindex:1)
2024-08-25 08:40:26,803 [INFO] PluginManage:310 - Check plugin pinoutconfig
2024-08-25 08:40:26,876 [WARN] SupportedApi:132 - Cannot load RTOS API schema: s4s-elt-must-match.1: The content of 'definitions' must match (annotation?, (simpleType | complexType)?, (unique | key | keyref)*)). A problem was found starting at: attribute.
2024-08-25 08:40:26,996 [INFO] PluginManage:359 - Loaded plugin pinoutconfig (category:base,tabindex:0)
2024-08-25 08:40:26,996 [INFO] PluginManage:310 - Check plugin power
2024-08-25 08:40:27,001 [INFO] PluginManage:359 - Loaded plugin power (category:power,tabindex:4)
2024-08-25 08:40:27,001 [INFO] PluginManage:310 - Check plugin projectmanager
2024-08-25 08:40:27,014 [INFO] PluginManage:359 - Loaded plugin projectmanager (category:projectmanager,tabindex:4)
2024-08-25 08:40:27,014 [INFO] PluginManage:310 - Check plugin rif
2024-08-25 08:40:27,018 [INFO] PluginManage:359 - Loaded plugin rif (category:base,tabindex:3)
2024-08-25 08:40:27,018 [INFO] PluginManage:310 - Check plugin thirdparty
2024-08-25 08:40:27,097 [WARN] IntegrityCheckThread:84 - waiting for thirdparty lock release [integrity check]
2024-08-25 08:40:27,097 [INFO] IntegrityCheckThread:86 - entering critical section [integrity check]
2024-08-25 08:40:27,097 [INFO] PluginManage:359 - Loaded plugin thirdparty (category:base,tabindex:-1)
2024-08-25 08:40:27,097 [INFO] PluginManage:310 - Check plugin tools
2024-08-25 08:40:27,097 [INFO] ThirdPartyUpdaterWithRetryManager:70 - Updater plugin not ready yet. [1/15]
2024-08-25 08:40:27,099 [INFO] PluginManage:359 - Loaded plugin tools (category:base,tabindex:7)
2024-08-25 08:40:27,099 [INFO] PluginManage:310 - Check plugin tutovideos
2024-08-25 08:40:27,243 [INFO] PluginManage:359 - Loaded plugin tutovideos (category:base,tabindex:-1)
2024-08-25 08:40:27,243 [INFO] PluginManage:310 - Check plugin updater
2024-08-25 08:40:27,255 [INFO] PluginManage:359 - Loaded plugin updater (category:base,tabindex:12)
2024-08-25 08:40:27,256 [INFO] PluginManage:310 - Check plugin userauth
2024-08-25 08:40:27,259 [INFO] UserAuth:113 - Init User Auth plugin
2024-08-25 08:40:27,259 [INFO] PluginManage:359 - Loaded plugin userauth (category:base,tabindex:14)
2024-08-25 08:40:27,260 [INFO] PluginManage:283 - PluginManage : Loaded plugins [18]
2024-08-25 08:40:27,404 [INFO] PinOutPanel:1561 - setPackage(No Configuration,No Configuration)
2024-08-25 08:40:27,457 [INFO] CADModel:165 - CPN selected for project level
2024-08-25 08:40:27,458 [INFO] CADModel:114 - Register for checkConnection events
2024-08-25 08:40:27,469 [INFO] IPUIPlugin:80 - create IPUIPlugin
2024-08-25 08:40:27,469 [INFO] PluginManager:220 - loadIPPluginJar : add adc
2024-08-25 08:40:27,471 [INFO] IPUIPlugin:80 - create IPUIPlugin
2024-08-25 08:40:27,471 [INFO] PluginManager:220 - loadIPPluginJar : add aes
2024-08-25 08:40:27,472 [INFO] IPUIPlugin:80 - create IPUIPlugin
2024-08-25 08:40:27,472 [INFO] PluginManager:220 - loadIPPluginJar : add can
2024-08-25 08:40:27,474 [INFO] IPUIPlugin:80 - create IPUIPlugin
2024-08-25 08:40:27,474 [INFO] PluginManager:220 - loadIPPluginJar : add comp
2024-08-25 08:40:27,475 [INFO] IPUIPlugin:80 - create IPUIPlugin
2024-08-25 08:40:27,475 [INFO] PluginManager:220 - loadIPPluginJar : add cryp
2024-08-25 08:40:27,477 [INFO] IPUIPlugin:80 - create IPUIPlugin
2024-08-25 08:40:27,477 [INFO] PluginManager:220 - loadIPPluginJar : add ddr_ctrl_phy
2024-08-25 08:40:27,478 [INFO] IPUIPlugin:80 - create IPUIPlugin
2024-08-25 08:40:27,478 [INFO] PluginManager:220 - loadIPPluginJar : add dfsdm
2024-08-25 08:40:27,481 [INFO] IPUIPlugin:80 - create IPUIPlugin
2024-08-25 08:40:27,481 [INFO] PluginManager:220 - loadIPPluginJar : add dma
2024-08-25 08:40:27,483 [INFO] IPUIPlugin:80 - create IPUIPlugin
2024-08-25 08:40:27,483 [INFO] PluginManager:220 - loadIPPluginJar : add dma3
2024-08-25 08:40:27,484 [INFO] IPUIPlugin:80 - create IPUIPlugin
2024-08-25 08:40:27,484 [INFO] PluginManager:220 - loadIPPluginJar : add extmemmanager
2024-08-25 08:40:27,485 [INFO] IPUIPlugin:80 - create IPUIPlugin
2024-08-25 08:40:27,485 [INFO] PluginManager:220 - loadIPPluginJar : add fatfs
2024-08-25 08:40:27,488 [INFO] IPUIPlugin:80 - create IPUIPlugin
2024-08-25 08:40:27,488 [INFO] PluginManager:220 - loadIPPluginJar : add fmc
2024-08-25 08:40:27,491 [INFO] IPUIPlugin:80 - create IPUIPlugin
2024-08-25 08:40:27,492 [INFO] PluginManager:220 - loadIPPluginJar : add freertos
2024-08-25 08:40:27,492 [INFO] IPUIPlugin:80 - create IPUIPlugin
2024-08-25 08:40:27,492 [INFO] PluginManager:220 - loadIPPluginJar : add genericplugin
2024-08-25 08:40:27,494 [INFO] IPUIPlugin:80 - create IPUIPlugin
2024-08-25 08:40:27,494 [INFO] PluginManager:220 - loadIPPluginJar : add gfxmmu
2024-08-25 08:40:27,498 [INFO] IPUIPlugin:80 - create IPUIPlugin
2024-08-25 08:40:27,498 [INFO] PluginManager:220 - loadIPPluginJar : add gic
2024-08-25 08:40:27,500 [INFO] IPUIPlugin:80 - create IPUIPlugin
2024-08-25 08:40:27,500 [INFO] PluginManager:220 - loadIPPluginJar : add gpio
2024-08-25 08:40:27,502 [INFO] IPUIPlugin:80 - create IPUIPlugin
2024-08-25 08:40:27,502 [INFO] PluginManager:220 - loadIPPluginJar : add gtzc
2024-08-25 08:40:27,503 [INFO] IPUIPlugin:80 - create IPUIPlugin
2024-08-25 08:40:27,503 [INFO] PluginManager:220 - loadIPPluginJar : add hash
2024-08-25 08:40:27,505 [INFO] IPUIPlugin:80 - create IPUIPlugin
2024-08-25 08:40:27,505 [INFO] PluginManager:220 - loadIPPluginJar : add i2c
2024-08-25 08:40:27,506 [INFO] IPUIPlugin:80 - create IPUIPlugin
2024-08-25 08:40:27,506 [INFO] PluginManager:220 - loadIPPluginJar : add i2s
2024-08-25 08:40:27,508 [INFO] IPUIPlugin:80 - create IPUIPlugin
2024-08-25 08:40:27,508 [INFO] PluginManager:220 - loadIPPluginJar : add i3c
2024-08-25 08:40:27,510 [INFO] IPUIPlugin:80 - create IPUIPlugin
2024-08-25 08:40:27,510 [INFO] PluginManager:220 - loadIPPluginJar : add ipddr
2024-08-25 08:40:27,514 [INFO] IPUIPlugin:80 - create IPUIPlugin
2024-08-25 08:40:27,514 [INFO] PluginManager:220 - loadIPPluginJar : add linkedlist
2024-08-25 08:40:27,516 [INFO] IPUIPlugin:80 - create IPUIPlugin
2024-08-25 08:40:27,517 [INFO] PluginManager:220 - loadIPPluginJar : add lorawan
2024-08-25 08:40:27,517 [INFO] IPUIPlugin:80 - create IPUIPlugin
2024-08-25 08:40:27,517 [INFO] PluginManager:220 - loadIPPluginJar : add ltdc
2024-08-25 08:40:27,520 [INFO] IPUIPlugin:80 - create IPUIPlugin
2024-08-25 08:40:27,521 [INFO] PluginManager:220 - loadIPPluginJar : add mdma
2024-08-25 08:40:27,522 [INFO] IPUIPlugin:80 - create IPUIPlugin
2024-08-25 08:40:27,522 [INFO] PluginManager:220 - loadIPPluginJar : add nvic
2024-08-25 08:40:27,524 [INFO] IPUIPlugin:80 - create IPUIPlugin
2024-08-25 08:40:27,524 [INFO] PluginManager:220 - loadIPPluginJar : add opamp
2024-08-25 08:40:27,526 [INFO] IPUIPlugin:80 - create IPUIPlugin
2024-08-25 08:40:27,526 [INFO] PluginManager:220 - loadIPPluginJar : add openamp
2024-08-25 08:40:27,527 [INFO] IPUIPlugin:80 - create IPUIPlugin
2024-08-25 08:40:27,527 [INFO] PluginManager:220 - loadIPPluginJar : add pdm2pcm
2024-08-25 08:40:27,531 [INFO] IPUIPlugin:80 - create IPUIPlugin
2024-08-25 08:40:27,532 [INFO] PluginManager:220 - loadIPPluginJar : add plateformsettings
2024-08-25 08:40:27,533 [INFO] IPUIPlugin:80 - create IPUIPlugin
2024-08-25 08:40:27,533 [INFO] PluginManager:220 - loadIPPluginJar : add quadspi
2024-08-25 08:40:27,534 [INFO] IPUIPlugin:80 - create IPUIPlugin
2024-08-25 08:40:27,535 [INFO] PluginManager:220 - loadIPPluginJar : add radio
2024-08-25 08:40:27,536 [INFO] IPUIPlugin:80 - create IPUIPlugin
2024-08-25 08:40:27,536 [INFO] PluginManager:220 - loadIPPluginJar : add resmgrutility
2024-08-25 08:40:27,538 [INFO] IPUIPlugin:80 - create IPUIPlugin
2024-08-25 08:40:27,538 [INFO] PluginManager:220 - loadIPPluginJar : add sai
2024-08-25 08:40:27,539 [INFO] IPUIPlugin:80 - create IPUIPlugin
2024-08-25 08:40:27,539 [INFO] PluginManager:220 - loadIPPluginJar : add spi
2024-08-25 08:40:27,542 [INFO] IPUIPlugin:80 - create IPUIPlugin
2024-08-25 08:40:27,542 [INFO] PluginManager:220 - loadIPPluginJar : add stm32_wpan
2024-08-25 08:40:27,543 [INFO] IPUIPlugin:80 - create IPUIPlugin
2024-08-25 08:40:27,543 [INFO] PluginManager:220 - loadIPPluginJar : add tim
2024-08-25 08:40:27,545 [INFO] IPUIPlugin:80 - create IPUIPlugin
2024-08-25 08:40:27,545 [INFO] PluginManager:220 - loadIPPluginJar : add touchsensing
2024-08-25 08:40:27,546 [INFO] IPUIPlugin:80 - create IPUIPlugin
2024-08-25 08:40:27,546 [INFO] PluginManager:220 - loadIPPluginJar : add tracer_emb
2024-08-25 08:40:27,547 [INFO] IPUIPlugin:80 - create IPUIPlugin
2024-08-25 08:40:27,547 [INFO] PluginManager:220 - loadIPPluginJar : add ts
2024-08-25 08:40:27,548 [INFO] IPUIPlugin:80 - create IPUIPlugin
2024-08-25 08:40:27,548 [INFO] PluginManager:220 - loadIPPluginJar : add tsc
2024-08-25 08:40:27,549 [INFO] IPUIPlugin:80 - create IPUIPlugin
2024-08-25 08:40:27,549 [INFO] PluginManager:220 - loadIPPluginJar : add ucpd
2024-08-25 08:40:27,551 [INFO] IPUIPlugin:80 - create IPUIPlugin
2024-08-25 08:40:27,551 [INFO] PluginManager:220 - loadIPPluginJar : add usart
2024-08-25 08:40:27,553 [INFO] IPUIPlugin:80 - create IPUIPlugin
2024-08-25 08:40:27,553 [INFO] PluginManager:220 - loadIPPluginJar : add usbx
2024-08-25 08:40:27,659 [INFO] CADModel:165 - CPN selected for project level
2024-08-25 08:40:27,659 [INFO] CADModel:114 - Register for checkConnection events
2024-08-25 08:40:27,659 [FATAL] Updater:334 - Updater called before beeing initialized
2024-08-25 08:40:27,659 [ERROR] CADModel:125 - Updater not yet initialized, retry later 
2024-08-25 08:40:27,743 [INFO] CADModel:165 - CPN selected for project level
2024-08-25 08:40:27,743 [INFO] CADModel:114 - Register for checkConnection events
2024-08-25 08:40:27,743 [FATAL] Updater:334 - Updater called before beeing initialized
2024-08-25 08:40:27,743 [ERROR] CADModel:125 - Updater not yet initialized, retry later 
2024-08-25 08:40:27,746 [FATAL] Updater:334 - Updater called before beeing initialized
2024-08-25 08:40:27,810 [FATAL] Updater:334 - Updater called before beeing initialized
2024-08-25 08:40:27,814 [INFO] DbMcusAds:53 - JSON generation date=Thu May 16 10:22:00 IST 2024 (1715851320667)
2024-08-25 08:40:27,814 [FATAL] Updater:334 - Updater called before beeing initialized
2024-08-25 08:40:27,836 [WARN] DetailPanel:346 - Failed to get advertising image, set to default
2024-08-25 08:40:27,904 [FATAL] Updater:334 - Updater called before beeing initialized
2024-08-25 08:40:27,905 [FATAL] Updater:334 - Updater called before beeing initialized
2024-08-25 08:40:27,905 [FATAL] Updater:334 - Updater called before beeing initialized
2024-08-25 08:40:27,906 [WARN] DetailPanel:346 - Failed to get advertising image, set to default
2024-08-25 08:40:27,906 [FATAL] Updater:334 - Updater called before beeing initialized
2024-08-25 08:40:27,938 [ERROR] Updater:1164 - MainUpdater not yet initialized. External WinMGr cannot be set.
2024-08-25 08:40:27,941 [INFO] Updater:1100 - Updater Version found : 6.12.0
2024-08-25 08:40:27,956 [INFO] ApplicationProperties:184 - Using Application install path: C:\ST\STM32CubeIDE_1.10.1\STM32CubeIDE\plugins\com.st.stm32cube.common.mx_6.12.0.202406281431
2024-08-25 08:40:28,249 [INFO] MainUpdater:2873 - connection check result : 10
2024-08-25 08:40:28,250 [INFO] MainUpdater:290 - Updater Check For Update Now.
2024-08-25 08:40:28,250 [INFO] MicroXplorer:498 - Change Database Version : DB.6.0.120
2024-08-25 08:40:28,262 [INFO] McuFinderGlobals:63 - Set McuFinder mode to 2 (CubeIDE integrated)
2024-08-25 08:40:28,262 [INFO] UserAuth:179 - activating auth plugin
2024-08-25 08:40:28,264 [INFO] UserAuth:417 - Internet connection configuration mode: 1
2024-08-25 08:40:28,300 [INFO] JxBrowserEngine:152 - Initiate JxBrowser Engine with user profile folder
2024-08-25 08:40:28,401 [INFO] CheckServerUpdateThread:120 - End of CheckServer Thread
2024-08-25 08:40:28,839 [INFO] WebApp:167 - Instantiating new browser for Auth
2024-08-25 08:40:29,386 [INFO] WebApp:448 - Apply proxy settings
2024-08-25 08:40:29,386 [INFO] WebApp:533 - Chromium requires no authentication
2024-08-25 08:40:29,393 [INFO] WebApp:476 - Direct internet connection detected
2024-08-25 08:40:29,412 [INFO] WebApp:869 - Register for checkConnection events
2024-08-25 08:40:29,412 [INFO] WebApp:448 - Apply proxy settings
2024-08-25 08:40:29,412 [INFO] WebApp:533 - Chromium requires no authentication
2024-08-25 08:40:29,413 [INFO] WebApp:476 - Direct internet connection detected
2024-08-25 08:40:29,549 [INFO] WebApp:186 - Connection restablished
2024-08-25 08:40:29,577 [INFO] WebApp:220 - Starting web application
2024-08-25 08:40:29,577 [INFO] WebApp:578 - Web application path used C:\ST\STM32CubeIDE_1.10.1\STM32CubeIDE\plugins\com.st.stm32cube.common.mx_6.12.0.202406281431\db\plugins\mcufinder\reactClient1\index.html
2024-08-25 08:40:30,247 [WARN] PackLoader:240 - Cannot read IP mode file for STMicroelectronics.FP-SNS-MOTENVWB1.1.4.0
2024-08-25 08:40:30,257 [WARN] PackLoader:240 - Cannot read IP mode file for STMicroelectronics.X-CUBE-SMBUS.2.1.0
2024-08-25 08:40:30,273 [WARN] PackLoader:240 - Cannot read IP mode file for STMicroelectronics.X-CUBE-AZRTOS-F7.1.1.0
2024-08-25 08:40:30,280 [WARN] PackLoader:240 - Cannot read IP mode file for STMicroelectronics.FP-SNS-MOTENV1.4.3.2
2024-08-25 08:40:30,287 [WARN] PackLoader:240 - Cannot read IP mode file for STMicroelectronics.X-CUBE-BLE1.6.2.3
2024-08-25 08:40:30,314 [WARN] PackLoader:240 - Cannot read IP mode file for STMicroelectronics.X-CUBE-MEMS1.11.0.0
2024-08-25 08:40:30,391 [WARN] PackLoader:240 - Cannot read IP mode file for STMicroelectronics.X-CUBE-BLE1.6.2.4
2024-08-25 08:40:30,394 [WARN] PackLoader:240 - Cannot read IP mode file for STMicroelectronics.FP-SNS-FLIGHT1.5.0.2
2024-08-25 08:40:30,399 [WARN] PackLoader:240 - Cannot read IP mode file for STMicroelectronics.X-CUBE-TOF1.3.1.0
2024-08-25 08:40:30,405 [WARN] PackLoader:240 - Cannot read IP mode file for STMicroelectronics.X-CUBE-DISPLAY.3.0.0
2024-08-25 08:40:30,410 [WARN] PackLoader:240 - Cannot read IP mode file for STMicroelectronics.X-CUBE-BLE1.7.0.0
2024-08-25 08:40:30,414 [WARN] PackLoader:240 - Cannot read IP mode file for STMicroelectronics.X-CUBE-TOUCHGFX.4.22.1
2024-08-25 08:40:30,431 [WARN] PackLoader:240 - Cannot read IP mode file for STMicroelectronics.X-CUBE-MEMS1.9.3.0
2024-08-25 08:40:30,497 [WARN] PackLoader:240 - Cannot read IP mode file for STMicroelectronics.X-CUBE-AI.7.2.0
2024-08-25 08:40:30,509 [WARN] PackLoader:240 - Cannot read IP mode file for STMicroelectronics.X-CUBE-BLEMGR.3.1.0
2024-08-25 08:40:30,514 [WARN] PackLoader:240 - Cannot read IP mode file for STMicroelectronics.FP-SNS-SMARTAG2.1.2.0
2024-08-25 08:40:30,519 [INFO] LogOutputStream:77 - [STDOUT_REDIRECT] 1 : Invalid condition id : UX_CORESTACK_Condition cause : null
2024-08-25 08:40:30,520 [INFO] LogOutputStream:77 - [STDOUT_REDIRECT] 1 : Invalid condition id : UX_CORESTACK_Condition cause : null
2024-08-25 08:40:30,521 [INFO] LogOutputStream:77 - [STDOUT_REDIRECT] 1 : Invalid condition id : UX_CORESTACK_Condition cause : null
2024-08-25 08:40:30,522 [INFO] LogOutputStream:77 - [STDOUT_REDIRECT] 1 : Invalid condition id : UX_CORESTACK_Condition cause : null
2024-08-25 08:40:30,523 [INFO] LogOutputStream:77 - [STDOUT_REDIRECT] 1 : Invalid condition id : UX_CORESTACK_Condition cause : null
2024-08-25 08:40:30,524 [WARN] PackLoader:240 - Cannot read IP mode file for STMicroelectronics.X-CUBE-AZRTOS-WL.2.0.0
2024-08-25 08:40:30,527 [WARN] PackLoader:240 - Cannot read IP mode file for STMicroelectronics.FP-SNS-MOTENV1.5.0.0
2024-08-25 08:40:30,529 [WARN] PackLoader:240 - Cannot read IP mode file for wolfSSL.I-CUBE-wolfMQTT.1.19.0
2024-08-25 08:40:30,534 [WARN] PackLoader:240 - Cannot read IP mode file for WES.I-CUBE-Cesium.1.3.0
2024-08-25 08:40:30,537 [WARN] PackLoader:240 - Cannot read IP mode file for STMicroelectronics.X-CUBE-BLE2.3.3.0
2024-08-25 08:40:30,540 [WARN] PackLoader:240 - Cannot read IP mode file for STMicroelectronics.X-CUBE-DISPLAY.2.2.0
2024-08-25 08:40:30,545 [WARN] PackLoader:240 - Cannot read IP mode file for STMicroelectronics.X-CUBE-TOF1.3.2.0
2024-08-25 08:40:30,549 [WARN] PackLoader:240 - Cannot read IP mode file for STMicroelectronics.X-CUBE-ISPU.1.0.0
2024-08-25 08:40:30,560 [WARN] PackLoader:240 - Cannot read IP mode file for STMicroelectronics.X-CUBE-AZRTOS-H7.2.1.0
2024-08-25 08:40:30,564 [WARN] PackLoader:240 - Cannot read IP mode file for STMicroelectronics.X-CUBE-TCPP.4.1.0
2024-08-25 08:40:30,567 [WARN] PackLoader:240 - Cannot read IP mode file for STMicroelectronics.X-CUBE-TOUCHGFX.4.21.1
2024-08-25 08:40:30,570 [WARN] PackLoader:240 - Cannot read IP mode file for STMicroelectronics.X-CUBE-TOUCHGFX.4.21.3
2024-08-25 08:40:30,575 [WARN] PackLoader:240 - Cannot read IP mode file for STMicroelectronics.X-CUBE-ALGOBUILD.1.3.0
2024-08-25 08:40:30,582 [WARN] PackLoader:240 - Cannot read IP mode file for STMicroelectronics.X-CUBE-AZRTOS-G0.1.1.0
2024-08-25 08:40:30,586 [WARN] PackLoader:240 - Cannot read IP mode file for STMicroelectronics.X-CUBE-SAFEA1.1.2.2
2024-08-25 08:40:30,591 [WARN] PackLoader:240 - Cannot read IP mode file for STMicroelectronics.X-CUBE-NFC4.3.0.0
2024-08-25 08:40:30,608 [WARN] PackLoader:240 - Cannot read IP mode file for SEGGER.I-CUBE-embOS.1.2.0
2024-08-25 08:40:30,627 [WARN] PackLoader:240 - Cannot read IP mode file for EmbeddedOffice.I-CUBE-FS-RTOS.1.0.1
2024-08-25 08:40:30,627 [ERROR] ConditionMgr:805 - Attr not supported : Dmpu
2024-08-25 08:40:30,627 [ERROR] ConditionMgr:805 - Attr not supported : Dmpu
2024-08-25 08:40:30,627 [ERROR] ConditionMgr:805 - Attr not supported : Dmpu
2024-08-25 08:40:30,627 [ERROR] ConditionMgr:805 - Attr not supported : Dmpu
2024-08-25 08:40:30,628 [ERROR] ConditionMgr:805 - Attr not supported : Dmpu
2024-08-25 08:40:30,628 [ERROR] ConditionMgr:805 - Attr not supported : Dmpu
2024-08-25 08:40:30,628 [ERROR] ConditionMgr:805 - Attr not supported : Dmpu
2024-08-25 08:40:30,628 [ERROR] ConditionMgr:805 - Attr not supported : Dmpu
2024-08-25 08:40:30,628 [ERROR] ConditionMgr:805 - Attr not supported : Dmpu
2024-08-25 08:40:30,628 [ERROR] ConditionMgr:805 - Attr not supported : Dmpu
2024-08-25 08:40:30,628 [ERROR] ConditionMgr:805 - Attr not supported : Dmpu
2024-08-25 08:40:30,628 [ERROR] ConditionMgr:805 - Attr not supported : Dmpu
2024-08-25 08:40:30,628 [ERROR] ConditionMgr:805 - Attr not supported : Dmpu
2024-08-25 08:40:30,628 [ERROR] ConditionMgr:805 - Attr not supported : Dmpu
2024-08-25 08:40:30,628 [ERROR] ConditionMgr:805 - Attr not supported : Dmpu
2024-08-25 08:40:30,628 [ERROR] ConditionMgr:805 - Attr not supported : Dmpu
2024-08-25 08:40:30,628 [ERROR] ConditionMgr:805 - Attr not supported : Dmpu
2024-08-25 08:40:30,628 [ERROR] ConditionMgr:805 - Attr not supported : Dmpu
2024-08-25 08:40:30,628 [ERROR] ConditionMgr:805 - Attr not supported : Dmpu
2024-08-25 08:40:30,628 [ERROR] ConditionMgr:805 - Attr not supported : Dmpu
2024-08-25 08:40:30,628 [ERROR] ConditionMgr:805 - Attr not supported : Dmpu
2024-08-25 08:40:30,628 [ERROR] ConditionMgr:805 - Attr not supported : Dmpu
2024-08-25 08:40:30,628 [ERROR] ConditionMgr:805 - Attr not supported : Dmpu
2024-08-25 08:40:30,628 [ERROR] ConditionMgr:805 - Attr not supported : Dmpu
2024-08-25 08:40:30,628 [ERROR] ConditionMgr:805 - Attr not supported : Dmpu
2024-08-25 08:40:30,628 [ERROR] ConditionMgr:805 - Attr not supported : Dmpu
2024-08-25 08:40:30,628 [ERROR] ConditionMgr:805 - Attr not supported : Dmpu
2024-08-25 08:40:30,628 [ERROR] ConditionMgr:805 - Attr not supported : Dmpu
2024-08-25 08:40:30,628 [ERROR] ConditionMgr:805 - Attr not supported : Dmpu
2024-08-25 08:40:30,628 [ERROR] ConditionMgr:805 - Attr not supported : Dmpu
2024-08-25 08:40:30,628 [ERROR] ConditionMgr:805 - Attr not supported : Dmpu
2024-08-25 08:40:30,628 [ERROR] ConditionMgr:805 - Attr not supported : Dmpu
2024-08-25 08:40:30,628 [ERROR] ConditionMgr:805 - Attr not supported : Dmpu
2024-08-25 08:40:30,628 [ERROR] ConditionMgr:805 - Attr not supported : Dmpu
2024-08-25 08:40:30,628 [ERROR] ConditionMgr:805 - Attr not supported : Dmpu
2024-08-25 08:40:30,628 [ERROR] ConditionMgr:805 - Attr not supported : Dmpu
2024-08-25 08:40:30,628 [ERROR] ConditionMgr:805 - Attr not supported : Dmpu
2024-08-25 08:40:30,628 [ERROR] ConditionMgr:805 - Attr not supported : Dmpu
2024-08-25 08:40:30,628 [ERROR] ConditionMgr:805 - Attr not supported : Dmpu
2024-08-25 08:40:30,628 [ERROR] ConditionMgr:805 - Attr not supported : Dmpu
2024-08-25 08:40:30,629 [ERROR] ConditionMgr:805 - Attr not supported : Dmpu
2024-08-25 08:40:30,629 [ERROR] ConditionMgr:805 - Attr not supported : Dmpu
2024-08-25 08:40:30,629 [ERROR] ConditionMgr:805 - Attr not supported : Dmpu
2024-08-25 08:40:30,629 [ERROR] ConditionMgr:805 - Attr not supported : Dmpu
2024-08-25 08:40:30,629 [ERROR] ConditionMgr:805 - Attr not supported : Dmpu
2024-08-25 08:40:30,629 [ERROR] ConditionMgr:805 - Attr not supported : Dmpu
2024-08-25 08:40:30,629 [ERROR] ConditionMgr:805 - Attr not supported : Dmpu
2024-08-25 08:40:30,629 [ERROR] ConditionMgr:805 - Attr not supported : Dmpu
2024-08-25 08:40:30,629 [ERROR] ConditionMgr:805 - Attr not supported : Dmpu
2024-08-25 08:40:30,629 [ERROR] ConditionMgr:805 - Attr not supported : Dmpu
2024-08-25 08:40:30,629 [ERROR] ConditionMgr:805 - Attr not supported : Dmpu
2024-08-25 08:40:30,629 [ERROR] ConditionMgr:805 - Attr not supported : Dmpu
2024-08-25 08:40:30,629 [ERROR] ConditionMgr:805 - Attr not supported : Dmpu
2024-08-25 08:40:30,629 [ERROR] ConditionMgr:805 - Attr not supported : Dmpu
2024-08-25 08:40:30,629 [ERROR] ConditionMgr:805 - Attr not supported : Dmpu
2024-08-25 08:40:30,629 [ERROR] ConditionMgr:805 - Attr not supported : Dmpu
2024-08-25 08:40:30,629 [ERROR] ConditionMgr:805 - Attr not supported : Dmpu
2024-08-25 08:40:30,629 [ERROR] ConditionMgr:805 - Attr not supported : Dmpu
2024-08-25 08:40:30,629 [ERROR] ConditionMgr:805 - Attr not supported : Dmpu
2024-08-25 08:40:30,629 [ERROR] ConditionMgr:805 - Attr not supported : Dmpu
2024-08-25 08:40:30,629 [ERROR] ConditionMgr:805 - Attr not supported : Dmpu
2024-08-25 08:40:30,629 [ERROR] ConditionMgr:805 - Attr not supported : Dmpu
2024-08-25 08:40:30,629 [ERROR] ConditionMgr:805 - Attr not supported : Dmpu
2024-08-25 08:40:30,629 [ERROR] ConditionMgr:805 - Attr not supported : Dmpu
2024-08-25 08:40:30,633 [WARN] PackLoader:240 - Cannot read IP mode file for STMicroelectronics.X-CUBE-BLEMGR.3.0.0
2024-08-25 08:40:30,637 [WARN] PackLoader:240 - Cannot read IP mode file for RealThread.X-CUBE-RT-Thread_Nano.4.1.1
2024-08-25 08:40:30,639 [WARN] PackLoader:240 - Cannot read IP mode file for STMicroelectronics.FP-ATR-SIGFOX1.3.2.0
2024-08-25 08:40:30,642 [WARN] PackLoader:240 - Cannot read IP mode file for STMicroelectronics.X-CUBE-EEPRMA1.5.1.0
2024-08-25 08:40:30,646 [WARN] PackLoader:240 - Cannot read IP mode file for emotas.I-CUBE-CANOPEN.1.1.2
2024-08-25 08:40:30,648 [WARN] PackLoader:240 - Cannot read IP mode file for STMicroelectronics.X-CUBE-TOUCHGFX.4.20.0
2024-08-25 08:40:30,663 [WARN] PackLoader:240 - Cannot read IP mode file for STMicroelectronics.X-CUBE-MEMS1.9.5.0
2024-08-25 08:40:30,759 [WARN] PackLoader:240 - Cannot read IP mode file for SEGGER.I-CUBE-embOS.1.3.1
2024-08-25 08:40:30,778 [WARN] PackLoader:240 - Cannot read IP mode file for STMicroelectronics.X-CUBE-ALGOBUILD.1.4.0
2024-08-25 08:40:30,781 [WARN] PackLoader:240 - Cannot read IP mode file for STMicroelectronics.X-CUBE-GNSS1.6.0.0
2024-08-25 08:40:30,789 [WARN] PackLoader:240 - Cannot read IP mode file for STMicroelectronics.X-CUBE-AZRTOS-F4.1.1.0
2024-08-25 08:40:30,793 [WARN] PackLoader:240 - Cannot read IP mode file for STMicroelectronics.X-CUBE-FREERTOS.1.2.0
2024-08-25 08:40:30,800 [WARN] PackLoader:240 - Cannot read IP mode file for STMicroelectronics.X-CUBE-AZRTOS-L5.2.0.0
2024-08-25 08:40:30,803 [WARN] PackLoader:240 - Cannot read IP mode file for STMicroelectronics.X-CUBE-EEPRMA1.4.2.0
2024-08-25 08:40:30,807 [WARN] PackLoader:240 - Cannot read IP mode file for STMicroelectronics.X-CUBE-NFC6.3.1.0
2024-08-25 08:40:30,810 [WARN] PackLoader:240 - Cannot read IP mode file for ITTIA_DB.I-CUBE-ITTIADB.8.8.0
2024-08-25 08:40:30,816 [WARN] PackLoader:240 - Cannot read IP mode file for STMicroelectronics.X-CUBE-BLEMGR.2.0.0
2024-08-25 08:40:30,821 [WARN] PackLoader:240 - Cannot read IP mode file for STMicroelectronics.X-CUBE-DPower.1.2.0
2024-08-25 08:40:30,825 [WARN] PackLoader:240 - Cannot read IP mode file for STMicroelectronics.X-CUBE-NFC4.2.0.4
2024-08-25 08:40:30,827 [WARN] PackLoader:240 - Cannot read IP mode file for STMicroelectronics.X-CUBE-AI.9.0.0
2024-08-25 08:40:30,834 [WARN] ConditionMgr:438 - getConditionDescription Invalid condition id : UX DEVICE CLASS RTOS Condition cause : null
2024-08-25 08:40:30,834 [WARN] ConditionMgr:438 - getConditionDescription Invalid condition id : UX DEVICE CLASS RTOS Condition cause : null
2024-08-25 08:40:30,835 [WARN] PackLoader:240 - Cannot read IP mode file for STMicroelectronics.X-CUBE-AZRTOS-H7.3.1.0
2024-08-25 08:40:30,836 [WARN] ConditionMgr:1039 - genDependencies : Invalid condition id : UX DEVICE CLASS RTOS Condition cause : null
2024-08-25 08:40:30,836 [WARN] ConditionMgr:1039 - genDependencies : Invalid condition id : UX DEVICE CLASS RTOS Condition cause : null
2024-08-25 08:40:30,837 [WARN] ConditionMgr:1039 - genDependencies : Invalid condition id : UX DEVICE CLASS RTOS Condition cause : null
2024-08-25 08:40:30,837 [WARN] ConditionMgr:1039 - genDependencies : Invalid condition id : UX DEVICE CLASS RTOS Condition cause : null
2024-08-25 08:40:30,837 [WARN] ConditionMgr:1039 - genDependencies : Invalid condition id : UX DEVICE CLASS RTOS Condition cause : null
2024-08-25 08:40:30,839 [WARN] PackLoader:240 - Cannot read IP mode file for wolfSSL.I-CUBE-wolfSSL.5.5.0
2024-08-25 08:40:30,842 [WARN] PackLoader:240 - Cannot read IP mode file for STMicroelectronics.X-CUBE-NFC7.1.0.1
2024-08-25 08:40:30,844 [WARN] PackLoader:240 - Cannot read IP mode file for STMicroelectronics.X-CUBE-NFC7.1.0.0
2024-08-25 08:40:30,846 [WARN] PackLoader:240 - Cannot read IP mode file for wolfSSL.I-CUBE-wolfTPM.3.2.0
2024-08-25 08:40:30,849 [WARN] PackLoader:240 - Cannot read IP mode file for STMicroelectronics.X-CUBE-NFC6.3.0.0
2024-08-25 08:40:30,852 [WARN] PackLoader:240 - Cannot read IP mode file for STMicroelectronics.X-CUBE-EEPRMA1.4.1.0
2024-08-25 08:40:30,855 [WARN] PackLoader:240 - Cannot read IP mode file for STMicroelectronics.X-CUBE-AI.8.1.0
2024-08-25 08:40:30,862 [WARN] ConditionMgr:438 - getConditionDescription Invalid condition id : LAN8742 Phy interface Condition cause : null
2024-08-25 08:40:30,863 [WARN] PackLoader:240 - Cannot read IP mode file for STMicroelectronics.X-CUBE-AZRTOS-L4.2.0.0
2024-08-25 08:40:30,863 [WARN] ConditionMgr:1039 - genDependencies : Invalid condition id : LAN8742 Phy interface Condition cause : null
2024-08-25 08:40:30,863 [WARN] ConditionMgr:1039 - genDependencies : Invalid condition id : LAN8742 Phy interface Condition cause : null
2024-08-25 08:40:30,864 [WARN] ConditionMgr:1039 - genDependencies : Invalid condition id : LAN8742 Phy interface Condition cause : null
2024-08-25 08:40:30,867 [WARN] PackLoader:240 - Cannot read IP mode file for STMicroelectronics.X-CUBE-SFXS2LP1.4.0.0
2024-08-25 08:40:30,879 [WARN] PackLoader:240 - Cannot read IP mode file for STMicroelectronics.X-CUBE-AZRTOS-H7.3.0.0
2024-08-25 08:40:30,883 [WARN] PackLoader:240 - Cannot read IP mode file for STMicroelectronics.X-CUBE-ISPU.1.1.0
2024-08-25 08:40:30,893 [WARN] PackLoader:240 - Cannot read IP mode file for STMicroelectronics.X-CUBE-AZRTOS-H7.3.3.0
2024-08-25 08:40:30,898 [WARN] PackLoader:240 - Cannot read IP mode file for RoweBots.I-CUBE-UNISONRTOS.5.5.0-4
2024-08-25 08:40:30,901 [WARN] PackLoader:240 - Cannot read IP mode file for STMicroelectronics.X-CUBE-AI.8.0.0
2024-08-25 08:40:30,907 [WARN] ConditionMgr:438 - getConditionDescription Invalid condition id : UX DEVICE CLASS RTOS Condition cause : null
2024-08-25 08:40:30,908 [WARN] ConditionMgr:438 - getConditionDescription Invalid condition id : UX DEVICE CLASS RTOS Condition cause : null
2024-08-25 08:40:30,908 [WARN] PackLoader:240 - Cannot read IP mode file for STMicroelectronics.X-CUBE-AZRTOS-WB.2.0.0
2024-08-25 08:40:30,909 [WARN] ConditionMgr:1039 - genDependencies : Invalid condition id : UX DEVICE CLASS RTOS Condition cause : null
2024-08-25 08:40:30,909 [WARN] ConditionMgr:1039 - genDependencies : Invalid condition id : UX DEVICE CLASS RTOS Condition cause : null
2024-08-25 08:40:30,909 [WARN] ConditionMgr:1039 - genDependencies : Invalid condition id : UX DEVICE CLASS RTOS Condition cause : null
2024-08-25 08:40:30,909 [WARN] ConditionMgr:1039 - genDependencies : Invalid condition id : UX DEVICE CLASS RTOS Condition cause : null
2024-08-25 08:40:30,909 [WARN] ConditionMgr:1039 - genDependencies : Invalid condition id : UX DEVICE CLASS RTOS Condition cause : null
2024-08-25 08:40:30,912 [WARN] PackLoader:240 - Cannot read IP mode file for STMicroelectronics.X-CUBE-FREERTOS.1.0.0
2024-08-25 08:40:30,916 [WARN] PackLoader:240 - Cannot read IP mode file for STMicroelectronics.X-CUBE-BLEMGR.1.0.0
2024-08-25 08:40:30,919 [WARN] PackLoader:240 - Cannot read IP mode file for STMicroelectronics.FP-SNS-STBOX1.2.0.0
2024-08-25 08:40:30,926 [WARN] PackLoader:240 - Cannot read IP mode file for STMicroelectronics.X-CUBE-AZRTOS-L5.1.1.0
2024-08-25 08:40:30,932 [WARN] PackLoader:240 - Cannot read IP mode file for STMicroelectronics.X-CUBE-SUBG2.5.0.0
2024-08-25 08:40:30,937 [WARN] PackLoader:240 - Cannot read IP mode file for Cesanta.I-CUBE-Mongoose.7.13.0
2024-08-25 08:40:30,941 [WARN] PackLoader:240 - Cannot read IP mode file for STMicroelectronics.X-CUBE-TOF1.3.3.1
2024-08-25 08:40:30,950 [WARN] PackLoader:240 - Cannot read IP mode file for STMicroelectronics.X-CUBE-AZRTOS-G4.2.0.0
2024-08-25 08:40:30,955 [WARN] PackLoader:240 - Cannot read IP mode file for STMicroelectronics.X-CUBE-TOF1.3.3.0
2024-08-25 08:40:30,960 [WARN] PackLoader:240 - Cannot read IP mode file for STMicroelectronics.FP-ATR-ASTRA1.1.1.1
2024-08-25 08:40:30,965 [WARN] PackLoader:240 - Cannot read IP mode file for Infineon.AIROC-Wi-Fi-Bluetooth-STM32.1.5.1
2024-08-25 08:40:30,973 [WARN] PackLoader:240 - Cannot read IP mode file for STMicroelectronics.X-CUBE-AZRTOS-G4.1.0.0
2024-08-25 08:40:30,980 [WARN] PackLoader:240 - Cannot read IP mode file for STMicroelectronics.X-CUBE-AZRTOS-L4.1.0.0
2024-08-25 08:40:30,983 [WARN] PackLoader:240 - Cannot read IP mode file for STMicroelectronics.X-CUBE-ISPU.2.0.0
2024-08-25 08:40:30,987 [WARN] PackLoader:240 - Cannot read IP mode file for STMicroelectronics.X-CUBE-ALS.1.0.2
2024-08-25 08:40:31,002 [WARN] PackLoader:240 - Cannot read IP mode file for STMicroelectronics.X-CUBE-MEMS1.10.0.0
2024-08-25 08:40:31,051 [WARN] PackLoader:240 - Cannot read IP mode file for STMicroelectronics.X-CUBE-FREERTOS.1.1.0
2024-08-25 08:40:31,053 [WARN] PackLoader:240 - Cannot read IP mode file for STMicroelectronics.X-CUBE-TOUCHGFX.4.24.0
2024-08-25 08:40:31,058 [WARN] PackLoader:240 - Cannot read IP mode file for STMicroelectronics.X-CUBE-AZRTOS-WL.1.0.0
2024-08-25 08:40:31,061 [WARN] PackLoader:240 - Cannot read IP mode file for portGmbH.I-Cube-SoM-uGOAL.1.1.0
2024-08-25 08:40:31,063 [WARN] PackLoader:240 - Cannot read IP mode file for STMicroelectronics.X-CUBE-ALS.1.0.1
2024-08-25 08:40:31,068 [WARN] PackLoader:240 - Cannot read IP mode file for STMicroelectronics.X-CUBE-AZRTOS-WB.1.1.0
2024-08-25 08:40:31,077 [WARN] PackLoader:240 - Cannot read IP mode file for STMicroelectronics.X-CUBE-AZRTOS-L5.1.0.0
2024-08-25 08:40:31,081 [WARN] PackLoader:240 - Cannot read IP mode file for STMicroelectronics.X-CUBE-EEPRMA1.3.1.1
2024-08-25 08:40:31,088 [WARN] PackLoader:240 - Cannot read IP mode file for STMicroelectronics.X-CUBE-AZRTOS-H7RS.1.0.0
2024-08-25 08:40:31,091 [WARN] PackLoader:240 - Cannot read IP mode file for STMicroelectronics.FP-ATR-ASTRA1.2.0.0
2024-08-25 08:40:31,096 [WARN] PackLoader:240 - Cannot read IP mode file for STMicroelectronics.X-CUBE-TOF1.3.4.2
2024-08-25 08:40:31,104 [WARN] PackLoader:240 - Cannot read IP mode file for wolfSSL.I-CUBE-wolfSSH.1.4.17
2024-08-25 08:40:31,104 [INFO] ThirdParty:978 - Integrity check success = true
2024-08-25 08:40:31,104 [INFO] IntegrityCheckThread:100 - exiting critical section [integrity check]
2024-08-25 08:40:31,104 [INFO] IntegrityCheckThread:103 - End integrity checks thread
2024-08-25 18:10:08,902 [INFO] WebApp:189 - Connection lost
2024-08-25 18:10:09,163 [INFO] WebApp:186 - Connection restablished
2024-08-25 18:10:09,376 [INFO] WebApp:189 - Connection lost
2024-08-25 18:10:09,568 [INFO] WebApp:186 - Connection restablished
2024-08-25 20:40:58,195 [INFO] WebApp:189 - Connection lost
2024-08-25 20:41:01,149 [INFO] WebApp:186 - Connection restablished
2024-08-25 20:41:04,438 [INFO] WebApp:189 - Connection lost
2024-08-25 20:41:04,528 [INFO] WebApp:186 - Connection restablished
2024-08-25 20:41:06,955 [INFO] WebApp:189 - Connection lost
2024-08-25 20:41:07,050 [INFO] WebApp:186 - Connection restablished
