2024-09-18 09:36:34,741 [INFO] Activator:176 - 


2024-09-18 09:36:34,763 [INFO] Activator:177 - !SESSION log4j initialized
2024-09-18 09:36:41,604 [INFO] LogOutputStream:77 - [STDOUT_REDIRECT] 
2024-09-18 09:36:47,541 [INFO] ApplicationProperties:184 - Using Application install path: C:\ST\STM32CubeIDE_1.10.1\STM32CubeIDE\plugins\com.st.stm32cube.common.mx_6.12.0.202406281431
2024-09-18 09:36:47,558 [INFO] DbMcusXml:78 - Set database path to: C:\ST\STM32CubeIDE_1.10.1\STM32CubeIDE\plugins\com.st.stm32cube.common.mx_6.12.0.202406281431\\db\/mcu/
2024-09-18 09:36:47,558 [INFO] ApiDb:274 - Set plugin database path to: C:\ST\STM32CubeIDE_1.10.1\STM32CubeIDE\plugins\com.st.stm32cube.common.mx_6.12.0.202406281431\\db\/plugins/boardmanager/
2024-09-18 09:36:47,559 [WARN] ApiDb:259 - Overriding images path with different value:  => C:\ST\STM32CubeIDE_1.10.1\STM32CubeIDE\plugins\com.st.stm32cube.common.mx_6.12.0.202406281431\\db\/plugins/mcufinder/images/
2024-09-18 09:36:47,565 [INFO] ApiDb:250 - Set database path to: C:\Users\gerdon\.stmcufinder\plugins\mcufinder//mcu/
2024-09-18 09:36:47,566 [INFO] DbMcusAds:125 - Set database path to: C:\Users\gerdon\.stmcufinder\plugins\mcufinder//mcu/
2024-09-18 09:36:47,568 [INFO] CrossReferenceDbSqlite:203 - Set database path to: C:\Users\gerdon\.stmcufinder\plugins\mcufinder//mcu/cs/
2024-09-18 09:36:47,689 [INFO] RulesReader:64 - Compatibility file has been processed (297 Rules)
2024-09-18 09:36:47,755 [INFO] DbMcusXml:78 - Set database path to: C:\ST\STM32CubeIDE_1.10.1\STM32CubeIDE\plugins\com.st.stm32cube.common.mx_6.12.0.202406281431\\db\/mcu/
2024-09-18 09:36:47,755 [INFO] ApiDb:274 - Set plugin database path to: C:\ST\STM32CubeIDE_1.10.1\STM32CubeIDE\plugins\com.st.stm32cube.common.mx_6.12.0.202406281431\\db\/plugins/boardmanager/
2024-09-18 09:36:47,755 [INFO] ApiDb:261 - Set plugin images path to: C:\ST\STM32CubeIDE_1.10.1\STM32CubeIDE\plugins\com.st.stm32cube.common.mx_6.12.0.202406281431\\db\/plugins/mcufinder/images/
2024-09-18 09:36:47,756 [WARN] DbFile:41 - Overriding database path with different value: C:\Users\gerdon\.stmcufinder\plugins\mcufinder/ => C:\Users\gerdon\.stmcufinder\plugins\mcufinder
2024-09-18 09:36:47,756 [INFO] ApiDb:250 - Set database path to: C:\Users\gerdon\.stmcufinder\plugins\mcufinder//mcu/
2024-09-18 09:36:47,756 [WARN] DbFile:41 - Overriding database path with different value: C:\Users\gerdon\.stmcufinder\plugins\mcufinder/ => C:\Users\gerdon\.stmcufinder\plugins\mcufinder
2024-09-18 09:36:47,756 [INFO] DbMcusAds:125 - Set database path to: C:\Users\gerdon\.stmcufinder\plugins\mcufinder//mcu/
2024-09-18 09:36:47,756 [WARN] DbFile:41 - Overriding database path with different value: C:\Users\gerdon\.stmcufinder\plugins\mcufinder/ => C:\Users\gerdon\.stmcufinder\plugins\mcufinder
2024-09-18 09:36:47,756 [WARN] DbFile:41 - Overriding database path with different value: C:\Users\gerdon\.stmcufinder\plugins\mcufinder/ => C:\Users\gerdon\.stmcufinder\plugins\mcufinder
2024-09-18 09:36:47,756 [INFO] CrossReferenceDbSqlite:203 - Set database path to: C:\Users\gerdon\.stmcufinder\plugins\mcufinder//mcu/cs/
2024-09-18 09:36:47,818 [INFO] MainPanel:268 - HeapMemory: 268435456
2024-09-18 09:36:47,886 [INFO] DbMcusXml:78 - Set database path to: C:\ST\STM32CubeIDE_1.10.1\STM32CubeIDE\plugins\com.st.stm32cube.common.mx_6.12.0.202406281431\\db\/mcu/
2024-09-18 09:36:47,886 [INFO] ApiDb:274 - Set plugin database path to: C:\ST\STM32CubeIDE_1.10.1\STM32CubeIDE\plugins\com.st.stm32cube.common.mx_6.12.0.202406281431\\db\/plugins/boardmanager/
2024-09-18 09:36:47,886 [INFO] ApiDb:261 - Set plugin images path to: C:\ST\STM32CubeIDE_1.10.1\STM32CubeIDE\plugins\com.st.stm32cube.common.mx_6.12.0.202406281431\\db\/plugins/mcufinder/images/
2024-09-18 09:36:47,886 [WARN] DbFile:41 - Overriding database path with different value: C:\Users\gerdon\.stmcufinder\plugins\mcufinder/ => C:\Users\gerdon\.stmcufinder\plugins\mcufinder
2024-09-18 09:36:47,886 [INFO] ApiDb:250 - Set database path to: C:\Users\gerdon\.stmcufinder\plugins\mcufinder//mcu/
2024-09-18 09:36:47,886 [WARN] DbFile:41 - Overriding database path with different value: C:\Users\gerdon\.stmcufinder\plugins\mcufinder/ => C:\Users\gerdon\.stmcufinder\plugins\mcufinder
2024-09-18 09:36:47,887 [INFO] DbMcusAds:125 - Set database path to: C:\Users\gerdon\.stmcufinder\plugins\mcufinder//mcu/
2024-09-18 09:36:47,887 [WARN] DbFile:41 - Overriding database path with different value: C:\Users\gerdon\.stmcufinder\plugins\mcufinder/ => C:\Users\gerdon\.stmcufinder\plugins\mcufinder
2024-09-18 09:36:47,887 [WARN] DbFile:41 - Overriding database path with different value: C:\Users\gerdon\.stmcufinder\plugins\mcufinder/ => C:\Users\gerdon\.stmcufinder\plugins\mcufinder
2024-09-18 09:36:47,887 [INFO] CrossReferenceDbSqlite:203 - Set database path to: C:\Users\gerdon\.stmcufinder\plugins\mcufinder//mcu/cs/
2024-09-18 09:36:47,900 [INFO] ApplicationProperties:184 - Using Application install path: C:\ST\STM32CubeIDE_1.10.1\STM32CubeIDE\plugins\com.st.stm32cube.common.mx_6.12.0.202406281431
2024-09-18 09:36:47,900 [INFO] PluginManage:196 - Search for loadable plugins [exclusion list=, ]
2024-09-18 09:36:47,901 [INFO] PluginManage:310 - Check plugin analytics
2024-09-18 09:36:48,072 [INFO] AnalyticsPlugin:253 - Accepted Software Licenses: STM32CubeMX.6.9.2
2024-09-18 09:36:48,072 [INFO] AnalyticsPlugin:255 - Accepted CMSIS Pack Licenses: 
2024-09-18 09:36:48,072 [INFO] AnalyticsPlugin:257 - Accepted Firmware Licenses: 
2024-09-18 09:36:48,074 [INFO] PluginManage:359 - Loaded plugin analytics (category:tool,tabindex:-1)
2024-09-18 09:36:48,074 [INFO] PluginManage:310 - Check plugin cadmodel
2024-09-18 09:36:48,080 [INFO] CADModel:105 - Init CAD model plugin
2024-09-18 09:36:48,080 [INFO] PluginManage:359 - Loaded plugin cadmodel (category:power,tabindex:5)
2024-09-18 09:36:48,081 [INFO] PluginManage:310 - Check plugin clock
2024-09-18 09:36:48,092 [INFO] PluginManage:359 - Loaded plugin clock (category:base,tabindex:2)
2024-09-18 09:36:48,092 [INFO] PluginManage:310 - Check plugin ddr
2024-09-18 09:36:48,096 [INFO] PluginManage:359 - Loaded plugin ddr (category:tool,tabindex:6)
2024-09-18 09:36:48,097 [INFO] PluginManage:310 - Check plugin filemanager
2024-09-18 09:36:48,214 [INFO] PluginManage:359 - Loaded plugin filemanager (category:base,tabindex:10)
2024-09-18 09:36:48,214 [INFO] PluginManage:310 - Check plugin ipmanager
2024-09-18 09:36:48,219 [INFO] PluginManage:359 - Loaded plugin ipmanager (category:base,tabindex:5)
2024-09-18 09:36:48,219 [INFO] PluginManage:310 - Check plugin lpbam
2024-09-18 09:36:48,227 [INFO] PluginManage:359 - Loaded plugin lpbam (category:base,tabindex:0)
2024-09-18 09:36:48,227 [INFO] PluginManage:310 - Check plugin memorymap
2024-09-18 09:36:48,244 [INFO] PluginManage:359 - Loaded plugin memorymap (category:base,tabindex:4)
2024-09-18 09:36:48,244 [INFO] PluginManage:310 - Check plugin pinoutandconfiguration
2024-09-18 09:36:48,251 [INFO] PluginManage:359 - Loaded plugin pinoutandconfiguration (category:base,tabindex:1)
2024-09-18 09:36:48,251 [INFO] PluginManage:310 - Check plugin pinoutconfig
2024-09-18 09:36:48,345 [WARN] SupportedApi:132 - Cannot load RTOS API schema: s4s-elt-must-match.1: The content of 'definitions' must match (annotation?, (simpleType | complexType)?, (unique | key | keyref)*)). A problem was found starting at: attribute.
2024-09-18 09:36:48,488 [INFO] PluginManage:359 - Loaded plugin pinoutconfig (category:base,tabindex:0)
2024-09-18 09:36:48,488 [INFO] PluginManage:310 - Check plugin power
2024-09-18 09:36:48,496 [INFO] PluginManage:359 - Loaded plugin power (category:power,tabindex:4)
2024-09-18 09:36:48,496 [INFO] PluginManage:310 - Check plugin projectmanager
2024-09-18 09:36:48,508 [INFO] PluginManage:359 - Loaded plugin projectmanager (category:projectmanager,tabindex:4)
2024-09-18 09:36:48,508 [INFO] PluginManage:310 - Check plugin rif
2024-09-18 09:36:48,513 [INFO] PluginManage:359 - Loaded plugin rif (category:base,tabindex:3)
2024-09-18 09:36:48,513 [INFO] PluginManage:310 - Check plugin thirdparty
2024-09-18 09:36:48,613 [WARN] IntegrityCheckThread:84 - waiting for thirdparty lock release [integrity check]
2024-09-18 09:36:48,613 [INFO] PluginManage:359 - Loaded plugin thirdparty (category:base,tabindex:-1)
2024-09-18 09:36:48,613 [INFO] IntegrityCheckThread:86 - entering critical section [integrity check]
2024-09-18 09:36:48,613 [INFO] PluginManage:310 - Check plugin tools
2024-09-18 09:36:48,613 [INFO] ThirdPartyUpdaterWithRetryManager:70 - Updater plugin not ready yet. [1/15]
2024-09-18 09:36:48,616 [INFO] PluginManage:359 - Loaded plugin tools (category:base,tabindex:7)
2024-09-18 09:36:48,616 [INFO] PluginManage:310 - Check plugin tutovideos
2024-09-18 09:36:48,776 [INFO] PluginManage:359 - Loaded plugin tutovideos (category:base,tabindex:-1)
2024-09-18 09:36:48,776 [INFO] PluginManage:310 - Check plugin updater
2024-09-18 09:36:48,790 [INFO] PluginManage:359 - Loaded plugin updater (category:base,tabindex:12)
2024-09-18 09:36:48,790 [INFO] PluginManage:310 - Check plugin userauth
2024-09-18 09:36:48,795 [INFO] UserAuth:113 - Init User Auth plugin
2024-09-18 09:36:48,795 [INFO] PluginManage:359 - Loaded plugin userauth (category:base,tabindex:14)
2024-09-18 09:36:48,795 [INFO] PluginManage:283 - PluginManage : Loaded plugins [18]
2024-09-18 09:36:48,947 [INFO] PinOutPanel:1561 - setPackage(No Configuration,No Configuration)
2024-09-18 09:36:49,004 [INFO] CADModel:165 - CPN selected for project level
2024-09-18 09:36:49,004 [INFO] CADModel:114 - Register for checkConnection events
2024-09-18 09:36:49,016 [INFO] IPUIPlugin:80 - create IPUIPlugin
2024-09-18 09:36:49,017 [INFO] PluginManager:220 - loadIPPluginJar : add adc
2024-09-18 09:36:49,019 [INFO] IPUIPlugin:80 - create IPUIPlugin
2024-09-18 09:36:49,019 [INFO] PluginManager:220 - loadIPPluginJar : add aes
2024-09-18 09:36:49,021 [INFO] IPUIPlugin:80 - create IPUIPlugin
2024-09-18 09:36:49,021 [INFO] PluginManager:220 - loadIPPluginJar : add can
2024-09-18 09:36:49,022 [INFO] IPUIPlugin:80 - create IPUIPlugin
2024-09-18 09:36:49,022 [INFO] PluginManager:220 - loadIPPluginJar : add comp
2024-09-18 09:36:49,024 [INFO] IPUIPlugin:80 - create IPUIPlugin
2024-09-18 09:36:49,024 [INFO] PluginManager:220 - loadIPPluginJar : add cryp
2024-09-18 09:36:49,026 [INFO] IPUIPlugin:80 - create IPUIPlugin
2024-09-18 09:36:49,026 [INFO] PluginManager:220 - loadIPPluginJar : add ddr_ctrl_phy
2024-09-18 09:36:49,028 [INFO] IPUIPlugin:80 - create IPUIPlugin
2024-09-18 09:36:49,028 [INFO] PluginManager:220 - loadIPPluginJar : add dfsdm
2024-09-18 09:36:49,030 [INFO] IPUIPlugin:80 - create IPUIPlugin
2024-09-18 09:36:49,031 [INFO] PluginManager:220 - loadIPPluginJar : add dma
2024-09-18 09:36:49,033 [INFO] IPUIPlugin:80 - create IPUIPlugin
2024-09-18 09:36:49,033 [INFO] PluginManager:220 - loadIPPluginJar : add dma3
2024-09-18 09:36:49,035 [INFO] IPUIPlugin:80 - create IPUIPlugin
2024-09-18 09:36:49,035 [INFO] PluginManager:220 - loadIPPluginJar : add extmemmanager
2024-09-18 09:36:49,036 [INFO] IPUIPlugin:80 - create IPUIPlugin
2024-09-18 09:36:49,036 [INFO] PluginManager:220 - loadIPPluginJar : add fatfs
2024-09-18 09:36:49,039 [INFO] IPUIPlugin:80 - create IPUIPlugin
2024-09-18 09:36:49,039 [INFO] PluginManager:220 - loadIPPluginJar : add fmc
2024-09-18 09:36:49,043 [INFO] IPUIPlugin:80 - create IPUIPlugin
2024-09-18 09:36:49,043 [INFO] PluginManager:220 - loadIPPluginJar : add freertos
2024-09-18 09:36:49,044 [INFO] IPUIPlugin:80 - create IPUIPlugin
2024-09-18 09:36:49,044 [INFO] PluginManager:220 - loadIPPluginJar : add genericplugin
2024-09-18 09:36:49,045 [INFO] IPUIPlugin:80 - create IPUIPlugin
2024-09-18 09:36:49,045 [INFO] PluginManager:220 - loadIPPluginJar : add gfxmmu
2024-09-18 09:36:49,049 [INFO] IPUIPlugin:80 - create IPUIPlugin
2024-09-18 09:36:49,049 [INFO] PluginManager:220 - loadIPPluginJar : add gic
2024-09-18 09:36:49,051 [INFO] IPUIPlugin:80 - create IPUIPlugin
2024-09-18 09:36:49,051 [INFO] PluginManager:220 - loadIPPluginJar : add gpio
2024-09-18 09:36:49,054 [INFO] IPUIPlugin:80 - create IPUIPlugin
2024-09-18 09:36:49,054 [INFO] PluginManager:220 - loadIPPluginJar : add gtzc
2024-09-18 09:36:49,056 [INFO] IPUIPlugin:80 - create IPUIPlugin
2024-09-18 09:36:49,056 [INFO] PluginManager:220 - loadIPPluginJar : add hash
2024-09-18 09:36:49,060 [INFO] IPUIPlugin:80 - create IPUIPlugin
2024-09-18 09:36:49,060 [INFO] PluginManager:220 - loadIPPluginJar : add i2c
2024-09-18 09:36:49,062 [INFO] IPUIPlugin:80 - create IPUIPlugin
2024-09-18 09:36:49,062 [INFO] PluginManager:220 - loadIPPluginJar : add i2s
2024-09-18 09:36:49,065 [INFO] IPUIPlugin:80 - create IPUIPlugin
2024-09-18 09:36:49,065 [INFO] PluginManager:220 - loadIPPluginJar : add i3c
2024-09-18 09:36:49,068 [INFO] IPUIPlugin:80 - create IPUIPlugin
2024-09-18 09:36:49,068 [INFO] PluginManager:220 - loadIPPluginJar : add ipddr
2024-09-18 09:36:49,073 [INFO] IPUIPlugin:80 - create IPUIPlugin
2024-09-18 09:36:49,073 [INFO] PluginManager:220 - loadIPPluginJar : add linkedlist
2024-09-18 09:36:49,075 [INFO] IPUIPlugin:80 - create IPUIPlugin
2024-09-18 09:36:49,076 [INFO] PluginManager:220 - loadIPPluginJar : add lorawan
2024-09-18 09:36:49,077 [INFO] IPUIPlugin:80 - create IPUIPlugin
2024-09-18 09:36:49,077 [INFO] PluginManager:220 - loadIPPluginJar : add ltdc
2024-09-18 09:36:49,080 [INFO] IPUIPlugin:80 - create IPUIPlugin
2024-09-18 09:36:49,081 [INFO] PluginManager:220 - loadIPPluginJar : add mdma
2024-09-18 09:36:49,084 [INFO] IPUIPlugin:80 - create IPUIPlugin
2024-09-18 09:36:49,084 [INFO] PluginManager:220 - loadIPPluginJar : add nvic
2024-09-18 09:36:49,087 [INFO] IPUIPlugin:80 - create IPUIPlugin
2024-09-18 09:36:49,087 [INFO] PluginManager:220 - loadIPPluginJar : add opamp
2024-09-18 09:36:49,089 [INFO] IPUIPlugin:80 - create IPUIPlugin
2024-09-18 09:36:49,089 [INFO] PluginManager:220 - loadIPPluginJar : add openamp
2024-09-18 09:36:49,091 [INFO] IPUIPlugin:80 - create IPUIPlugin
2024-09-18 09:36:49,091 [INFO] PluginManager:220 - loadIPPluginJar : add pdm2pcm
2024-09-18 09:36:49,094 [INFO] IPUIPlugin:80 - create IPUIPlugin
2024-09-18 09:36:49,096 [INFO] PluginManager:220 - loadIPPluginJar : add plateformsettings
2024-09-18 09:36:49,097 [INFO] IPUIPlugin:80 - create IPUIPlugin
2024-09-18 09:36:49,097 [INFO] PluginManager:220 - loadIPPluginJar : add quadspi
2024-09-18 09:36:49,098 [INFO] IPUIPlugin:80 - create IPUIPlugin
2024-09-18 09:36:49,099 [INFO] PluginManager:220 - loadIPPluginJar : add radio
2024-09-18 09:36:49,105 [INFO] IPUIPlugin:80 - create IPUIPlugin
2024-09-18 09:36:49,105 [INFO] PluginManager:220 - loadIPPluginJar : add resmgrutility
2024-09-18 09:36:49,107 [INFO] IPUIPlugin:80 - create IPUIPlugin
2024-09-18 09:36:49,107 [INFO] PluginManager:220 - loadIPPluginJar : add sai
2024-09-18 09:36:49,109 [INFO] IPUIPlugin:80 - create IPUIPlugin
2024-09-18 09:36:49,109 [INFO] PluginManager:220 - loadIPPluginJar : add spi
2024-09-18 09:36:49,111 [INFO] IPUIPlugin:80 - create IPUIPlugin
2024-09-18 09:36:49,111 [INFO] PluginManager:220 - loadIPPluginJar : add stm32_wpan
2024-09-18 09:36:49,112 [INFO] IPUIPlugin:80 - create IPUIPlugin
2024-09-18 09:36:49,112 [INFO] PluginManager:220 - loadIPPluginJar : add tim
2024-09-18 09:36:49,115 [INFO] IPUIPlugin:80 - create IPUIPlugin
2024-09-18 09:36:49,115 [INFO] PluginManager:220 - loadIPPluginJar : add touchsensing
2024-09-18 09:36:49,116 [INFO] IPUIPlugin:80 - create IPUIPlugin
2024-09-18 09:36:49,116 [INFO] PluginManager:220 - loadIPPluginJar : add tracer_emb
2024-09-18 09:36:49,118 [INFO] IPUIPlugin:80 - create IPUIPlugin
2024-09-18 09:36:49,118 [INFO] PluginManager:220 - loadIPPluginJar : add ts
2024-09-18 09:36:49,119 [INFO] IPUIPlugin:80 - create IPUIPlugin
2024-09-18 09:36:49,119 [INFO] PluginManager:220 - loadIPPluginJar : add tsc
2024-09-18 09:36:49,120 [INFO] IPUIPlugin:80 - create IPUIPlugin
2024-09-18 09:36:49,120 [INFO] PluginManager:220 - loadIPPluginJar : add ucpd
2024-09-18 09:36:49,122 [INFO] IPUIPlugin:80 - create IPUIPlugin
2024-09-18 09:36:49,122 [INFO] PluginManager:220 - loadIPPluginJar : add usart
2024-09-18 09:36:49,124 [INFO] IPUIPlugin:80 - create IPUIPlugin
2024-09-18 09:36:49,124 [INFO] PluginManager:220 - loadIPPluginJar : add usbx
2024-09-18 09:36:49,233 [INFO] CADModel:165 - CPN selected for project level
2024-09-18 09:36:49,233 [INFO] CADModel:114 - Register for checkConnection events
2024-09-18 09:36:49,234 [FATAL] Updater:334 - Updater called before beeing initialized
2024-09-18 09:36:49,234 [ERROR] CADModel:125 - Updater not yet initialized, retry later 
2024-09-18 09:36:49,329 [INFO] CADModel:165 - CPN selected for project level
2024-09-18 09:36:49,329 [INFO] CADModel:114 - Register for checkConnection events
2024-09-18 09:36:49,329 [FATAL] Updater:334 - Updater called before beeing initialized
2024-09-18 09:36:49,329 [ERROR] CADModel:125 - Updater not yet initialized, retry later 
2024-09-18 09:36:49,331 [FATAL] Updater:334 - Updater called before beeing initialized
2024-09-18 09:36:49,405 [FATAL] Updater:334 - Updater called before beeing initialized
2024-09-18 09:36:49,409 [INFO] DbMcusAds:53 - JSON generation date=Thu May 16 10:22:00 IST 2024 (1715851320667)
2024-09-18 09:36:49,409 [FATAL] Updater:334 - Updater called before beeing initialized
2024-09-18 09:36:49,437 [WARN] DetailPanel:346 - Failed to get advertising image, set to default
2024-09-18 09:36:49,504 [FATAL] Updater:334 - Updater called before beeing initialized
2024-09-18 09:36:49,506 [FATAL] Updater:334 - Updater called before beeing initialized
2024-09-18 09:36:49,506 [FATAL] Updater:334 - Updater called before beeing initialized
2024-09-18 09:36:49,506 [WARN] DetailPanel:346 - Failed to get advertising image, set to default
2024-09-18 09:36:49,507 [FATAL] Updater:334 - Updater called before beeing initialized
2024-09-18 09:36:49,549 [ERROR] Updater:1164 - MainUpdater not yet initialized. External WinMGr cannot be set.
2024-09-18 09:36:49,550 [INFO] Updater:1100 - Updater Version found : 6.12.0
2024-09-18 09:36:49,565 [INFO] ApplicationProperties:184 - Using Application install path: C:\ST\STM32CubeIDE_1.10.1\STM32CubeIDE\plugins\com.st.stm32cube.common.mx_6.12.0.202406281431
2024-09-18 09:36:49,852 [INFO] MainUpdater:2873 - connection check result : 10
2024-09-18 09:36:49,852 [INFO] MainUpdater:3567 - Updater definition file requires update
2024-09-18 09:36:49,852 [INFO] MainUpdater:290 - Updater Check For Update Now.
2024-09-18 09:36:49,853 [INFO] MicroXplorer:498 - Change Database Version : DB.6.0.120
2024-09-18 09:36:49,861 [INFO] McuFinderGlobals:63 - Set McuFinder mode to 2 (CubeIDE integrated)
2024-09-18 09:36:49,861 [INFO] UserAuth:179 - activating auth plugin
2024-09-18 09:36:49,863 [INFO] UserAuth:417 - Internet connection configuration mode: 1
2024-09-18 09:36:49,878 [INFO] JxBrowserEngine:152 - Initiate JxBrowser Engine with user profile folder
2024-09-18 09:36:49,933 [INFO] ServerAccessManage:473 - Download File updaters.zip
2024-09-18 09:36:50,001 [INFO] FileExtend:240 - Unzip File : updaters.zip
2024-09-18 09:36:50,001 [INFO] FileExtend:255 - Standard Zip Deflate
2024-09-18 09:36:50,278 [INFO] ServerAccessManage:473 - Download File PacksControlFlags.xml
2024-09-18 09:36:50,356 [INFO] ServerAccessManage:473 - Download File cubemx.pidx
2024-09-18 09:36:50,727 [INFO] ServerAccessManage:473 - Download File STMicroelectronics.X-CUBE-GNSS1.pdsc
2024-09-18 09:36:50,881 [INFO] WebApp:167 - Instantiating new browser for Auth
2024-09-18 09:36:51,406 [ERROR] ServerAccessManage:1089 - Problem, file not found on Server
2024-09-18 09:36:51,517 [ERROR] ServerAccessManage:1089 - Problem, file not found on Server
2024-09-18 09:36:51,543 [INFO] WebApp:448 - Apply proxy settings
2024-09-18 09:36:51,544 [INFO] WebApp:533 - Chromium requires no authentication
2024-09-18 09:36:51,557 [INFO] WebApp:476 - Direct internet connection detected
2024-09-18 09:36:51,587 [INFO] WebApp:869 - Register for checkConnection events
2024-09-18 09:36:51,587 [INFO] WebApp:448 - Apply proxy settings
2024-09-18 09:36:51,587 [INFO] WebApp:533 - Chromium requires no authentication
2024-09-18 09:36:51,587 [INFO] WebApp:476 - Direct internet connection detected
2024-09-18 09:36:51,599 [ERROR] ServerAccessManage:1089 - Problem, file not found on Server
2024-09-18 09:36:51,616 [WARN] MainUpdater:1194 - Updater busy. Cannot search thirdparties
2024-09-18 09:36:51,616 [INFO] ThirdPartyUpdaterWithRetryManager:96 - Updater plugin is busy. [1/15]
2024-09-18 09:36:51,693 [INFO] WebApp:186 - Connection restablished
2024-09-18 09:36:51,721 [ERROR] ServerAccessManage:1089 - Problem, file not found on Server
2024-09-18 09:36:51,815 [INFO] WebApp:220 - Starting web application
2024-09-18 09:36:51,815 [INFO] WebApp:578 - Web application path used C:\ST\STM32CubeIDE_1.10.1\STM32CubeIDE\plugins\com.st.stm32cube.common.mx_6.12.0.202406281431\db\plugins\mcufinder\reactClient1\index.html
2024-09-18 09:36:51,859 [ERROR] ServerAccessManage:1089 - Problem, file not found on Server
2024-09-18 09:36:51,942 [ERROR] ServerAccessManage:1089 - Problem, file not found on Server
2024-09-18 09:36:52,006 [INFO] ServerAccessManage:473 - Download File STMicroelectronics.X-CUBE-ISPU.pdsc
2024-09-18 09:36:52,650 [WARN] PackLoader:240 - Cannot read IP mode file for STMicroelectronics.X-CUBE-GNSS1.7.0.0
2024-09-18 09:36:52,654 [WARN] PackLoader:240 - Cannot read IP mode file for STMicroelectronics.X-CUBE-ISPU.2.1.0
2024-09-18 09:36:52,655 [INFO] PopulateThirdPartyThread:66 - Ending populate Thread
2024-09-18 09:36:52,656 [INFO] ThirdParty:1030 - CMSIS Pack Vendor :STMicroelectronics X-CUBE-GNSS1 7.0.0
2024-09-18 09:36:52,656 [INFO] ThirdParty:1030 - CMSIS Pack Vendor :STMicroelectronics X-CUBE-ISPU 2.1.0
2024-09-18 09:36:52,657 [INFO] LoadServerUpdatesThread:375 - End of LoadServerUpdate Thread
2024-09-18 09:36:52,732 [INFO] CheckServerUpdateThread:120 - End of CheckServer Thread
2024-09-18 09:36:54,742 [WARN] PackLoader:240 - Cannot read IP mode file for STMicroelectronics.FP-SNS-MOTENVWB1.1.4.0
2024-09-18 09:36:54,748 [WARN] PackLoader:240 - Cannot read IP mode file for STMicroelectronics.X-CUBE-SMBUS.2.1.0
2024-09-18 09:36:54,762 [WARN] PackLoader:240 - Cannot read IP mode file for STMicroelectronics.X-CUBE-AZRTOS-F7.1.1.0
2024-09-18 09:36:54,768 [WARN] PackLoader:240 - Cannot read IP mode file for STMicroelectronics.FP-SNS-MOTENV1.4.3.2
2024-09-18 09:36:54,773 [WARN] PackLoader:240 - Cannot read IP mode file for STMicroelectronics.X-CUBE-BLE1.6.2.3
2024-09-18 09:36:54,805 [WARN] PackLoader:240 - Cannot read IP mode file for STMicroelectronics.X-CUBE-MEMS1.11.0.0
2024-09-18 09:36:54,894 [WARN] PackLoader:240 - Cannot read IP mode file for STMicroelectronics.X-CUBE-BLE1.6.2.4
2024-09-18 09:36:54,896 [WARN] PackLoader:240 - Cannot read IP mode file for STMicroelectronics.FP-SNS-FLIGHT1.5.0.2
2024-09-18 09:36:54,901 [WARN] PackLoader:240 - Cannot read IP mode file for STMicroelectronics.X-CUBE-TOF1.3.1.0
2024-09-18 09:36:54,907 [WARN] PackLoader:240 - Cannot read IP mode file for STMicroelectronics.X-CUBE-DISPLAY.3.0.0
2024-09-18 09:36:54,911 [WARN] PackLoader:240 - Cannot read IP mode file for STMicroelectronics.X-CUBE-BLE1.7.0.0
2024-09-18 09:36:54,914 [WARN] PackLoader:240 - Cannot read IP mode file for STMicroelectronics.X-CUBE-TOUCHGFX.4.22.1
2024-09-18 09:36:54,930 [WARN] PackLoader:240 - Cannot read IP mode file for STMicroelectronics.X-CUBE-MEMS1.9.3.0
2024-09-18 09:36:54,987 [WARN] PackLoader:240 - Cannot read IP mode file for STMicroelectronics.X-CUBE-AI.7.2.0
2024-09-18 09:36:54,994 [WARN] PackLoader:240 - Cannot read IP mode file for STMicroelectronics.X-CUBE-BLEMGR.3.1.0
2024-09-18 09:36:54,998 [WARN] PackLoader:240 - Cannot read IP mode file for STMicroelectronics.FP-SNS-SMARTAG2.1.2.0
2024-09-18 09:36:55,004 [INFO] LogOutputStream:77 - [STDOUT_REDIRECT] 1 : Invalid condition id : UX_CORESTACK_Condition cause : null
2024-09-18 09:36:55,004 [INFO] LogOutputStream:77 - [STDOUT_REDIRECT] 1 : Invalid condition id : UX_CORESTACK_Condition cause : null
2024-09-18 09:36:55,005 [INFO] LogOutputStream:77 - [STDOUT_REDIRECT] 1 : Invalid condition id : UX_CORESTACK_Condition cause : null
2024-09-18 09:36:55,006 [INFO] LogOutputStream:77 - [STDOUT_REDIRECT] 1 : Invalid condition id : UX_CORESTACK_Condition cause : null
2024-09-18 09:36:55,008 [INFO] LogOutputStream:77 - [STDOUT_REDIRECT] 1 : Invalid condition id : UX_CORESTACK_Condition cause : null
2024-09-18 09:36:55,009 [WARN] PackLoader:240 - Cannot read IP mode file for STMicroelectronics.X-CUBE-AZRTOS-WL.2.0.0
2024-09-18 09:36:55,012 [WARN] PackLoader:240 - Cannot read IP mode file for STMicroelectronics.FP-SNS-MOTENV1.5.0.0
2024-09-18 09:36:55,016 [WARN] PackLoader:240 - Cannot read IP mode file for wolfSSL.I-CUBE-wolfMQTT.1.19.0
2024-09-18 09:36:55,021 [WARN] PackLoader:240 - Cannot read IP mode file for WES.I-CUBE-Cesium.1.3.0
2024-09-18 09:36:55,025 [WARN] PackLoader:240 - Cannot read IP mode file for STMicroelectronics.X-CUBE-BLE2.3.3.0
2024-09-18 09:36:55,029 [WARN] PackLoader:240 - Cannot read IP mode file for STMicroelectronics.X-CUBE-DISPLAY.2.2.0
2024-09-18 09:36:55,035 [WARN] PackLoader:240 - Cannot read IP mode file for STMicroelectronics.X-CUBE-TOF1.3.2.0
2024-09-18 09:36:55,040 [WARN] PackLoader:240 - Cannot read IP mode file for STMicroelectronics.X-CUBE-ISPU.1.0.0
2024-09-18 09:36:55,049 [WARN] PackLoader:240 - Cannot read IP mode file for STMicroelectronics.X-CUBE-AZRTOS-H7.2.1.0
2024-09-18 09:36:55,053 [WARN] PackLoader:240 - Cannot read IP mode file for STMicroelectronics.X-CUBE-TCPP.4.1.0
2024-09-18 09:36:55,056 [WARN] PackLoader:240 - Cannot read IP mode file for STMicroelectronics.X-CUBE-TOUCHGFX.4.21.1
2024-09-18 09:36:55,059 [WARN] PackLoader:240 - Cannot read IP mode file for STMicroelectronics.X-CUBE-TOUCHGFX.4.21.3
2024-09-18 09:36:55,063 [WARN] PackLoader:240 - Cannot read IP mode file for STMicroelectronics.X-CUBE-ALGOBUILD.1.3.0
2024-09-18 09:36:55,070 [WARN] PackLoader:240 - Cannot read IP mode file for STMicroelectronics.X-CUBE-AZRTOS-G0.1.1.0
2024-09-18 09:36:55,074 [WARN] PackLoader:240 - Cannot read IP mode file for STMicroelectronics.X-CUBE-SAFEA1.1.2.2
2024-09-18 09:36:55,078 [WARN] PackLoader:240 - Cannot read IP mode file for STMicroelectronics.X-CUBE-NFC4.3.0.0
2024-09-18 09:36:55,097 [WARN] PackLoader:240 - Cannot read IP mode file for SEGGER.I-CUBE-embOS.1.2.0
2024-09-18 09:36:55,122 [WARN] PackLoader:240 - Cannot read IP mode file for EmbeddedOffice.I-CUBE-FS-RTOS.1.0.1
2024-09-18 09:36:55,122 [ERROR] ConditionMgr:805 - Attr not supported : Dmpu
2024-09-18 09:36:55,122 [ERROR] ConditionMgr:805 - Attr not supported : Dmpu
2024-09-18 09:36:55,122 [ERROR] ConditionMgr:805 - Attr not supported : Dmpu
2024-09-18 09:36:55,122 [ERROR] ConditionMgr:805 - Attr not supported : Dmpu
2024-09-18 09:36:55,122 [ERROR] ConditionMgr:805 - Attr not supported : Dmpu
2024-09-18 09:36:55,122 [ERROR] ConditionMgr:805 - Attr not supported : Dmpu
2024-09-18 09:36:55,122 [ERROR] ConditionMgr:805 - Attr not supported : Dmpu
2024-09-18 09:36:55,123 [ERROR] ConditionMgr:805 - Attr not supported : Dmpu
2024-09-18 09:36:55,123 [ERROR] ConditionMgr:805 - Attr not supported : Dmpu
2024-09-18 09:36:55,123 [ERROR] ConditionMgr:805 - Attr not supported : Dmpu
2024-09-18 09:36:55,123 [ERROR] ConditionMgr:805 - Attr not supported : Dmpu
2024-09-18 09:36:55,123 [ERROR] ConditionMgr:805 - Attr not supported : Dmpu
2024-09-18 09:36:55,123 [ERROR] ConditionMgr:805 - Attr not supported : Dmpu
2024-09-18 09:36:55,123 [ERROR] ConditionMgr:805 - Attr not supported : Dmpu
2024-09-18 09:36:55,123 [ERROR] ConditionMgr:805 - Attr not supported : Dmpu
2024-09-18 09:36:55,123 [ERROR] ConditionMgr:805 - Attr not supported : Dmpu
2024-09-18 09:36:55,123 [ERROR] ConditionMgr:805 - Attr not supported : Dmpu
2024-09-18 09:36:55,123 [ERROR] ConditionMgr:805 - Attr not supported : Dmpu
2024-09-18 09:36:55,123 [ERROR] ConditionMgr:805 - Attr not supported : Dmpu
2024-09-18 09:36:55,123 [ERROR] ConditionMgr:805 - Attr not supported : Dmpu
2024-09-18 09:36:55,123 [ERROR] ConditionMgr:805 - Attr not supported : Dmpu
2024-09-18 09:36:55,124 [ERROR] ConditionMgr:805 - Attr not supported : Dmpu
2024-09-18 09:36:55,124 [ERROR] ConditionMgr:805 - Attr not supported : Dmpu
2024-09-18 09:36:55,124 [ERROR] ConditionMgr:805 - Attr not supported : Dmpu
2024-09-18 09:36:55,124 [ERROR] ConditionMgr:805 - Attr not supported : Dmpu
2024-09-18 09:36:55,124 [ERROR] ConditionMgr:805 - Attr not supported : Dmpu
2024-09-18 09:36:55,124 [ERROR] ConditionMgr:805 - Attr not supported : Dmpu
2024-09-18 09:36:55,124 [ERROR] ConditionMgr:805 - Attr not supported : Dmpu
2024-09-18 09:36:55,124 [ERROR] ConditionMgr:805 - Attr not supported : Dmpu
2024-09-18 09:36:55,124 [ERROR] ConditionMgr:805 - Attr not supported : Dmpu
2024-09-18 09:36:55,124 [ERROR] ConditionMgr:805 - Attr not supported : Dmpu
2024-09-18 09:36:55,124 [ERROR] ConditionMgr:805 - Attr not supported : Dmpu
2024-09-18 09:36:55,124 [ERROR] ConditionMgr:805 - Attr not supported : Dmpu
2024-09-18 09:36:55,124 [ERROR] ConditionMgr:805 - Attr not supported : Dmpu
2024-09-18 09:36:55,124 [ERROR] ConditionMgr:805 - Attr not supported : Dmpu
2024-09-18 09:36:55,124 [ERROR] ConditionMgr:805 - Attr not supported : Dmpu
2024-09-18 09:36:55,124 [ERROR] ConditionMgr:805 - Attr not supported : Dmpu
2024-09-18 09:36:55,125 [ERROR] ConditionMgr:805 - Attr not supported : Dmpu
2024-09-18 09:36:55,125 [ERROR] ConditionMgr:805 - Attr not supported : Dmpu
2024-09-18 09:36:55,125 [ERROR] ConditionMgr:805 - Attr not supported : Dmpu
2024-09-18 09:36:55,125 [ERROR] ConditionMgr:805 - Attr not supported : Dmpu
2024-09-18 09:36:55,125 [ERROR] ConditionMgr:805 - Attr not supported : Dmpu
2024-09-18 09:36:55,125 [ERROR] ConditionMgr:805 - Attr not supported : Dmpu
2024-09-18 09:36:55,125 [ERROR] ConditionMgr:805 - Attr not supported : Dmpu
2024-09-18 09:36:55,125 [ERROR] ConditionMgr:805 - Attr not supported : Dmpu
2024-09-18 09:36:55,125 [ERROR] ConditionMgr:805 - Attr not supported : Dmpu
2024-09-18 09:36:55,125 [ERROR] ConditionMgr:805 - Attr not supported : Dmpu
2024-09-18 09:36:55,125 [ERROR] ConditionMgr:805 - Attr not supported : Dmpu
2024-09-18 09:36:55,125 [ERROR] ConditionMgr:805 - Attr not supported : Dmpu
2024-09-18 09:36:55,125 [ERROR] ConditionMgr:805 - Attr not supported : Dmpu
2024-09-18 09:36:55,125 [ERROR] ConditionMgr:805 - Attr not supported : Dmpu
2024-09-18 09:36:55,125 [ERROR] ConditionMgr:805 - Attr not supported : Dmpu
2024-09-18 09:36:55,125 [ERROR] ConditionMgr:805 - Attr not supported : Dmpu
2024-09-18 09:36:55,125 [ERROR] ConditionMgr:805 - Attr not supported : Dmpu
2024-09-18 09:36:55,125 [ERROR] ConditionMgr:805 - Attr not supported : Dmpu
2024-09-18 09:36:55,125 [ERROR] ConditionMgr:805 - Attr not supported : Dmpu
2024-09-18 09:36:55,125 [ERROR] ConditionMgr:805 - Attr not supported : Dmpu
2024-09-18 09:36:55,125 [ERROR] ConditionMgr:805 - Attr not supported : Dmpu
2024-09-18 09:36:55,125 [ERROR] ConditionMgr:805 - Attr not supported : Dmpu
2024-09-18 09:36:55,125 [ERROR] ConditionMgr:805 - Attr not supported : Dmpu
2024-09-18 09:36:55,125 [ERROR] ConditionMgr:805 - Attr not supported : Dmpu
2024-09-18 09:36:55,125 [ERROR] ConditionMgr:805 - Attr not supported : Dmpu
2024-09-18 09:36:55,125 [ERROR] ConditionMgr:805 - Attr not supported : Dmpu
2024-09-18 09:36:55,125 [ERROR] ConditionMgr:805 - Attr not supported : Dmpu
2024-09-18 09:36:55,131 [WARN] PackLoader:240 - Cannot read IP mode file for STMicroelectronics.X-CUBE-BLEMGR.3.0.0
2024-09-18 09:36:55,135 [WARN] PackLoader:240 - Cannot read IP mode file for RealThread.X-CUBE-RT-Thread_Nano.4.1.1
2024-09-18 09:36:55,138 [WARN] PackLoader:240 - Cannot read IP mode file for STMicroelectronics.FP-ATR-SIGFOX1.3.2.0
2024-09-18 09:36:55,142 [WARN] PackLoader:240 - Cannot read IP mode file for STMicroelectronics.X-CUBE-EEPRMA1.5.1.0
2024-09-18 09:36:55,146 [WARN] PackLoader:240 - Cannot read IP mode file for emotas.I-CUBE-CANOPEN.1.1.2
2024-09-18 09:36:55,149 [WARN] PackLoader:240 - Cannot read IP mode file for STMicroelectronics.X-CUBE-TOUCHGFX.4.20.0
2024-09-18 09:36:55,165 [WARN] PackLoader:240 - Cannot read IP mode file for STMicroelectronics.X-CUBE-MEMS1.9.5.0
2024-09-18 09:36:55,232 [WARN] PackLoader:240 - Cannot read IP mode file for SEGGER.I-CUBE-embOS.1.3.1
2024-09-18 09:36:55,248 [WARN] PackLoader:240 - Cannot read IP mode file for STMicroelectronics.X-CUBE-ALGOBUILD.1.4.0
2024-09-18 09:36:55,253 [WARN] PackLoader:240 - Cannot read IP mode file for STMicroelectronics.X-CUBE-GNSS1.6.0.0
2024-09-18 09:36:55,260 [WARN] PackLoader:240 - Cannot read IP mode file for STMicroelectronics.X-CUBE-AZRTOS-F4.1.1.0
2024-09-18 09:36:55,263 [WARN] PackLoader:240 - Cannot read IP mode file for STMicroelectronics.X-CUBE-ISPU.2.1.0
2024-09-18 09:36:55,266 [WARN] PackLoader:240 - Cannot read IP mode file for STMicroelectronics.X-CUBE-FREERTOS.1.2.0
2024-09-18 09:36:55,274 [WARN] PackLoader:240 - Cannot read IP mode file for STMicroelectronics.X-CUBE-AZRTOS-L5.2.0.0
2024-09-18 09:36:55,278 [WARN] PackLoader:240 - Cannot read IP mode file for STMicroelectronics.X-CUBE-EEPRMA1.4.2.0
2024-09-18 09:36:55,282 [WARN] PackLoader:240 - Cannot read IP mode file for STMicroelectronics.X-CUBE-NFC6.3.1.0
2024-09-18 09:36:55,286 [WARN] PackLoader:240 - Cannot read IP mode file for ITTIA_DB.I-CUBE-ITTIADB.8.8.0
2024-09-18 09:36:55,289 [WARN] PackLoader:240 - Cannot read IP mode file for STMicroelectronics.X-CUBE-BLEMGR.2.0.0
2024-09-18 09:36:55,294 [WARN] PackLoader:240 - Cannot read IP mode file for STMicroelectronics.X-CUBE-DPower.1.2.0
2024-09-18 09:36:55,298 [WARN] PackLoader:240 - Cannot read IP mode file for STMicroelectronics.X-CUBE-NFC4.2.0.4
2024-09-18 09:36:55,300 [WARN] PackLoader:240 - Cannot read IP mode file for STMicroelectronics.X-CUBE-AI.9.0.0
2024-09-18 09:36:55,308 [WARN] ConditionMgr:438 - getConditionDescription Invalid condition id : UX DEVICE CLASS RTOS Condition cause : null
2024-09-18 09:36:55,309 [WARN] ConditionMgr:438 - getConditionDescription Invalid condition id : UX DEVICE CLASS RTOS Condition cause : null
2024-09-18 09:36:55,310 [WARN] PackLoader:240 - Cannot read IP mode file for STMicroelectronics.X-CUBE-AZRTOS-H7.3.1.0
2024-09-18 09:36:55,311 [WARN] ConditionMgr:1039 - genDependencies : Invalid condition id : UX DEVICE CLASS RTOS Condition cause : null
2024-09-18 09:36:55,311 [WARN] ConditionMgr:1039 - genDependencies : Invalid condition id : UX DEVICE CLASS RTOS Condition cause : null
2024-09-18 09:36:55,311 [WARN] ConditionMgr:1039 - genDependencies : Invalid condition id : UX DEVICE CLASS RTOS Condition cause : null
2024-09-18 09:36:55,311 [WARN] ConditionMgr:1039 - genDependencies : Invalid condition id : UX DEVICE CLASS RTOS Condition cause : null
2024-09-18 09:36:55,311 [WARN] ConditionMgr:1039 - genDependencies : Invalid condition id : UX DEVICE CLASS RTOS Condition cause : null
2024-09-18 09:36:55,320 [WARN] PackLoader:240 - Cannot read IP mode file for wolfSSL.I-CUBE-wolfSSL.5.5.0
2024-09-18 09:36:55,324 [WARN] PackLoader:240 - Cannot read IP mode file for STMicroelectronics.X-CUBE-NFC7.1.0.1
2024-09-18 09:36:55,327 [WARN] PackLoader:240 - Cannot read IP mode file for STMicroelectronics.X-CUBE-NFC7.1.0.0
2024-09-18 09:36:55,330 [WARN] PackLoader:240 - Cannot read IP mode file for wolfSSL.I-CUBE-wolfTPM.3.2.0
2024-09-18 09:36:55,333 [WARN] PackLoader:240 - Cannot read IP mode file for STMicroelectronics.X-CUBE-NFC6.3.0.0
2024-09-18 09:36:55,337 [WARN] PackLoader:240 - Cannot read IP mode file for STMicroelectronics.X-CUBE-EEPRMA1.4.1.0
2024-09-18 09:36:55,340 [WARN] PackLoader:240 - Cannot read IP mode file for STMicroelectronics.X-CUBE-AI.8.1.0
2024-09-18 09:36:55,349 [WARN] ConditionMgr:438 - getConditionDescription Invalid condition id : LAN8742 Phy interface Condition cause : null
2024-09-18 09:36:55,349 [WARN] PackLoader:240 - Cannot read IP mode file for STMicroelectronics.X-CUBE-AZRTOS-L4.2.0.0
2024-09-18 09:36:55,350 [WARN] ConditionMgr:1039 - genDependencies : Invalid condition id : LAN8742 Phy interface Condition cause : null
2024-09-18 09:36:55,350 [WARN] ConditionMgr:1039 - genDependencies : Invalid condition id : LAN8742 Phy interface Condition cause : null
2024-09-18 09:36:55,350 [WARN] ConditionMgr:1039 - genDependencies : Invalid condition id : LAN8742 Phy interface Condition cause : null
2024-09-18 09:36:55,356 [WARN] PackLoader:240 - Cannot read IP mode file for STMicroelectronics.X-CUBE-SFXS2LP1.4.0.0
2024-09-18 09:36:55,366 [WARN] PackLoader:240 - Cannot read IP mode file for STMicroelectronics.X-CUBE-AZRTOS-H7.3.0.0
2024-09-18 09:36:55,370 [WARN] PackLoader:240 - Cannot read IP mode file for STMicroelectronics.X-CUBE-ISPU.1.1.0
2024-09-18 09:36:55,383 [WARN] PackLoader:240 - Cannot read IP mode file for STMicroelectronics.X-CUBE-AZRTOS-H7.3.3.0
2024-09-18 09:36:55,389 [WARN] PackLoader:240 - Cannot read IP mode file for RoweBots.I-CUBE-UNISONRTOS.5.5.0-4
2024-09-18 09:36:55,392 [WARN] PackLoader:240 - Cannot read IP mode file for STMicroelectronics.X-CUBE-AI.8.0.0
2024-09-18 09:36:55,400 [WARN] ConditionMgr:438 - getConditionDescription Invalid condition id : UX DEVICE CLASS RTOS Condition cause : null
2024-09-18 09:36:55,401 [WARN] ConditionMgr:438 - getConditionDescription Invalid condition id : UX DEVICE CLASS RTOS Condition cause : null
2024-09-18 09:36:55,403 [WARN] PackLoader:240 - Cannot read IP mode file for STMicroelectronics.X-CUBE-AZRTOS-WB.2.0.0
2024-09-18 09:36:55,403 [WARN] ConditionMgr:1039 - genDependencies : Invalid condition id : UX DEVICE CLASS RTOS Condition cause : null
2024-09-18 09:36:55,403 [WARN] ConditionMgr:1039 - genDependencies : Invalid condition id : UX DEVICE CLASS RTOS Condition cause : null
2024-09-18 09:36:55,404 [WARN] ConditionMgr:1039 - genDependencies : Invalid condition id : UX DEVICE CLASS RTOS Condition cause : null
2024-09-18 09:36:55,404 [WARN] ConditionMgr:1039 - genDependencies : Invalid condition id : UX DEVICE CLASS RTOS Condition cause : null
2024-09-18 09:36:55,404 [WARN] ConditionMgr:1039 - genDependencies : Invalid condition id : UX DEVICE CLASS RTOS Condition cause : null
2024-09-18 09:36:55,407 [WARN] PackLoader:240 - Cannot read IP mode file for STMicroelectronics.X-CUBE-FREERTOS.1.0.0
2024-09-18 09:36:55,410 [WARN] PackLoader:240 - Cannot read IP mode file for STMicroelectronics.X-CUBE-GNSS1.7.0.0
2024-09-18 09:36:55,414 [WARN] PackLoader:240 - Cannot read IP mode file for STMicroelectronics.X-CUBE-BLEMGR.1.0.0
2024-09-18 09:36:55,418 [WARN] PackLoader:240 - Cannot read IP mode file for STMicroelectronics.FP-SNS-STBOX1.2.0.0
2024-09-18 09:36:55,426 [WARN] PackLoader:240 - Cannot read IP mode file for STMicroelectronics.X-CUBE-AZRTOS-L5.1.1.0
2024-09-18 09:36:55,432 [WARN] PackLoader:240 - Cannot read IP mode file for STMicroelectronics.X-CUBE-SUBG2.5.0.0
2024-09-18 09:36:55,436 [WARN] PackLoader:240 - Cannot read IP mode file for Cesanta.I-CUBE-Mongoose.7.13.0
2024-09-18 09:36:55,441 [WARN] PackLoader:240 - Cannot read IP mode file for STMicroelectronics.X-CUBE-TOF1.3.3.1
2024-09-18 09:36:55,454 [WARN] PackLoader:240 - Cannot read IP mode file for STMicroelectronics.X-CUBE-AZRTOS-G4.2.0.0
2024-09-18 09:36:55,459 [WARN] PackLoader:240 - Cannot read IP mode file for STMicroelectronics.X-CUBE-TOF1.3.3.0
2024-09-18 09:36:55,467 [WARN] PackLoader:240 - Cannot read IP mode file for STMicroelectronics.FP-ATR-ASTRA1.1.1.1
2024-09-18 09:36:55,473 [WARN] PackLoader:240 - Cannot read IP mode file for Infineon.AIROC-Wi-Fi-Bluetooth-STM32.1.5.1
2024-09-18 09:36:55,481 [WARN] PackLoader:240 - Cannot read IP mode file for STMicroelectronics.X-CUBE-AZRTOS-G4.1.0.0
2024-09-18 09:36:55,493 [WARN] PackLoader:240 - Cannot read IP mode file for STMicroelectronics.X-CUBE-AZRTOS-L4.1.0.0
2024-09-18 09:36:55,497 [WARN] PackLoader:240 - Cannot read IP mode file for STMicroelectronics.X-CUBE-ISPU.2.0.0
2024-09-18 09:36:55,500 [WARN] PackLoader:240 - Cannot read IP mode file for STMicroelectronics.X-CUBE-ALS.1.0.2
2024-09-18 09:36:55,515 [WARN] PackLoader:240 - Cannot read IP mode file for STMicroelectronics.X-CUBE-MEMS1.10.0.0
2024-09-18 09:36:55,565 [WARN] PackLoader:240 - Cannot read IP mode file for STMicroelectronics.X-CUBE-FREERTOS.1.1.0
2024-09-18 09:36:55,568 [WARN] PackLoader:240 - Cannot read IP mode file for STMicroelectronics.X-CUBE-TOUCHGFX.4.24.0
2024-09-18 09:36:55,575 [WARN] PackLoader:240 - Cannot read IP mode file for STMicroelectronics.X-CUBE-AZRTOS-WL.1.0.0
2024-09-18 09:36:55,580 [WARN] PackLoader:240 - Cannot read IP mode file for portGmbH.I-Cube-SoM-uGOAL.1.1.0
2024-09-18 09:36:55,583 [WARN] PackLoader:240 - Cannot read IP mode file for STMicroelectronics.X-CUBE-ALS.1.0.1
2024-09-18 09:36:55,589 [WARN] PackLoader:240 - Cannot read IP mode file for STMicroelectronics.X-CUBE-AZRTOS-WB.1.1.0
2024-09-18 09:36:55,595 [WARN] PackLoader:240 - Cannot read IP mode file for STMicroelectronics.X-CUBE-AZRTOS-L5.1.0.0
2024-09-18 09:36:55,599 [WARN] PackLoader:240 - Cannot read IP mode file for STMicroelectronics.X-CUBE-EEPRMA1.3.1.1
2024-09-18 09:36:55,606 [WARN] PackLoader:240 - Cannot read IP mode file for STMicroelectronics.X-CUBE-AZRTOS-H7RS.1.0.0
2024-09-18 09:36:55,610 [WARN] PackLoader:240 - Cannot read IP mode file for STMicroelectronics.FP-ATR-ASTRA1.2.0.0
2024-09-18 09:36:55,614 [WARN] PackLoader:240 - Cannot read IP mode file for STMicroelectronics.X-CUBE-TOF1.3.4.2
2024-09-18 09:36:55,621 [WARN] PackLoader:240 - Cannot read IP mode file for wolfSSL.I-CUBE-wolfSSH.1.4.17
2024-09-18 09:36:55,621 [INFO] ThirdParty:978 - Integrity check success = true
2024-09-18 09:36:55,621 [INFO] IntegrityCheckThread:100 - exiting critical section [integrity check]
2024-09-18 09:36:55,621 [INFO] IntegrityCheckThread:103 - End integrity checks thread
