2024-09-20 16:23:20,966 [INFO] Activator:176 - 


2024-09-20 16:23:20,971 [INFO] Activator:177 - !SESSION log4j initialized
2024-09-20 16:23:27,791 [INFO] LogOutputStream:77 - [STDOUT_REDIRECT] 
2024-09-20 16:23:32,260 [INFO] ApplicationProperties:184 - Using Application install path: C:\ST\STM32CubeIDE_1.10.1\STM32CubeIDE\plugins\com.st.stm32cube.common.mx_6.12.0.202406281431
2024-09-20 16:23:32,283 [INFO] DbMcusXml:78 - Set database path to: C:\ST\STM32CubeIDE_1.10.1\STM32CubeIDE\plugins\com.st.stm32cube.common.mx_6.12.0.202406281431\\db\/mcu/
2024-09-20 16:23:32,284 [INFO] ApiDb:274 - Set plugin database path to: C:\ST\STM32CubeIDE_1.10.1\STM32CubeIDE\plugins\com.st.stm32cube.common.mx_6.12.0.202406281431\\db\/plugins/boardmanager/
2024-09-20 16:23:32,286 [WARN] ApiDb:259 - Overriding images path with different value:  => C:\ST\STM32CubeIDE_1.10.1\STM32CubeIDE\plugins\com.st.stm32cube.common.mx_6.12.0.202406281431\\db\/plugins/mcufinder/images/
2024-09-20 16:23:32,295 [INFO] ApiDb:250 - Set database path to: C:\Users\gerdon\.stmcufinder\plugins\mcufinder//mcu/
2024-09-20 16:23:32,295 [INFO] DbMcusAds:125 - Set database path to: C:\Users\gerdon\.stmcufinder\plugins\mcufinder//mcu/
2024-09-20 16:23:32,298 [INFO] CrossReferenceDbSqlite:203 - Set database path to: C:\Users\gerdon\.stmcufinder\plugins\mcufinder//mcu/cs/
2024-09-20 16:23:32,402 [INFO] RulesReader:64 - Compatibility file has been processed (297 Rules)
2024-09-20 16:23:32,466 [INFO] DbMcusXml:78 - Set database path to: C:\ST\STM32CubeIDE_1.10.1\STM32CubeIDE\plugins\com.st.stm32cube.common.mx_6.12.0.202406281431\\db\/mcu/
2024-09-20 16:23:32,466 [INFO] ApiDb:274 - Set plugin database path to: C:\ST\STM32CubeIDE_1.10.1\STM32CubeIDE\plugins\com.st.stm32cube.common.mx_6.12.0.202406281431\\db\/plugins/boardmanager/
2024-09-20 16:23:32,466 [INFO] ApiDb:261 - Set plugin images path to: C:\ST\STM32CubeIDE_1.10.1\STM32CubeIDE\plugins\com.st.stm32cube.common.mx_6.12.0.202406281431\\db\/plugins/mcufinder/images/
2024-09-20 16:23:32,466 [WARN] DbFile:41 - Overriding database path with different value: C:\Users\gerdon\.stmcufinder\plugins\mcufinder/ => C:\Users\gerdon\.stmcufinder\plugins\mcufinder
2024-09-20 16:23:32,466 [INFO] ApiDb:250 - Set database path to: C:\Users\gerdon\.stmcufinder\plugins\mcufinder//mcu/
2024-09-20 16:23:32,466 [WARN] DbFile:41 - Overriding database path with different value: C:\Users\gerdon\.stmcufinder\plugins\mcufinder/ => C:\Users\gerdon\.stmcufinder\plugins\mcufinder
2024-09-20 16:23:32,466 [INFO] DbMcusAds:125 - Set database path to: C:\Users\gerdon\.stmcufinder\plugins\mcufinder//mcu/
2024-09-20 16:23:32,466 [WARN] DbFile:41 - Overriding database path with different value: C:\Users\gerdon\.stmcufinder\plugins\mcufinder/ => C:\Users\gerdon\.stmcufinder\plugins\mcufinder
2024-09-20 16:23:32,466 [WARN] DbFile:41 - Overriding database path with different value: C:\Users\gerdon\.stmcufinder\plugins\mcufinder/ => C:\Users\gerdon\.stmcufinder\plugins\mcufinder
2024-09-20 16:23:32,466 [INFO] CrossReferenceDbSqlite:203 - Set database path to: C:\Users\gerdon\.stmcufinder\plugins\mcufinder//mcu/cs/
2024-09-20 16:23:32,535 [INFO] MainPanel:268 - HeapMemory: 268435456
2024-09-20 16:23:32,612 [INFO] DbMcusXml:78 - Set database path to: C:\ST\STM32CubeIDE_1.10.1\STM32CubeIDE\plugins\com.st.stm32cube.common.mx_6.12.0.202406281431\\db\/mcu/
2024-09-20 16:23:32,612 [INFO] ApiDb:274 - Set plugin database path to: C:\ST\STM32CubeIDE_1.10.1\STM32CubeIDE\plugins\com.st.stm32cube.common.mx_6.12.0.202406281431\\db\/plugins/boardmanager/
2024-09-20 16:23:32,612 [INFO] ApiDb:261 - Set plugin images path to: C:\ST\STM32CubeIDE_1.10.1\STM32CubeIDE\plugins\com.st.stm32cube.common.mx_6.12.0.202406281431\\db\/plugins/mcufinder/images/
2024-09-20 16:23:32,612 [WARN] DbFile:41 - Overriding database path with different value: C:\Users\gerdon\.stmcufinder\plugins\mcufinder/ => C:\Users\gerdon\.stmcufinder\plugins\mcufinder
2024-09-20 16:23:32,612 [INFO] ApiDb:250 - Set database path to: C:\Users\gerdon\.stmcufinder\plugins\mcufinder//mcu/
2024-09-20 16:23:32,612 [WARN] DbFile:41 - Overriding database path with different value: C:\Users\gerdon\.stmcufinder\plugins\mcufinder/ => C:\Users\gerdon\.stmcufinder\plugins\mcufinder
2024-09-20 16:23:32,612 [INFO] DbMcusAds:125 - Set database path to: C:\Users\gerdon\.stmcufinder\plugins\mcufinder//mcu/
2024-09-20 16:23:32,612 [WARN] DbFile:41 - Overriding database path with different value: C:\Users\gerdon\.stmcufinder\plugins\mcufinder/ => C:\Users\gerdon\.stmcufinder\plugins\mcufinder
2024-09-20 16:23:32,612 [WARN] DbFile:41 - Overriding database path with different value: C:\Users\gerdon\.stmcufinder\plugins\mcufinder/ => C:\Users\gerdon\.stmcufinder\plugins\mcufinder
2024-09-20 16:23:32,613 [INFO] CrossReferenceDbSqlite:203 - Set database path to: C:\Users\gerdon\.stmcufinder\plugins\mcufinder//mcu/cs/
2024-09-20 16:23:32,626 [INFO] ApplicationProperties:184 - Using Application install path: C:\ST\STM32CubeIDE_1.10.1\STM32CubeIDE\plugins\com.st.stm32cube.common.mx_6.12.0.202406281431
2024-09-20 16:23:32,627 [INFO] PluginManage:196 - Search for loadable plugins [exclusion list=, ]
2024-09-20 16:23:32,628 [INFO] PluginManage:310 - Check plugin analytics
2024-09-20 16:23:32,789 [INFO] AnalyticsPlugin:253 - Accepted Software Licenses: STM32CubeMX.6.9.2
2024-09-20 16:23:32,789 [INFO] AnalyticsPlugin:255 - Accepted CMSIS Pack Licenses: 
2024-09-20 16:23:32,789 [INFO] AnalyticsPlugin:257 - Accepted Firmware Licenses: 
2024-09-20 16:23:32,791 [INFO] PluginManage:359 - Loaded plugin analytics (category:tool,tabindex:-1)
2024-09-20 16:23:32,791 [INFO] PluginManage:310 - Check plugin cadmodel
2024-09-20 16:23:32,795 [INFO] CADModel:105 - Init CAD model plugin
2024-09-20 16:23:32,795 [INFO] PluginManage:359 - Loaded plugin cadmodel (category:power,tabindex:5)
2024-09-20 16:23:32,795 [INFO] PluginManage:310 - Check plugin clock
2024-09-20 16:23:32,802 [INFO] PluginManage:359 - Loaded plugin clock (category:base,tabindex:2)
2024-09-20 16:23:32,802 [INFO] PluginManage:310 - Check plugin ddr
2024-09-20 16:23:32,805 [INFO] PluginManage:359 - Loaded plugin ddr (category:tool,tabindex:6)
2024-09-20 16:23:32,805 [INFO] PluginManage:310 - Check plugin filemanager
2024-09-20 16:23:32,916 [INFO] PluginManage:359 - Loaded plugin filemanager (category:base,tabindex:10)
2024-09-20 16:23:32,916 [INFO] PluginManage:310 - Check plugin ipmanager
2024-09-20 16:23:32,922 [INFO] PluginManage:359 - Loaded plugin ipmanager (category:base,tabindex:5)
2024-09-20 16:23:32,922 [INFO] PluginManage:310 - Check plugin lpbam
2024-09-20 16:23:32,928 [INFO] PluginManage:359 - Loaded plugin lpbam (category:base,tabindex:0)
2024-09-20 16:23:32,929 [INFO] PluginManage:310 - Check plugin memorymap
2024-09-20 16:23:32,953 [INFO] PluginManage:359 - Loaded plugin memorymap (category:base,tabindex:4)
2024-09-20 16:23:32,953 [INFO] PluginManage:310 - Check plugin pinoutandconfiguration
2024-09-20 16:23:32,962 [INFO] PluginManage:359 - Loaded plugin pinoutandconfiguration (category:base,tabindex:1)
2024-09-20 16:23:32,962 [INFO] PluginManage:310 - Check plugin pinoutconfig
2024-09-20 16:23:33,049 [WARN] SupportedApi:132 - Cannot load RTOS API schema: s4s-elt-must-match.1: The content of 'definitions' must match (annotation?, (simpleType | complexType)?, (unique | key | keyref)*)). A problem was found starting at: attribute.
2024-09-20 16:23:33,176 [INFO] PluginManage:359 - Loaded plugin pinoutconfig (category:base,tabindex:0)
2024-09-20 16:23:33,176 [INFO] PluginManage:310 - Check plugin power
2024-09-20 16:23:33,183 [INFO] PluginManage:359 - Loaded plugin power (category:power,tabindex:4)
2024-09-20 16:23:33,183 [INFO] PluginManage:310 - Check plugin projectmanager
2024-09-20 16:23:33,197 [INFO] PluginManage:359 - Loaded plugin projectmanager (category:projectmanager,tabindex:4)
2024-09-20 16:23:33,197 [INFO] PluginManage:310 - Check plugin rif
2024-09-20 16:23:33,202 [INFO] PluginManage:359 - Loaded plugin rif (category:base,tabindex:3)
2024-09-20 16:23:33,202 [INFO] PluginManage:310 - Check plugin thirdparty
2024-09-20 16:23:33,284 [INFO] PluginManage:359 - Loaded plugin thirdparty (category:base,tabindex:-1)
2024-09-20 16:23:33,283 [WARN] IntegrityCheckThread:84 - waiting for thirdparty lock release [integrity check]
2024-09-20 16:23:33,284 [INFO] PluginManage:310 - Check plugin tools
2024-09-20 16:23:33,284 [INFO] IntegrityCheckThread:86 - entering critical section [integrity check]
2024-09-20 16:23:33,286 [INFO] ThirdPartyUpdaterWithRetryManager:70 - Updater plugin not ready yet. [1/15]
2024-09-20 16:23:33,287 [INFO] PluginManage:359 - Loaded plugin tools (category:base,tabindex:7)
2024-09-20 16:23:33,287 [INFO] PluginManage:310 - Check plugin tutovideos
2024-09-20 16:23:33,458 [INFO] PluginManage:359 - Loaded plugin tutovideos (category:base,tabindex:-1)
2024-09-20 16:23:33,458 [INFO] PluginManage:310 - Check plugin updater
2024-09-20 16:23:33,471 [INFO] PluginManage:359 - Loaded plugin updater (category:base,tabindex:12)
2024-09-20 16:23:33,471 [INFO] PluginManage:310 - Check plugin userauth
2024-09-20 16:23:33,476 [INFO] UserAuth:113 - Init User Auth plugin
2024-09-20 16:23:33,476 [INFO] PluginManage:359 - Loaded plugin userauth (category:base,tabindex:14)
2024-09-20 16:23:33,476 [INFO] PluginManage:283 - PluginManage : Loaded plugins [18]
2024-09-20 16:23:33,630 [INFO] PinOutPanel:1561 - setPackage(No Configuration,No Configuration)
2024-09-20 16:23:33,706 [INFO] CADModel:165 - CPN selected for project level
2024-09-20 16:23:33,706 [INFO] CADModel:114 - Register for checkConnection events
2024-09-20 16:23:33,718 [INFO] IPUIPlugin:80 - create IPUIPlugin
2024-09-20 16:23:33,718 [INFO] PluginManager:220 - loadIPPluginJar : add adc
2024-09-20 16:23:33,720 [INFO] IPUIPlugin:80 - create IPUIPlugin
2024-09-20 16:23:33,720 [INFO] PluginManager:220 - loadIPPluginJar : add aes
2024-09-20 16:23:33,721 [INFO] IPUIPlugin:80 - create IPUIPlugin
2024-09-20 16:23:33,721 [INFO] PluginManager:220 - loadIPPluginJar : add can
2024-09-20 16:23:33,723 [INFO] IPUIPlugin:80 - create IPUIPlugin
2024-09-20 16:23:33,723 [INFO] PluginManager:220 - loadIPPluginJar : add comp
2024-09-20 16:23:33,724 [INFO] IPUIPlugin:80 - create IPUIPlugin
2024-09-20 16:23:33,724 [INFO] PluginManager:220 - loadIPPluginJar : add cryp
2024-09-20 16:23:33,727 [INFO] IPUIPlugin:80 - create IPUIPlugin
2024-09-20 16:23:33,727 [INFO] PluginManager:220 - loadIPPluginJar : add ddr_ctrl_phy
2024-09-20 16:23:33,728 [INFO] IPUIPlugin:80 - create IPUIPlugin
2024-09-20 16:23:33,728 [INFO] PluginManager:220 - loadIPPluginJar : add dfsdm
2024-09-20 16:23:33,731 [INFO] IPUIPlugin:80 - create IPUIPlugin
2024-09-20 16:23:33,732 [INFO] PluginManager:220 - loadIPPluginJar : add dma
2024-09-20 16:23:33,733 [INFO] IPUIPlugin:80 - create IPUIPlugin
2024-09-20 16:23:33,733 [INFO] PluginManager:220 - loadIPPluginJar : add dma3
2024-09-20 16:23:33,735 [INFO] IPUIPlugin:80 - create IPUIPlugin
2024-09-20 16:23:33,735 [INFO] PluginManager:220 - loadIPPluginJar : add extmemmanager
2024-09-20 16:23:33,736 [INFO] IPUIPlugin:80 - create IPUIPlugin
2024-09-20 16:23:33,736 [INFO] PluginManager:220 - loadIPPluginJar : add fatfs
2024-09-20 16:23:33,738 [INFO] IPUIPlugin:80 - create IPUIPlugin
2024-09-20 16:23:33,738 [INFO] PluginManager:220 - loadIPPluginJar : add fmc
2024-09-20 16:23:33,741 [INFO] IPUIPlugin:80 - create IPUIPlugin
2024-09-20 16:23:33,741 [INFO] PluginManager:220 - loadIPPluginJar : add freertos
2024-09-20 16:23:33,742 [INFO] IPUIPlugin:80 - create IPUIPlugin
2024-09-20 16:23:33,742 [INFO] PluginManager:220 - loadIPPluginJar : add genericplugin
2024-09-20 16:23:33,743 [INFO] IPUIPlugin:80 - create IPUIPlugin
2024-09-20 16:23:33,743 [INFO] PluginManager:220 - loadIPPluginJar : add gfxmmu
2024-09-20 16:23:33,746 [INFO] IPUIPlugin:80 - create IPUIPlugin
2024-09-20 16:23:33,746 [INFO] PluginManager:220 - loadIPPluginJar : add gic
2024-09-20 16:23:33,748 [INFO] IPUIPlugin:80 - create IPUIPlugin
2024-09-20 16:23:33,748 [INFO] PluginManager:220 - loadIPPluginJar : add gpio
2024-09-20 16:23:33,750 [INFO] IPUIPlugin:80 - create IPUIPlugin
2024-09-20 16:23:33,750 [INFO] PluginManager:220 - loadIPPluginJar : add gtzc
2024-09-20 16:23:33,751 [INFO] IPUIPlugin:80 - create IPUIPlugin
2024-09-20 16:23:33,751 [INFO] PluginManager:220 - loadIPPluginJar : add hash
2024-09-20 16:23:33,753 [INFO] IPUIPlugin:80 - create IPUIPlugin
2024-09-20 16:23:33,753 [INFO] PluginManager:220 - loadIPPluginJar : add i2c
2024-09-20 16:23:33,754 [INFO] IPUIPlugin:80 - create IPUIPlugin
2024-09-20 16:23:33,754 [INFO] PluginManager:220 - loadIPPluginJar : add i2s
2024-09-20 16:23:33,756 [INFO] IPUIPlugin:80 - create IPUIPlugin
2024-09-20 16:23:33,756 [INFO] PluginManager:220 - loadIPPluginJar : add i3c
2024-09-20 16:23:33,759 [INFO] IPUIPlugin:80 - create IPUIPlugin
2024-09-20 16:23:33,759 [INFO] PluginManager:220 - loadIPPluginJar : add ipddr
2024-09-20 16:23:33,763 [INFO] IPUIPlugin:80 - create IPUIPlugin
2024-09-20 16:23:33,763 [INFO] PluginManager:220 - loadIPPluginJar : add linkedlist
2024-09-20 16:23:33,766 [INFO] IPUIPlugin:80 - create IPUIPlugin
2024-09-20 16:23:33,766 [INFO] PluginManager:220 - loadIPPluginJar : add lorawan
2024-09-20 16:23:33,767 [INFO] IPUIPlugin:80 - create IPUIPlugin
2024-09-20 16:23:33,767 [INFO] PluginManager:220 - loadIPPluginJar : add ltdc
2024-09-20 16:23:33,770 [INFO] IPUIPlugin:80 - create IPUIPlugin
2024-09-20 16:23:33,770 [INFO] PluginManager:220 - loadIPPluginJar : add mdma
2024-09-20 16:23:33,772 [INFO] IPUIPlugin:80 - create IPUIPlugin
2024-09-20 16:23:33,772 [INFO] PluginManager:220 - loadIPPluginJar : add nvic
2024-09-20 16:23:33,774 [INFO] IPUIPlugin:80 - create IPUIPlugin
2024-09-20 16:23:33,774 [INFO] PluginManager:220 - loadIPPluginJar : add opamp
2024-09-20 16:23:33,776 [INFO] IPUIPlugin:80 - create IPUIPlugin
2024-09-20 16:23:33,776 [INFO] PluginManager:220 - loadIPPluginJar : add openamp
2024-09-20 16:23:33,778 [INFO] IPUIPlugin:80 - create IPUIPlugin
2024-09-20 16:23:33,778 [INFO] PluginManager:220 - loadIPPluginJar : add pdm2pcm
2024-09-20 16:23:33,781 [INFO] IPUIPlugin:80 - create IPUIPlugin
2024-09-20 16:23:33,782 [INFO] PluginManager:220 - loadIPPluginJar : add plateformsettings
2024-09-20 16:23:33,783 [INFO] IPUIPlugin:80 - create IPUIPlugin
2024-09-20 16:23:33,783 [INFO] PluginManager:220 - loadIPPluginJar : add quadspi
2024-09-20 16:23:33,784 [INFO] IPUIPlugin:80 - create IPUIPlugin
2024-09-20 16:23:33,785 [INFO] PluginManager:220 - loadIPPluginJar : add radio
2024-09-20 16:23:33,786 [INFO] IPUIPlugin:80 - create IPUIPlugin
2024-09-20 16:23:33,786 [INFO] PluginManager:220 - loadIPPluginJar : add resmgrutility
2024-09-20 16:23:33,788 [INFO] IPUIPlugin:80 - create IPUIPlugin
2024-09-20 16:23:33,788 [INFO] PluginManager:220 - loadIPPluginJar : add sai
2024-09-20 16:23:33,789 [INFO] IPUIPlugin:80 - create IPUIPlugin
2024-09-20 16:23:33,789 [INFO] PluginManager:220 - loadIPPluginJar : add spi
2024-09-20 16:23:33,792 [INFO] IPUIPlugin:80 - create IPUIPlugin
2024-09-20 16:23:33,792 [INFO] PluginManager:220 - loadIPPluginJar : add stm32_wpan
2024-09-20 16:23:33,793 [INFO] IPUIPlugin:80 - create IPUIPlugin
2024-09-20 16:23:33,793 [INFO] PluginManager:220 - loadIPPluginJar : add tim
2024-09-20 16:23:33,794 [INFO] IPUIPlugin:80 - create IPUIPlugin
2024-09-20 16:23:33,794 [INFO] PluginManager:220 - loadIPPluginJar : add touchsensing
2024-09-20 16:23:33,795 [INFO] IPUIPlugin:80 - create IPUIPlugin
2024-09-20 16:23:33,795 [INFO] PluginManager:220 - loadIPPluginJar : add tracer_emb
2024-09-20 16:23:33,796 [INFO] IPUIPlugin:80 - create IPUIPlugin
2024-09-20 16:23:33,796 [INFO] PluginManager:220 - loadIPPluginJar : add ts
2024-09-20 16:23:33,797 [INFO] IPUIPlugin:80 - create IPUIPlugin
2024-09-20 16:23:33,797 [INFO] PluginManager:220 - loadIPPluginJar : add tsc
2024-09-20 16:23:33,799 [INFO] IPUIPlugin:80 - create IPUIPlugin
2024-09-20 16:23:33,799 [INFO] PluginManager:220 - loadIPPluginJar : add ucpd
2024-09-20 16:23:33,801 [INFO] IPUIPlugin:80 - create IPUIPlugin
2024-09-20 16:23:33,801 [INFO] PluginManager:220 - loadIPPluginJar : add usart
2024-09-20 16:23:33,802 [INFO] IPUIPlugin:80 - create IPUIPlugin
2024-09-20 16:23:33,803 [INFO] PluginManager:220 - loadIPPluginJar : add usbx
2024-09-20 16:23:33,911 [INFO] CADModel:165 - CPN selected for project level
2024-09-20 16:23:33,911 [INFO] CADModel:114 - Register for checkConnection events
2024-09-20 16:23:33,911 [FATAL] Updater:334 - Updater called before beeing initialized
2024-09-20 16:23:33,911 [ERROR] CADModel:125 - Updater not yet initialized, retry later 
2024-09-20 16:23:33,997 [INFO] CADModel:165 - CPN selected for project level
2024-09-20 16:23:33,997 [INFO] CADModel:114 - Register for checkConnection events
2024-09-20 16:23:33,997 [FATAL] Updater:334 - Updater called before beeing initialized
2024-09-20 16:23:33,997 [ERROR] CADModel:125 - Updater not yet initialized, retry later 
2024-09-20 16:23:33,999 [FATAL] Updater:334 - Updater called before beeing initialized
2024-09-20 16:23:34,075 [FATAL] Updater:334 - Updater called before beeing initialized
2024-09-20 16:23:34,081 [INFO] DbMcusAds:53 - JSON generation date=Mon Sep 16 15:39:53 IST 2024 (1726497593277)
2024-09-20 16:23:34,081 [FATAL] Updater:334 - Updater called before beeing initialized
2024-09-20 16:23:34,107 [WARN] DetailPanel:346 - Failed to get advertising image, set to default
2024-09-20 16:23:34,167 [FATAL] Updater:334 - Updater called before beeing initialized
2024-09-20 16:23:34,169 [FATAL] Updater:334 - Updater called before beeing initialized
2024-09-20 16:23:34,169 [FATAL] Updater:334 - Updater called before beeing initialized
2024-09-20 16:23:34,169 [WARN] DetailPanel:346 - Failed to get advertising image, set to default
2024-09-20 16:23:34,170 [FATAL] Updater:334 - Updater called before beeing initialized
2024-09-20 16:23:34,208 [ERROR] Updater:1164 - MainUpdater not yet initialized. External WinMGr cannot be set.
2024-09-20 16:23:34,211 [INFO] Updater:1100 - Updater Version found : 6.12.0
2024-09-20 16:23:34,228 [INFO] ApplicationProperties:184 - Using Application install path: C:\ST\STM32CubeIDE_1.10.1\STM32CubeIDE\plugins\com.st.stm32cube.common.mx_6.12.0.202406281431
2024-09-20 16:23:34,517 [INFO] MainUpdater:2873 - connection check result : 10
2024-09-20 16:23:34,518 [INFO] MainUpdater:290 - Updater Check For Update Now.
2024-09-20 16:23:34,518 [INFO] MicroXplorer:498 - Change Database Version : DB.6.0.120
2024-09-20 16:23:34,547 [INFO] McuFinderGlobals:63 - Set McuFinder mode to 2 (CubeIDE integrated)
2024-09-20 16:23:34,547 [INFO] UserAuth:179 - activating auth plugin
2024-09-20 16:23:34,549 [INFO] UserAuth:417 - Internet connection configuration mode: 1
2024-09-20 16:23:34,596 [INFO] JxBrowserEngine:152 - Initiate JxBrowser Engine with user profile folder
2024-09-20 16:23:34,681 [INFO] CheckServerUpdateThread:120 - End of CheckServer Thread
2024-09-20 16:23:35,270 [INFO] WebApp:167 - Instantiating new browser for Auth
2024-09-20 16:23:35,934 [INFO] WebApp:448 - Apply proxy settings
2024-09-20 16:23:35,934 [INFO] WebApp:533 - Chromium requires no authentication
2024-09-20 16:23:35,945 [INFO] WebApp:476 - Direct internet connection detected
2024-09-20 16:23:35,973 [INFO] WebApp:869 - Register for checkConnection events
2024-09-20 16:23:35,973 [INFO] WebApp:448 - Apply proxy settings
2024-09-20 16:23:35,974 [INFO] WebApp:533 - Chromium requires no authentication
2024-09-20 16:23:35,974 [INFO] WebApp:476 - Direct internet connection detected
2024-09-20 16:23:36,077 [INFO] WebApp:186 - Connection restablished
2024-09-20 16:23:36,195 [INFO] WebApp:220 - Starting web application
2024-09-20 16:23:36,195 [INFO] WebApp:578 - Web application path used C:\ST\STM32CubeIDE_1.10.1\STM32CubeIDE\plugins\com.st.stm32cube.common.mx_6.12.0.202406281431\db\plugins\mcufinder\reactClient1\index.html
2024-09-20 16:23:36,443 [WARN] PackLoader:240 - Cannot read IP mode file for STMicroelectronics.FP-SNS-MOTENVWB1.1.4.0
2024-09-20 16:23:36,452 [WARN] PackLoader:240 - Cannot read IP mode file for STMicroelectronics.X-CUBE-SMBUS.2.1.0
2024-09-20 16:23:36,473 [WARN] PackLoader:240 - Cannot read IP mode file for STMicroelectronics.X-CUBE-AZRTOS-F7.1.1.0
2024-09-20 16:23:36,485 [WARN] PackLoader:240 - Cannot read IP mode file for STMicroelectronics.FP-SNS-MOTENV1.4.3.2
2024-09-20 16:23:36,496 [WARN] PackLoader:240 - Cannot read IP mode file for STMicroelectronics.X-CUBE-BLE1.6.2.3
2024-09-20 16:23:36,567 [WARN] PackLoader:240 - Cannot read IP mode file for STMicroelectronics.X-CUBE-MEMS1.11.0.0
2024-09-20 16:23:36,652 [WARN] PackLoader:240 - Cannot read IP mode file for STMicroelectronics.X-CUBE-BLE1.6.2.4
2024-09-20 16:23:36,656 [WARN] PackLoader:240 - Cannot read IP mode file for STMicroelectronics.FP-SNS-FLIGHT1.5.0.2
2024-09-20 16:23:36,661 [WARN] PackLoader:240 - Cannot read IP mode file for STMicroelectronics.X-CUBE-TOF1.3.1.0
2024-09-20 16:23:36,669 [WARN] PackLoader:240 - Cannot read IP mode file for STMicroelectronics.X-CUBE-DISPLAY.3.0.0
2024-09-20 16:23:36,674 [WARN] PackLoader:240 - Cannot read IP mode file for STMicroelectronics.X-CUBE-BLE1.7.0.0
2024-09-20 16:23:36,679 [WARN] PackLoader:240 - Cannot read IP mode file for STMicroelectronics.X-CUBE-TOUCHGFX.4.22.1
2024-09-20 16:23:36,697 [WARN] PackLoader:240 - Cannot read IP mode file for STMicroelectronics.X-CUBE-MEMS1.9.3.0
2024-09-20 16:23:36,759 [WARN] PackLoader:240 - Cannot read IP mode file for STMicroelectronics.X-CUBE-AI.7.2.0
2024-09-20 16:23:36,766 [WARN] PackLoader:240 - Cannot read IP mode file for STMicroelectronics.X-CUBE-BLEMGR.3.1.0
2024-09-20 16:23:36,770 [WARN] PackLoader:240 - Cannot read IP mode file for STMicroelectronics.FP-SNS-SMARTAG2.1.2.0
2024-09-20 16:23:36,775 [INFO] LogOutputStream:77 - [STDOUT_REDIRECT] 1 : Invalid condition id : UX_CORESTACK_Condition cause : null
2024-09-20 16:23:36,776 [INFO] LogOutputStream:77 - [STDOUT_REDIRECT] 1 : Invalid condition id : UX_CORESTACK_Condition cause : null
2024-09-20 16:23:36,776 [INFO] LogOutputStream:77 - [STDOUT_REDIRECT] 1 : Invalid condition id : UX_CORESTACK_Condition cause : null
2024-09-20 16:23:36,777 [INFO] LogOutputStream:77 - [STDOUT_REDIRECT] 1 : Invalid condition id : UX_CORESTACK_Condition cause : null
2024-09-20 16:23:36,778 [INFO] LogOutputStream:77 - [STDOUT_REDIRECT] 1 : Invalid condition id : UX_CORESTACK_Condition cause : null
2024-09-20 16:23:36,780 [WARN] PackLoader:240 - Cannot read IP mode file for STMicroelectronics.X-CUBE-AZRTOS-WL.2.0.0
2024-09-20 16:23:36,783 [WARN] PackLoader:240 - Cannot read IP mode file for STMicroelectronics.FP-SNS-MOTENV1.5.0.0
2024-09-20 16:23:36,787 [WARN] PackLoader:240 - Cannot read IP mode file for wolfSSL.I-CUBE-wolfMQTT.1.19.0
2024-09-20 16:23:36,793 [WARN] PackLoader:240 - Cannot read IP mode file for WES.I-CUBE-Cesium.1.3.0
2024-09-20 16:23:36,797 [WARN] PackLoader:240 - Cannot read IP mode file for STMicroelectronics.X-CUBE-BLE2.3.3.0
2024-09-20 16:23:36,802 [WARN] PackLoader:240 - Cannot read IP mode file for STMicroelectronics.X-CUBE-DISPLAY.2.2.0
2024-09-20 16:23:36,808 [WARN] PackLoader:240 - Cannot read IP mode file for STMicroelectronics.X-CUBE-TOF1.3.2.0
2024-09-20 16:23:36,813 [WARN] PackLoader:240 - Cannot read IP mode file for STMicroelectronics.X-CUBE-ISPU.1.0.0
2024-09-20 16:23:36,821 [WARN] PackLoader:240 - Cannot read IP mode file for STMicroelectronics.X-CUBE-AZRTOS-H7.2.1.0
2024-09-20 16:23:36,826 [WARN] PackLoader:240 - Cannot read IP mode file for STMicroelectronics.X-CUBE-TCPP.4.1.0
2024-09-20 16:23:36,828 [WARN] PackLoader:240 - Cannot read IP mode file for STMicroelectronics.X-CUBE-TOUCHGFX.4.21.1
2024-09-20 16:23:36,830 [WARN] PackLoader:240 - Cannot read IP mode file for STMicroelectronics.X-CUBE-TOUCHGFX.4.21.3
2024-09-20 16:23:36,834 [WARN] PackLoader:240 - Cannot read IP mode file for STMicroelectronics.X-CUBE-ALGOBUILD.1.3.0
2024-09-20 16:23:36,842 [WARN] PackLoader:240 - Cannot read IP mode file for STMicroelectronics.X-CUBE-AZRTOS-G0.1.1.0
2024-09-20 16:23:36,846 [WARN] PackLoader:240 - Cannot read IP mode file for STMicroelectronics.X-CUBE-SAFEA1.1.2.2
2024-09-20 16:23:36,850 [WARN] PackLoader:240 - Cannot read IP mode file for STMicroelectronics.X-CUBE-NFC4.3.0.0
2024-09-20 16:23:36,875 [WARN] PackLoader:240 - Cannot read IP mode file for SEGGER.I-CUBE-embOS.1.2.0
2024-09-20 16:23:36,925 [WARN] PackLoader:240 - Cannot read IP mode file for EmbeddedOffice.I-CUBE-FS-RTOS.1.0.1
2024-09-20 16:23:36,926 [ERROR] ConditionMgr:805 - Attr not supported : Dmpu
2024-09-20 16:23:36,926 [ERROR] ConditionMgr:805 - Attr not supported : Dmpu
2024-09-20 16:23:36,926 [ERROR] ConditionMgr:805 - Attr not supported : Dmpu
2024-09-20 16:23:36,926 [ERROR] ConditionMgr:805 - Attr not supported : Dmpu
2024-09-20 16:23:36,926 [ERROR] ConditionMgr:805 - Attr not supported : Dmpu
2024-09-20 16:23:36,926 [ERROR] ConditionMgr:805 - Attr not supported : Dmpu
2024-09-20 16:23:36,927 [ERROR] ConditionMgr:805 - Attr not supported : Dmpu
2024-09-20 16:23:36,927 [ERROR] ConditionMgr:805 - Attr not supported : Dmpu
2024-09-20 16:23:36,927 [ERROR] ConditionMgr:805 - Attr not supported : Dmpu
2024-09-20 16:23:36,927 [ERROR] ConditionMgr:805 - Attr not supported : Dmpu
2024-09-20 16:23:36,927 [ERROR] ConditionMgr:805 - Attr not supported : Dmpu
2024-09-20 16:23:36,927 [ERROR] ConditionMgr:805 - Attr not supported : Dmpu
2024-09-20 16:23:36,927 [ERROR] ConditionMgr:805 - Attr not supported : Dmpu
2024-09-20 16:23:36,927 [ERROR] ConditionMgr:805 - Attr not supported : Dmpu
2024-09-20 16:23:36,927 [ERROR] ConditionMgr:805 - Attr not supported : Dmpu
2024-09-20 16:23:36,927 [ERROR] ConditionMgr:805 - Attr not supported : Dmpu
2024-09-20 16:23:36,927 [ERROR] ConditionMgr:805 - Attr not supported : Dmpu
2024-09-20 16:23:36,928 [ERROR] ConditionMgr:805 - Attr not supported : Dmpu
2024-09-20 16:23:36,928 [ERROR] ConditionMgr:805 - Attr not supported : Dmpu
2024-09-20 16:23:36,928 [ERROR] ConditionMgr:805 - Attr not supported : Dmpu
2024-09-20 16:23:36,928 [ERROR] ConditionMgr:805 - Attr not supported : Dmpu
2024-09-20 16:23:36,928 [ERROR] ConditionMgr:805 - Attr not supported : Dmpu
2024-09-20 16:23:36,928 [ERROR] ConditionMgr:805 - Attr not supported : Dmpu
2024-09-20 16:23:36,928 [ERROR] ConditionMgr:805 - Attr not supported : Dmpu
2024-09-20 16:23:36,928 [ERROR] ConditionMgr:805 - Attr not supported : Dmpu
2024-09-20 16:23:36,928 [ERROR] ConditionMgr:805 - Attr not supported : Dmpu
2024-09-20 16:23:36,928 [ERROR] ConditionMgr:805 - Attr not supported : Dmpu
2024-09-20 16:23:36,928 [ERROR] ConditionMgr:805 - Attr not supported : Dmpu
2024-09-20 16:23:36,929 [ERROR] ConditionMgr:805 - Attr not supported : Dmpu
2024-09-20 16:23:36,929 [ERROR] ConditionMgr:805 - Attr not supported : Dmpu
2024-09-20 16:23:36,929 [ERROR] ConditionMgr:805 - Attr not supported : Dmpu
2024-09-20 16:23:36,929 [ERROR] ConditionMgr:805 - Attr not supported : Dmpu
2024-09-20 16:23:36,929 [ERROR] ConditionMgr:805 - Attr not supported : Dmpu
2024-09-20 16:23:36,929 [ERROR] ConditionMgr:805 - Attr not supported : Dmpu
2024-09-20 16:23:36,929 [ERROR] ConditionMgr:805 - Attr not supported : Dmpu
2024-09-20 16:23:36,929 [ERROR] ConditionMgr:805 - Attr not supported : Dmpu
2024-09-20 16:23:36,929 [ERROR] ConditionMgr:805 - Attr not supported : Dmpu
2024-09-20 16:23:36,929 [ERROR] ConditionMgr:805 - Attr not supported : Dmpu
2024-09-20 16:23:36,929 [ERROR] ConditionMgr:805 - Attr not supported : Dmpu
2024-09-20 16:23:36,929 [ERROR] ConditionMgr:805 - Attr not supported : Dmpu
2024-09-20 16:23:36,929 [ERROR] ConditionMgr:805 - Attr not supported : Dmpu
2024-09-20 16:23:36,929 [ERROR] ConditionMgr:805 - Attr not supported : Dmpu
2024-09-20 16:23:36,929 [ERROR] ConditionMgr:805 - Attr not supported : Dmpu
2024-09-20 16:23:36,929 [ERROR] ConditionMgr:805 - Attr not supported : Dmpu
2024-09-20 16:23:36,929 [ERROR] ConditionMgr:805 - Attr not supported : Dmpu
2024-09-20 16:23:36,929 [ERROR] ConditionMgr:805 - Attr not supported : Dmpu
2024-09-20 16:23:36,929 [ERROR] ConditionMgr:805 - Attr not supported : Dmpu
2024-09-20 16:23:36,929 [ERROR] ConditionMgr:805 - Attr not supported : Dmpu
2024-09-20 16:23:36,929 [ERROR] ConditionMgr:805 - Attr not supported : Dmpu
2024-09-20 16:23:36,929 [ERROR] ConditionMgr:805 - Attr not supported : Dmpu
2024-09-20 16:23:36,929 [ERROR] ConditionMgr:805 - Attr not supported : Dmpu
2024-09-20 16:23:36,929 [ERROR] ConditionMgr:805 - Attr not supported : Dmpu
2024-09-20 16:23:36,929 [ERROR] ConditionMgr:805 - Attr not supported : Dmpu
2024-09-20 16:23:36,929 [ERROR] ConditionMgr:805 - Attr not supported : Dmpu
2024-09-20 16:23:36,929 [ERROR] ConditionMgr:805 - Attr not supported : Dmpu
2024-09-20 16:23:36,929 [ERROR] ConditionMgr:805 - Attr not supported : Dmpu
2024-09-20 16:23:36,930 [ERROR] ConditionMgr:805 - Attr not supported : Dmpu
2024-09-20 16:23:36,930 [ERROR] ConditionMgr:805 - Attr not supported : Dmpu
2024-09-20 16:23:36,930 [ERROR] ConditionMgr:805 - Attr not supported : Dmpu
2024-09-20 16:23:36,930 [ERROR] ConditionMgr:805 - Attr not supported : Dmpu
2024-09-20 16:23:36,930 [ERROR] ConditionMgr:805 - Attr not supported : Dmpu
2024-09-20 16:23:36,930 [ERROR] ConditionMgr:805 - Attr not supported : Dmpu
2024-09-20 16:23:36,930 [ERROR] ConditionMgr:805 - Attr not supported : Dmpu
2024-09-20 16:23:36,930 [ERROR] ConditionMgr:805 - Attr not supported : Dmpu
2024-09-20 16:23:36,937 [WARN] PackLoader:240 - Cannot read IP mode file for STMicroelectronics.X-CUBE-BLEMGR.3.0.0
2024-09-20 16:23:36,944 [WARN] PackLoader:240 - Cannot read IP mode file for RealThread.X-CUBE-RT-Thread_Nano.4.1.1
2024-09-20 16:23:36,948 [WARN] PackLoader:240 - Cannot read IP mode file for STMicroelectronics.FP-ATR-SIGFOX1.3.2.0
2024-09-20 16:23:36,953 [WARN] PackLoader:240 - Cannot read IP mode file for STMicroelectronics.X-CUBE-EEPRMA1.5.1.0
2024-09-20 16:23:36,959 [WARN] PackLoader:240 - Cannot read IP mode file for emotas.I-CUBE-CANOPEN.1.1.2
2024-09-20 16:23:36,961 [WARN] PackLoader:240 - Cannot read IP mode file for STMicroelectronics.X-CUBE-TOUCHGFX.4.20.0
2024-09-20 16:23:36,995 [WARN] PackLoader:240 - Cannot read IP mode file for STMicroelectronics.X-CUBE-MEMS1.9.5.0
2024-09-20 16:23:37,091 [WARN] PackLoader:240 - Cannot read IP mode file for SEGGER.I-CUBE-embOS.1.3.1
2024-09-20 16:23:37,115 [WARN] PackLoader:240 - Cannot read IP mode file for STMicroelectronics.X-CUBE-ALGOBUILD.1.4.0
2024-09-20 16:23:37,121 [WARN] PackLoader:240 - Cannot read IP mode file for STMicroelectronics.X-CUBE-GNSS1.6.0.0
2024-09-20 16:23:37,131 [WARN] PackLoader:240 - Cannot read IP mode file for STMicroelectronics.X-CUBE-AZRTOS-F4.1.1.0
2024-09-20 16:23:37,135 [WARN] PackLoader:240 - Cannot read IP mode file for STMicroelectronics.X-CUBE-ISPU.2.1.0
2024-09-20 16:23:37,139 [WARN] PackLoader:240 - Cannot read IP mode file for STMicroelectronics.X-CUBE-FREERTOS.1.2.0
2024-09-20 16:23:37,148 [WARN] PackLoader:240 - Cannot read IP mode file for STMicroelectronics.X-CUBE-AZRTOS-L5.2.0.0
2024-09-20 16:23:37,152 [WARN] PackLoader:240 - Cannot read IP mode file for STMicroelectronics.X-CUBE-EEPRMA1.4.2.0
2024-09-20 16:23:37,159 [WARN] PackLoader:240 - Cannot read IP mode file for STMicroelectronics.X-CUBE-NFC6.3.1.0
2024-09-20 16:23:37,166 [WARN] PackLoader:240 - Cannot read IP mode file for ITTIA_DB.I-CUBE-ITTIADB.8.8.0
2024-09-20 16:23:37,173 [WARN] PackLoader:240 - Cannot read IP mode file for STMicroelectronics.X-CUBE-BLEMGR.2.0.0
2024-09-20 16:23:37,181 [WARN] PackLoader:240 - Cannot read IP mode file for STMicroelectronics.X-CUBE-DPower.1.2.0
2024-09-20 16:23:37,185 [WARN] PackLoader:240 - Cannot read IP mode file for STMicroelectronics.X-CUBE-NFC4.2.0.4
2024-09-20 16:23:37,188 [WARN] PackLoader:240 - Cannot read IP mode file for STMicroelectronics.X-CUBE-AI.9.0.0
2024-09-20 16:23:37,200 [WARN] ConditionMgr:438 - getConditionDescription Invalid condition id : UX DEVICE CLASS RTOS Condition cause : null
2024-09-20 16:23:37,200 [WARN] ConditionMgr:438 - getConditionDescription Invalid condition id : UX DEVICE CLASS RTOS Condition cause : null
2024-09-20 16:23:37,202 [WARN] PackLoader:240 - Cannot read IP mode file for STMicroelectronics.X-CUBE-AZRTOS-H7.3.1.0
2024-09-20 16:23:37,202 [WARN] ConditionMgr:1039 - genDependencies : Invalid condition id : UX DEVICE CLASS RTOS Condition cause : null
2024-09-20 16:23:37,202 [WARN] ConditionMgr:1039 - genDependencies : Invalid condition id : UX DEVICE CLASS RTOS Condition cause : null
2024-09-20 16:23:37,203 [WARN] ConditionMgr:1039 - genDependencies : Invalid condition id : UX DEVICE CLASS RTOS Condition cause : null
2024-09-20 16:23:37,203 [WARN] ConditionMgr:1039 - genDependencies : Invalid condition id : UX DEVICE CLASS RTOS Condition cause : null
2024-09-20 16:23:37,203 [WARN] ConditionMgr:1039 - genDependencies : Invalid condition id : UX DEVICE CLASS RTOS Condition cause : null
2024-09-20 16:23:37,207 [WARN] PackLoader:240 - Cannot read IP mode file for wolfSSL.I-CUBE-wolfSSL.5.5.0
2024-09-20 16:23:37,211 [WARN] PackLoader:240 - Cannot read IP mode file for STMicroelectronics.X-CUBE-NFC7.1.0.1
2024-09-20 16:23:37,216 [WARN] PackLoader:240 - Cannot read IP mode file for STMicroelectronics.X-CUBE-NFC7.1.0.0
2024-09-20 16:23:37,222 [WARN] PackLoader:240 - Cannot read IP mode file for wolfSSL.I-CUBE-wolfTPM.3.2.0
2024-09-20 16:23:37,227 [WARN] PackLoader:240 - Cannot read IP mode file for STMicroelectronics.X-CUBE-NFC6.3.0.0
2024-09-20 16:23:37,232 [WARN] PackLoader:240 - Cannot read IP mode file for STMicroelectronics.X-CUBE-EEPRMA1.4.1.0
2024-09-20 16:23:37,235 [WARN] PackLoader:240 - Cannot read IP mode file for STMicroelectronics.X-CUBE-AI.8.1.0
2024-09-20 16:23:37,245 [WARN] ConditionMgr:438 - getConditionDescription Invalid condition id : LAN8742 Phy interface Condition cause : null
2024-09-20 16:23:37,246 [WARN] PackLoader:240 - Cannot read IP mode file for STMicroelectronics.X-CUBE-AZRTOS-L4.2.0.0
2024-09-20 16:23:37,246 [WARN] ConditionMgr:1039 - genDependencies : Invalid condition id : LAN8742 Phy interface Condition cause : null
2024-09-20 16:23:37,246 [WARN] ConditionMgr:1039 - genDependencies : Invalid condition id : LAN8742 Phy interface Condition cause : null
2024-09-20 16:23:37,247 [WARN] ConditionMgr:1039 - genDependencies : Invalid condition id : LAN8742 Phy interface Condition cause : null
2024-09-20 16:23:37,254 [WARN] PackLoader:240 - Cannot read IP mode file for STMicroelectronics.X-CUBE-SFXS2LP1.4.0.0
2024-09-20 16:23:37,264 [WARN] PackLoader:240 - Cannot read IP mode file for STMicroelectronics.X-CUBE-AZRTOS-H7.3.0.0
2024-09-20 16:23:37,267 [WARN] PackLoader:240 - Cannot read IP mode file for STMicroelectronics.X-CUBE-ISPU.1.1.0
2024-09-20 16:23:37,275 [WARN] PackLoader:240 - Cannot read IP mode file for STMicroelectronics.X-CUBE-AZRTOS-H7.3.3.0
2024-09-20 16:23:37,283 [WARN] PackLoader:240 - Cannot read IP mode file for RoweBots.I-CUBE-UNISONRTOS.5.5.0-4
2024-09-20 16:23:37,286 [WARN] PackLoader:240 - Cannot read IP mode file for STMicroelectronics.X-CUBE-AI.8.0.0
2024-09-20 16:23:37,293 [WARN] ConditionMgr:438 - getConditionDescription Invalid condition id : UX DEVICE CLASS RTOS Condition cause : null
2024-09-20 16:23:37,293 [WARN] ConditionMgr:438 - getConditionDescription Invalid condition id : UX DEVICE CLASS RTOS Condition cause : null
2024-09-20 16:23:37,294 [WARN] PackLoader:240 - Cannot read IP mode file for STMicroelectronics.X-CUBE-AZRTOS-WB.2.0.0
2024-09-20 16:23:37,294 [WARN] ConditionMgr:1039 - genDependencies : Invalid condition id : UX DEVICE CLASS RTOS Condition cause : null
2024-09-20 16:23:37,294 [WARN] ConditionMgr:1039 - genDependencies : Invalid condition id : UX DEVICE CLASS RTOS Condition cause : null
2024-09-20 16:23:37,294 [WARN] ConditionMgr:1039 - genDependencies : Invalid condition id : UX DEVICE CLASS RTOS Condition cause : null
2024-09-20 16:23:37,295 [WARN] ConditionMgr:1039 - genDependencies : Invalid condition id : UX DEVICE CLASS RTOS Condition cause : null
2024-09-20 16:23:37,295 [WARN] ConditionMgr:1039 - genDependencies : Invalid condition id : UX DEVICE CLASS RTOS Condition cause : null
2024-09-20 16:23:37,298 [WARN] PackLoader:240 - Cannot read IP mode file for STMicroelectronics.X-CUBE-FREERTOS.1.0.0
2024-09-20 16:23:37,301 [WARN] PackLoader:240 - Cannot read IP mode file for STMicroelectronics.X-CUBE-GNSS1.7.0.0
2024-09-20 16:23:37,306 [WARN] PackLoader:240 - Cannot read IP mode file for STMicroelectronics.X-CUBE-BLEMGR.1.0.0
2024-09-20 16:23:37,312 [WARN] PackLoader:240 - Cannot read IP mode file for STMicroelectronics.FP-SNS-STBOX1.2.0.0
2024-09-20 16:23:37,324 [WARN] PackLoader:240 - Cannot read IP mode file for STMicroelectronics.X-CUBE-AZRTOS-L5.1.1.0
2024-09-20 16:23:37,335 [WARN] PackLoader:240 - Cannot read IP mode file for STMicroelectronics.X-CUBE-SUBG2.5.0.0
2024-09-20 16:23:37,342 [WARN] PackLoader:240 - Cannot read IP mode file for Cesanta.I-CUBE-Mongoose.7.13.0
2024-09-20 16:23:37,350 [WARN] PackLoader:240 - Cannot read IP mode file for STMicroelectronics.X-CUBE-TOF1.3.3.1
2024-09-20 16:23:37,363 [WARN] PackLoader:240 - Cannot read IP mode file for STMicroelectronics.X-CUBE-AZRTOS-G4.2.0.0
2024-09-20 16:23:37,368 [WARN] PackLoader:240 - Cannot read IP mode file for STMicroelectronics.X-CUBE-TOF1.3.3.0
2024-09-20 16:23:37,374 [WARN] PackLoader:240 - Cannot read IP mode file for STMicroelectronics.FP-ATR-ASTRA1.1.1.1
2024-09-20 16:23:37,380 [WARN] PackLoader:240 - Cannot read IP mode file for Infineon.AIROC-Wi-Fi-Bluetooth-STM32.1.5.1
2024-09-20 16:23:37,390 [WARN] PackLoader:240 - Cannot read IP mode file for STMicroelectronics.X-CUBE-AZRTOS-G4.1.0.0
2024-09-20 16:23:37,401 [WARN] PackLoader:240 - Cannot read IP mode file for STMicroelectronics.X-CUBE-AZRTOS-L4.1.0.0
2024-09-20 16:23:37,405 [WARN] PackLoader:240 - Cannot read IP mode file for STMicroelectronics.X-CUBE-ISPU.2.0.0
2024-09-20 16:23:37,481 [WARN] PackLoader:240 - Cannot read IP mode file for STMicroelectronics.X-CUBE-ALS.1.0.2
2024-09-20 16:23:37,498 [WARN] PackLoader:240 - Cannot read IP mode file for STMicroelectronics.X-CUBE-MEMS1.10.0.0
2024-09-20 16:23:37,552 [WARN] PackLoader:240 - Cannot read IP mode file for STMicroelectronics.X-CUBE-FREERTOS.1.1.0
2024-09-20 16:23:37,555 [WARN] PackLoader:240 - Cannot read IP mode file for STMicroelectronics.X-CUBE-TOUCHGFX.4.24.0
2024-09-20 16:23:37,562 [WARN] PackLoader:240 - Cannot read IP mode file for STMicroelectronics.X-CUBE-AZRTOS-WL.1.0.0
2024-09-20 16:23:37,565 [WARN] PackLoader:240 - Cannot read IP mode file for portGmbH.I-Cube-SoM-uGOAL.1.1.0
2024-09-20 16:23:37,568 [WARN] PackLoader:240 - Cannot read IP mode file for STMicroelectronics.X-CUBE-ALS.1.0.1
2024-09-20 16:23:37,574 [WARN] PackLoader:240 - Cannot read IP mode file for STMicroelectronics.X-CUBE-AZRTOS-WB.1.1.0
2024-09-20 16:23:37,581 [WARN] PackLoader:240 - Cannot read IP mode file for STMicroelectronics.X-CUBE-AZRTOS-L5.1.0.0
2024-09-20 16:23:37,586 [WARN] PackLoader:240 - Cannot read IP mode file for STMicroelectronics.X-CUBE-EEPRMA1.3.1.1
2024-09-20 16:23:37,594 [WARN] PackLoader:240 - Cannot read IP mode file for STMicroelectronics.X-CUBE-AZRTOS-H7RS.1.0.0
2024-09-20 16:23:37,598 [WARN] PackLoader:240 - Cannot read IP mode file for STMicroelectronics.FP-ATR-ASTRA1.2.0.0
2024-09-20 16:23:37,603 [WARN] PackLoader:240 - Cannot read IP mode file for STMicroelectronics.X-CUBE-TOF1.3.4.2
2024-09-20 16:23:37,613 [WARN] PackLoader:240 - Cannot read IP mode file for wolfSSL.I-CUBE-wolfSSH.1.4.17
2024-09-20 16:23:37,614 [INFO] ThirdParty:978 - Integrity check success = true
2024-09-20 16:23:37,614 [INFO] IntegrityCheckThread:100 - exiting critical section [integrity check]
2024-09-20 16:23:37,614 [INFO] IntegrityCheckThread:103 - End integrity checks thread
2024-09-20 16:36:01,002 [ERROR] LogOutputStream:75 - [STDERR_REDIRECT] 
