2024-09-23 11:31:11,017 [INFO] Activator:176 - 


2024-09-23 11:31:11,055 [INFO] Activator:177 - !SESSION log4j initialized
2024-09-23 11:31:17,865 [INFO] LogOutputStream:77 - [STDOUT_REDIRECT] 
2024-09-23 11:31:23,426 [INFO] ApplicationProperties:184 - Using Application install path: C:\ST\STM32CubeIDE_1.10.1\STM32CubeIDE\plugins\com.st.stm32cube.common.mx_6.12.0.202406281431
2024-09-23 11:31:23,446 [INFO] DbMcusXml:78 - Set database path to: C:\ST\STM32CubeIDE_1.10.1\STM32CubeIDE\plugins\com.st.stm32cube.common.mx_6.12.0.202406281431\\db\/mcu/
2024-09-23 11:31:23,446 [INFO] ApiDb:274 - Set plugin database path to: C:\ST\STM32CubeIDE_1.10.1\STM32CubeIDE\plugins\com.st.stm32cube.common.mx_6.12.0.202406281431\\db\/plugins/boardmanager/
2024-09-23 11:31:23,448 [WARN] ApiDb:259 - Overriding images path with different value:  => C:\ST\STM32CubeIDE_1.10.1\STM32CubeIDE\plugins\com.st.stm32cube.common.mx_6.12.0.202406281431\\db\/plugins/mcufinder/images/
2024-09-23 11:31:23,453 [INFO] ApiDb:250 - Set database path to: C:\Users\gerdon\.stmcufinder\plugins\mcufinder//mcu/
2024-09-23 11:31:23,454 [INFO] DbMcusAds:125 - Set database path to: C:\Users\gerdon\.stmcufinder\plugins\mcufinder//mcu/
2024-09-23 11:31:23,460 [INFO] CrossReferenceDbSqlite:203 - Set database path to: C:\Users\gerdon\.stmcufinder\plugins\mcufinder//mcu/cs/
2024-09-23 11:31:23,547 [INFO] RulesReader:64 - Compatibility file has been processed (297 Rules)
2024-09-23 11:31:23,622 [INFO] DbMcusXml:78 - Set database path to: C:\ST\STM32CubeIDE_1.10.1\STM32CubeIDE\plugins\com.st.stm32cube.common.mx_6.12.0.202406281431\\db\/mcu/
2024-09-23 11:31:23,622 [INFO] ApiDb:274 - Set plugin database path to: C:\ST\STM32CubeIDE_1.10.1\STM32CubeIDE\plugins\com.st.stm32cube.common.mx_6.12.0.202406281431\\db\/plugins/boardmanager/
2024-09-23 11:31:23,622 [INFO] ApiDb:261 - Set plugin images path to: C:\ST\STM32CubeIDE_1.10.1\STM32CubeIDE\plugins\com.st.stm32cube.common.mx_6.12.0.202406281431\\db\/plugins/mcufinder/images/
2024-09-23 11:31:23,623 [WARN] DbFile:41 - Overriding database path with different value: C:\Users\gerdon\.stmcufinder\plugins\mcufinder/ => C:\Users\gerdon\.stmcufinder\plugins\mcufinder
2024-09-23 11:31:23,623 [INFO] ApiDb:250 - Set database path to: C:\Users\gerdon\.stmcufinder\plugins\mcufinder//mcu/
2024-09-23 11:31:23,623 [WARN] DbFile:41 - Overriding database path with different value: C:\Users\gerdon\.stmcufinder\plugins\mcufinder/ => C:\Users\gerdon\.stmcufinder\plugins\mcufinder
2024-09-23 11:31:23,623 [INFO] DbMcusAds:125 - Set database path to: C:\Users\gerdon\.stmcufinder\plugins\mcufinder//mcu/
2024-09-23 11:31:23,623 [WARN] DbFile:41 - Overriding database path with different value: C:\Users\gerdon\.stmcufinder\plugins\mcufinder/ => C:\Users\gerdon\.stmcufinder\plugins\mcufinder
2024-09-23 11:31:23,623 [WARN] DbFile:41 - Overriding database path with different value: C:\Users\gerdon\.stmcufinder\plugins\mcufinder/ => C:\Users\gerdon\.stmcufinder\plugins\mcufinder
2024-09-23 11:31:23,623 [INFO] CrossReferenceDbSqlite:203 - Set database path to: C:\Users\gerdon\.stmcufinder\plugins\mcufinder//mcu/cs/
2024-09-23 11:31:23,688 [INFO] MainPanel:268 - HeapMemory: 268435456
2024-09-23 11:31:23,768 [INFO] DbMcusXml:78 - Set database path to: C:\ST\STM32CubeIDE_1.10.1\STM32CubeIDE\plugins\com.st.stm32cube.common.mx_6.12.0.202406281431\\db\/mcu/
2024-09-23 11:31:23,768 [INFO] ApiDb:274 - Set plugin database path to: C:\ST\STM32CubeIDE_1.10.1\STM32CubeIDE\plugins\com.st.stm32cube.common.mx_6.12.0.202406281431\\db\/plugins/boardmanager/
2024-09-23 11:31:23,768 [INFO] ApiDb:261 - Set plugin images path to: C:\ST\STM32CubeIDE_1.10.1\STM32CubeIDE\plugins\com.st.stm32cube.common.mx_6.12.0.202406281431\\db\/plugins/mcufinder/images/
2024-09-23 11:31:23,769 [WARN] DbFile:41 - Overriding database path with different value: C:\Users\gerdon\.stmcufinder\plugins\mcufinder/ => C:\Users\gerdon\.stmcufinder\plugins\mcufinder
2024-09-23 11:31:23,769 [INFO] ApiDb:250 - Set database path to: C:\Users\gerdon\.stmcufinder\plugins\mcufinder//mcu/
2024-09-23 11:31:23,769 [WARN] DbFile:41 - Overriding database path with different value: C:\Users\gerdon\.stmcufinder\plugins\mcufinder/ => C:\Users\gerdon\.stmcufinder\plugins\mcufinder
2024-09-23 11:31:23,769 [INFO] DbMcusAds:125 - Set database path to: C:\Users\gerdon\.stmcufinder\plugins\mcufinder//mcu/
2024-09-23 11:31:23,769 [WARN] DbFile:41 - Overriding database path with different value: C:\Users\gerdon\.stmcufinder\plugins\mcufinder/ => C:\Users\gerdon\.stmcufinder\plugins\mcufinder
2024-09-23 11:31:23,769 [WARN] DbFile:41 - Overriding database path with different value: C:\Users\gerdon\.stmcufinder\plugins\mcufinder/ => C:\Users\gerdon\.stmcufinder\plugins\mcufinder
2024-09-23 11:31:23,769 [INFO] CrossReferenceDbSqlite:203 - Set database path to: C:\Users\gerdon\.stmcufinder\plugins\mcufinder//mcu/cs/
2024-09-23 11:31:23,783 [INFO] ApplicationProperties:184 - Using Application install path: C:\ST\STM32CubeIDE_1.10.1\STM32CubeIDE\plugins\com.st.stm32cube.common.mx_6.12.0.202406281431
2024-09-23 11:31:23,785 [INFO] PluginManage:196 - Search for loadable plugins [exclusion list=, ]
2024-09-23 11:31:23,785 [INFO] PluginManage:310 - Check plugin analytics
2024-09-23 11:31:23,965 [INFO] AnalyticsPlugin:253 - Accepted Software Licenses: STM32CubeMX.6.9.2
2024-09-23 11:31:23,966 [INFO] AnalyticsPlugin:255 - Accepted CMSIS Pack Licenses: 
2024-09-23 11:31:23,966 [INFO] AnalyticsPlugin:257 - Accepted Firmware Licenses: 
2024-09-23 11:31:23,968 [INFO] PluginManage:359 - Loaded plugin analytics (category:tool,tabindex:-1)
2024-09-23 11:31:23,968 [INFO] PluginManage:310 - Check plugin cadmodel
2024-09-23 11:31:23,974 [INFO] CADModel:105 - Init CAD model plugin
2024-09-23 11:31:23,975 [INFO] PluginManage:359 - Loaded plugin cadmodel (category:power,tabindex:5)
2024-09-23 11:31:23,975 [INFO] PluginManage:310 - Check plugin clock
2024-09-23 11:31:23,988 [INFO] PluginManage:359 - Loaded plugin clock (category:base,tabindex:2)
2024-09-23 11:31:23,988 [INFO] PluginManage:310 - Check plugin ddr
2024-09-23 11:31:23,992 [INFO] PluginManage:359 - Loaded plugin ddr (category:tool,tabindex:6)
2024-09-23 11:31:23,992 [INFO] PluginManage:310 - Check plugin filemanager
2024-09-23 11:31:24,118 [INFO] PluginManage:359 - Loaded plugin filemanager (category:base,tabindex:10)
2024-09-23 11:31:24,118 [INFO] PluginManage:310 - Check plugin ipmanager
2024-09-23 11:31:24,124 [INFO] PluginManage:359 - Loaded plugin ipmanager (category:base,tabindex:5)
2024-09-23 11:31:24,124 [INFO] PluginManage:310 - Check plugin lpbam
2024-09-23 11:31:24,131 [INFO] PluginManage:359 - Loaded plugin lpbam (category:base,tabindex:0)
2024-09-23 11:31:24,132 [INFO] PluginManage:310 - Check plugin memorymap
2024-09-23 11:31:24,146 [INFO] PluginManage:359 - Loaded plugin memorymap (category:base,tabindex:4)
2024-09-23 11:31:24,146 [INFO] PluginManage:310 - Check plugin pinoutandconfiguration
2024-09-23 11:31:24,155 [INFO] PluginManage:359 - Loaded plugin pinoutandconfiguration (category:base,tabindex:1)
2024-09-23 11:31:24,156 [INFO] PluginManage:310 - Check plugin pinoutconfig
2024-09-23 11:31:24,244 [WARN] SupportedApi:132 - Cannot load RTOS API schema: s4s-elt-must-match.1: The content of 'definitions' must match (annotation?, (simpleType | complexType)?, (unique | key | keyref)*)). A problem was found starting at: attribute.
2024-09-23 11:31:24,392 [INFO] PluginManage:359 - Loaded plugin pinoutconfig (category:base,tabindex:0)
2024-09-23 11:31:24,392 [INFO] PluginManage:310 - Check plugin power
2024-09-23 11:31:24,401 [INFO] PluginManage:359 - Loaded plugin power (category:power,tabindex:4)
2024-09-23 11:31:24,401 [INFO] PluginManage:310 - Check plugin projectmanager
2024-09-23 11:31:24,413 [INFO] PluginManage:359 - Loaded plugin projectmanager (category:projectmanager,tabindex:4)
2024-09-23 11:31:24,413 [INFO] PluginManage:310 - Check plugin rif
2024-09-23 11:31:24,420 [INFO] PluginManage:359 - Loaded plugin rif (category:base,tabindex:3)
2024-09-23 11:31:24,420 [INFO] PluginManage:310 - Check plugin thirdparty
2024-09-23 11:31:24,531 [WARN] IntegrityCheckThread:84 - waiting for thirdparty lock release [integrity check]
2024-09-23 11:31:24,531 [INFO] IntegrityCheckThread:86 - entering critical section [integrity check]
2024-09-23 11:31:24,532 [INFO] PluginManage:359 - Loaded plugin thirdparty (category:base,tabindex:-1)
2024-09-23 11:31:24,532 [INFO] PluginManage:310 - Check plugin tools
2024-09-23 11:31:24,532 [INFO] ThirdPartyUpdaterWithRetryManager:70 - Updater plugin not ready yet. [1/15]
2024-09-23 11:31:24,534 [INFO] PluginManage:359 - Loaded plugin tools (category:base,tabindex:7)
2024-09-23 11:31:24,534 [INFO] PluginManage:310 - Check plugin tutovideos
2024-09-23 11:31:24,694 [INFO] PluginManage:359 - Loaded plugin tutovideos (category:base,tabindex:-1)
2024-09-23 11:31:24,694 [INFO] PluginManage:310 - Check plugin updater
2024-09-23 11:31:24,707 [INFO] PluginManage:359 - Loaded plugin updater (category:base,tabindex:12)
2024-09-23 11:31:24,707 [INFO] PluginManage:310 - Check plugin userauth
2024-09-23 11:31:24,711 [INFO] UserAuth:113 - Init User Auth plugin
2024-09-23 11:31:24,712 [INFO] PluginManage:359 - Loaded plugin userauth (category:base,tabindex:14)
2024-09-23 11:31:24,712 [INFO] PluginManage:283 - PluginManage : Loaded plugins [18]
2024-09-23 11:31:24,879 [INFO] PinOutPanel:1561 - setPackage(No Configuration,No Configuration)
2024-09-23 11:31:24,943 [INFO] CADModel:165 - CPN selected for project level
2024-09-23 11:31:24,943 [INFO] CADModel:114 - Register for checkConnection events
2024-09-23 11:31:24,958 [INFO] IPUIPlugin:80 - create IPUIPlugin
2024-09-23 11:31:24,959 [INFO] PluginManager:220 - loadIPPluginJar : add adc
2024-09-23 11:31:24,961 [INFO] IPUIPlugin:80 - create IPUIPlugin
2024-09-23 11:31:24,961 [INFO] PluginManager:220 - loadIPPluginJar : add aes
2024-09-23 11:31:24,964 [INFO] IPUIPlugin:80 - create IPUIPlugin
2024-09-23 11:31:24,964 [INFO] PluginManager:220 - loadIPPluginJar : add can
2024-09-23 11:31:24,966 [INFO] IPUIPlugin:80 - create IPUIPlugin
2024-09-23 11:31:24,966 [INFO] PluginManager:220 - loadIPPluginJar : add comp
2024-09-23 11:31:24,968 [INFO] IPUIPlugin:80 - create IPUIPlugin
2024-09-23 11:31:24,968 [INFO] PluginManager:220 - loadIPPluginJar : add cryp
2024-09-23 11:31:24,972 [INFO] IPUIPlugin:80 - create IPUIPlugin
2024-09-23 11:31:24,972 [INFO] PluginManager:220 - loadIPPluginJar : add ddr_ctrl_phy
2024-09-23 11:31:24,974 [INFO] IPUIPlugin:80 - create IPUIPlugin
2024-09-23 11:31:24,974 [INFO] PluginManager:220 - loadIPPluginJar : add dfsdm
2024-09-23 11:31:24,978 [INFO] IPUIPlugin:80 - create IPUIPlugin
2024-09-23 11:31:24,979 [INFO] PluginManager:220 - loadIPPluginJar : add dma
2024-09-23 11:31:24,981 [INFO] IPUIPlugin:80 - create IPUIPlugin
2024-09-23 11:31:24,981 [INFO] PluginManager:220 - loadIPPluginJar : add dma3
2024-09-23 11:31:24,984 [INFO] IPUIPlugin:80 - create IPUIPlugin
2024-09-23 11:31:24,984 [INFO] PluginManager:220 - loadIPPluginJar : add extmemmanager
2024-09-23 11:31:24,985 [INFO] IPUIPlugin:80 - create IPUIPlugin
2024-09-23 11:31:24,985 [INFO] PluginManager:220 - loadIPPluginJar : add fatfs
2024-09-23 11:31:24,990 [INFO] IPUIPlugin:80 - create IPUIPlugin
2024-09-23 11:31:24,990 [INFO] PluginManager:220 - loadIPPluginJar : add fmc
2024-09-23 11:31:24,995 [INFO] IPUIPlugin:80 - create IPUIPlugin
2024-09-23 11:31:24,995 [INFO] PluginManager:220 - loadIPPluginJar : add freertos
2024-09-23 11:31:24,997 [INFO] IPUIPlugin:80 - create IPUIPlugin
2024-09-23 11:31:24,997 [INFO] PluginManager:220 - loadIPPluginJar : add genericplugin
2024-09-23 11:31:24,998 [INFO] IPUIPlugin:80 - create IPUIPlugin
2024-09-23 11:31:24,998 [INFO] PluginManager:220 - loadIPPluginJar : add gfxmmu
2024-09-23 11:31:25,002 [INFO] IPUIPlugin:80 - create IPUIPlugin
2024-09-23 11:31:25,002 [INFO] PluginManager:220 - loadIPPluginJar : add gic
2024-09-23 11:31:25,006 [INFO] IPUIPlugin:80 - create IPUIPlugin
2024-09-23 11:31:25,006 [INFO] PluginManager:220 - loadIPPluginJar : add gpio
2024-09-23 11:31:25,009 [INFO] IPUIPlugin:80 - create IPUIPlugin
2024-09-23 11:31:25,009 [INFO] PluginManager:220 - loadIPPluginJar : add gtzc
2024-09-23 11:31:25,011 [INFO] IPUIPlugin:80 - create IPUIPlugin
2024-09-23 11:31:25,011 [INFO] PluginManager:220 - loadIPPluginJar : add hash
2024-09-23 11:31:25,013 [INFO] IPUIPlugin:80 - create IPUIPlugin
2024-09-23 11:31:25,013 [INFO] PluginManager:220 - loadIPPluginJar : add i2c
2024-09-23 11:31:25,015 [INFO] IPUIPlugin:80 - create IPUIPlugin
2024-09-23 11:31:25,015 [INFO] PluginManager:220 - loadIPPluginJar : add i2s
2024-09-23 11:31:25,017 [INFO] IPUIPlugin:80 - create IPUIPlugin
2024-09-23 11:31:25,017 [INFO] PluginManager:220 - loadIPPluginJar : add i3c
2024-09-23 11:31:25,020 [INFO] IPUIPlugin:80 - create IPUIPlugin
2024-09-23 11:31:25,020 [INFO] PluginManager:220 - loadIPPluginJar : add ipddr
2024-09-23 11:31:25,026 [INFO] IPUIPlugin:80 - create IPUIPlugin
2024-09-23 11:31:25,026 [INFO] PluginManager:220 - loadIPPluginJar : add linkedlist
2024-09-23 11:31:25,028 [INFO] IPUIPlugin:80 - create IPUIPlugin
2024-09-23 11:31:25,029 [INFO] PluginManager:220 - loadIPPluginJar : add lorawan
2024-09-23 11:31:25,030 [INFO] IPUIPlugin:80 - create IPUIPlugin
2024-09-23 11:31:25,030 [INFO] PluginManager:220 - loadIPPluginJar : add ltdc
2024-09-23 11:31:25,034 [INFO] IPUIPlugin:80 - create IPUIPlugin
2024-09-23 11:31:25,035 [INFO] PluginManager:220 - loadIPPluginJar : add mdma
2024-09-23 11:31:25,037 [INFO] IPUIPlugin:80 - create IPUIPlugin
2024-09-23 11:31:25,037 [INFO] PluginManager:220 - loadIPPluginJar : add nvic
2024-09-23 11:31:25,040 [INFO] IPUIPlugin:80 - create IPUIPlugin
2024-09-23 11:31:25,040 [INFO] PluginManager:220 - loadIPPluginJar : add opamp
2024-09-23 11:31:25,043 [INFO] IPUIPlugin:80 - create IPUIPlugin
2024-09-23 11:31:25,043 [INFO] PluginManager:220 - loadIPPluginJar : add openamp
2024-09-23 11:31:25,045 [INFO] IPUIPlugin:80 - create IPUIPlugin
2024-09-23 11:31:25,045 [INFO] PluginManager:220 - loadIPPluginJar : add pdm2pcm
2024-09-23 11:31:25,049 [INFO] IPUIPlugin:80 - create IPUIPlugin
2024-09-23 11:31:25,051 [INFO] PluginManager:220 - loadIPPluginJar : add plateformsettings
2024-09-23 11:31:25,052 [INFO] IPUIPlugin:80 - create IPUIPlugin
2024-09-23 11:31:25,052 [INFO] PluginManager:220 - loadIPPluginJar : add quadspi
2024-09-23 11:31:25,054 [INFO] IPUIPlugin:80 - create IPUIPlugin
2024-09-23 11:31:25,055 [INFO] PluginManager:220 - loadIPPluginJar : add radio
2024-09-23 11:31:25,059 [INFO] IPUIPlugin:80 - create IPUIPlugin
2024-09-23 11:31:25,059 [INFO] PluginManager:220 - loadIPPluginJar : add resmgrutility
2024-09-23 11:31:25,061 [INFO] IPUIPlugin:80 - create IPUIPlugin
2024-09-23 11:31:25,061 [INFO] PluginManager:220 - loadIPPluginJar : add sai
2024-09-23 11:31:25,063 [INFO] IPUIPlugin:80 - create IPUIPlugin
2024-09-23 11:31:25,063 [INFO] PluginManager:220 - loadIPPluginJar : add spi
2024-09-23 11:31:25,067 [INFO] IPUIPlugin:80 - create IPUIPlugin
2024-09-23 11:31:25,067 [INFO] PluginManager:220 - loadIPPluginJar : add stm32_wpan
2024-09-23 11:31:25,068 [INFO] IPUIPlugin:80 - create IPUIPlugin
2024-09-23 11:31:25,068 [INFO] PluginManager:220 - loadIPPluginJar : add tim
2024-09-23 11:31:25,073 [INFO] IPUIPlugin:80 - create IPUIPlugin
2024-09-23 11:31:25,073 [INFO] PluginManager:220 - loadIPPluginJar : add touchsensing
2024-09-23 11:31:25,074 [INFO] IPUIPlugin:80 - create IPUIPlugin
2024-09-23 11:31:25,074 [INFO] PluginManager:220 - loadIPPluginJar : add tracer_emb
2024-09-23 11:31:25,076 [INFO] IPUIPlugin:80 - create IPUIPlugin
2024-09-23 11:31:25,076 [INFO] PluginManager:220 - loadIPPluginJar : add ts
2024-09-23 11:31:25,077 [INFO] IPUIPlugin:80 - create IPUIPlugin
2024-09-23 11:31:25,077 [INFO] PluginManager:220 - loadIPPluginJar : add tsc
2024-09-23 11:31:25,078 [INFO] IPUIPlugin:80 - create IPUIPlugin
2024-09-23 11:31:25,078 [INFO] PluginManager:220 - loadIPPluginJar : add ucpd
2024-09-23 11:31:25,080 [INFO] IPUIPlugin:80 - create IPUIPlugin
2024-09-23 11:31:25,080 [INFO] PluginManager:220 - loadIPPluginJar : add usart
2024-09-23 11:31:25,083 [INFO] IPUIPlugin:80 - create IPUIPlugin
2024-09-23 11:31:25,083 [INFO] PluginManager:220 - loadIPPluginJar : add usbx
2024-09-23 11:31:25,191 [INFO] CADModel:165 - CPN selected for project level
2024-09-23 11:31:25,191 [INFO] CADModel:114 - Register for checkConnection events
2024-09-23 11:31:25,193 [FATAL] Updater:334 - Updater called before beeing initialized
2024-09-23 11:31:25,193 [ERROR] CADModel:125 - Updater not yet initialized, retry later 
2024-09-23 11:31:25,276 [INFO] CADModel:165 - CPN selected for project level
2024-09-23 11:31:25,276 [INFO] CADModel:114 - Register for checkConnection events
2024-09-23 11:31:25,276 [FATAL] Updater:334 - Updater called before beeing initialized
2024-09-23 11:31:25,276 [ERROR] CADModel:125 - Updater not yet initialized, retry later 
2024-09-23 11:31:25,279 [FATAL] Updater:334 - Updater called before beeing initialized
2024-09-23 11:31:25,352 [FATAL] Updater:334 - Updater called before beeing initialized
2024-09-23 11:31:25,359 [INFO] DbMcusAds:53 - JSON generation date=Mon Sep 16 15:39:53 IST 2024 (1726497593277)
2024-09-23 11:31:25,359 [FATAL] Updater:334 - Updater called before beeing initialized
2024-09-23 11:31:25,389 [WARN] DetailPanel:346 - Failed to get advertising image, set to default
2024-09-23 11:31:25,481 [FATAL] Updater:334 - Updater called before beeing initialized
2024-09-23 11:31:25,483 [FATAL] Updater:334 - Updater called before beeing initialized
2024-09-23 11:31:25,483 [FATAL] Updater:334 - Updater called before beeing initialized
2024-09-23 11:31:25,483 [WARN] DetailPanel:346 - Failed to get advertising image, set to default
2024-09-23 11:31:25,484 [FATAL] Updater:334 - Updater called before beeing initialized
2024-09-23 11:31:25,522 [ERROR] Updater:1164 - MainUpdater not yet initialized. External WinMGr cannot be set.
2024-09-23 11:31:25,525 [INFO] Updater:1100 - Updater Version found : 6.12.0
2024-09-23 11:31:25,540 [INFO] ApplicationProperties:184 - Using Application install path: C:\ST\STM32CubeIDE_1.10.1\STM32CubeIDE\plugins\com.st.stm32cube.common.mx_6.12.0.202406281431
2024-09-23 11:31:25,840 [INFO] MainUpdater:2873 - connection check result : 10
2024-09-23 11:31:25,840 [INFO] MainUpdater:3567 - Updater definition file requires update
2024-09-23 11:31:25,841 [INFO] MainUpdater:290 - Updater Check For Update Now.
2024-09-23 11:31:25,841 [INFO] MicroXplorer:498 - Change Database Version : DB.6.0.120
2024-09-23 11:31:25,846 [INFO] McuFinderGlobals:63 - Set McuFinder mode to 2 (CubeIDE integrated)
2024-09-23 11:31:25,846 [INFO] UserAuth:179 - activating auth plugin
2024-09-23 11:31:25,848 [INFO] UserAuth:417 - Internet connection configuration mode: 1
2024-09-23 11:31:25,862 [INFO] JxBrowserEngine:152 - Initiate JxBrowser Engine with user profile folder
2024-09-23 11:31:25,928 [INFO] ServerAccessManage:473 - Download File updaters.zip
2024-09-23 11:31:25,994 [INFO] FileExtend:240 - Unzip File : updaters.zip
2024-09-23 11:31:25,994 [INFO] FileExtend:255 - Standard Zip Deflate
2024-09-23 11:31:26,234 [INFO] ServerAccessManage:473 - Download File PacksControlFlags.xml
2024-09-23 11:31:26,319 [INFO] ServerAccessManage:473 - Download File cubemx.pidx
2024-09-23 11:31:26,795 [INFO] ServerAccessManage:473 - Download File STMicroelectronics.X-CUBE-TOUCHGFX.pdsc
2024-09-23 11:31:26,871 [INFO] WebApp:167 - Instantiating new browser for Auth
2024-09-23 11:31:27,535 [WARN] MainUpdater:1194 - Updater busy. Cannot search thirdparties
2024-09-23 11:31:27,535 [INFO] ThirdPartyUpdaterWithRetryManager:96 - Updater plugin is busy. [1/15]
2024-09-23 11:31:27,550 [INFO] WebApp:448 - Apply proxy settings
2024-09-23 11:31:27,550 [INFO] WebApp:533 - Chromium requires no authentication
2024-09-23 11:31:27,562 [INFO] WebApp:476 - Direct internet connection detected
2024-09-23 11:31:27,591 [INFO] WebApp:869 - Register for checkConnection events
2024-09-23 11:31:27,591 [INFO] WebApp:448 - Apply proxy settings
2024-09-23 11:31:27,591 [INFO] WebApp:533 - Chromium requires no authentication
2024-09-23 11:31:27,592 [INFO] WebApp:476 - Direct internet connection detected
2024-09-23 11:31:27,685 [INFO] WebApp:186 - Connection restablished
2024-09-23 11:31:27,823 [INFO] WebApp:220 - Starting web application
2024-09-23 11:31:27,823 [INFO] WebApp:578 - Web application path used C:\ST\STM32CubeIDE_1.10.1\STM32CubeIDE\plugins\com.st.stm32cube.common.mx_6.12.0.202406281431\db\plugins\mcufinder\reactClient1\index.html
2024-09-23 11:31:28,332 [WARN] PackLoader:240 - Cannot read IP mode file for STMicroelectronics.X-CUBE-TOUCHGFX.4.24.1
2024-09-23 11:31:28,333 [INFO] PopulateThirdPartyThread:66 - Ending populate Thread
2024-09-23 11:31:28,334 [INFO] ThirdParty:1030 - CMSIS Pack Vendor :STMicroelectronics X-CUBE-TOUCHGFX 4.24.1
2024-09-23 11:31:28,334 [INFO] LoadServerUpdatesThread:375 - End of LoadServerUpdate Thread
2024-09-23 11:31:28,411 [INFO] CheckServerUpdateThread:120 - End of CheckServer Thread
2024-09-23 11:31:30,660 [WARN] PackLoader:240 - Cannot read IP mode file for STMicroelectronics.FP-SNS-MOTENVWB1.1.4.0
2024-09-23 11:31:30,668 [WARN] PackLoader:240 - Cannot read IP mode file for STMicroelectronics.X-CUBE-SMBUS.2.1.0
2024-09-23 11:31:30,682 [WARN] PackLoader:240 - Cannot read IP mode file for STMicroelectronics.X-CUBE-AZRTOS-F7.1.1.0
2024-09-23 11:31:30,688 [WARN] PackLoader:240 - Cannot read IP mode file for STMicroelectronics.FP-SNS-MOTENV1.4.3.2
2024-09-23 11:31:30,695 [WARN] PackLoader:240 - Cannot read IP mode file for STMicroelectronics.X-CUBE-BLE1.6.2.3
2024-09-23 11:31:30,723 [WARN] PackLoader:240 - Cannot read IP mode file for STMicroelectronics.X-CUBE-MEMS1.11.0.0
2024-09-23 11:31:30,788 [WARN] PackLoader:240 - Cannot read IP mode file for STMicroelectronics.X-CUBE-BLE1.6.2.4
2024-09-23 11:31:30,790 [WARN] PackLoader:240 - Cannot read IP mode file for STMicroelectronics.FP-SNS-FLIGHT1.5.0.2
2024-09-23 11:31:30,795 [WARN] PackLoader:240 - Cannot read IP mode file for STMicroelectronics.X-CUBE-TOF1.3.1.0
2024-09-23 11:31:30,801 [WARN] PackLoader:240 - Cannot read IP mode file for STMicroelectronics.X-CUBE-DISPLAY.3.0.0
2024-09-23 11:31:30,806 [WARN] PackLoader:240 - Cannot read IP mode file for STMicroelectronics.X-CUBE-BLE1.7.0.0
2024-09-23 11:31:30,808 [WARN] PackLoader:240 - Cannot read IP mode file for STMicroelectronics.X-CUBE-TOUCHGFX.4.22.1
2024-09-23 11:31:30,823 [WARN] PackLoader:240 - Cannot read IP mode file for STMicroelectronics.X-CUBE-MEMS1.9.3.0
2024-09-23 11:31:30,879 [WARN] PackLoader:240 - Cannot read IP mode file for STMicroelectronics.X-CUBE-AI.7.2.0
2024-09-23 11:31:30,885 [WARN] PackLoader:240 - Cannot read IP mode file for STMicroelectronics.X-CUBE-BLEMGR.3.1.0
2024-09-23 11:31:30,890 [WARN] PackLoader:240 - Cannot read IP mode file for STMicroelectronics.FP-SNS-SMARTAG2.1.2.0
2024-09-23 11:31:30,896 [INFO] LogOutputStream:77 - [STDOUT_REDIRECT] 1 : Invalid condition id : UX_CORESTACK_Condition cause : null
2024-09-23 11:31:30,897 [INFO] LogOutputStream:77 - [STDOUT_REDIRECT] 1 : Invalid condition id : UX_CORESTACK_Condition cause : null
2024-09-23 11:31:30,898 [INFO] LogOutputStream:77 - [STDOUT_REDIRECT] 1 : Invalid condition id : UX_CORESTACK_Condition cause : null
2024-09-23 11:31:30,900 [INFO] LogOutputStream:77 - [STDOUT_REDIRECT] 1 : Invalid condition id : UX_CORESTACK_Condition cause : null
2024-09-23 11:31:30,901 [INFO] LogOutputStream:77 - [STDOUT_REDIRECT] 1 : Invalid condition id : UX_CORESTACK_Condition cause : null
2024-09-23 11:31:30,903 [WARN] PackLoader:240 - Cannot read IP mode file for STMicroelectronics.X-CUBE-AZRTOS-WL.2.0.0
2024-09-23 11:31:30,907 [WARN] PackLoader:240 - Cannot read IP mode file for STMicroelectronics.FP-SNS-MOTENV1.5.0.0
2024-09-23 11:31:30,910 [WARN] PackLoader:240 - Cannot read IP mode file for wolfSSL.I-CUBE-wolfMQTT.1.19.0
2024-09-23 11:31:30,915 [WARN] PackLoader:240 - Cannot read IP mode file for WES.I-CUBE-Cesium.1.3.0
2024-09-23 11:31:30,922 [WARN] PackLoader:240 - Cannot read IP mode file for STMicroelectronics.X-CUBE-BLE2.3.3.0
2024-09-23 11:31:30,926 [WARN] PackLoader:240 - Cannot read IP mode file for STMicroelectronics.X-CUBE-DISPLAY.2.2.0
2024-09-23 11:31:30,935 [WARN] PackLoader:240 - Cannot read IP mode file for STMicroelectronics.X-CUBE-TOF1.3.2.0
2024-09-23 11:31:30,944 [WARN] PackLoader:240 - Cannot read IP mode file for STMicroelectronics.X-CUBE-ISPU.1.0.0
2024-09-23 11:31:30,959 [WARN] PackLoader:240 - Cannot read IP mode file for STMicroelectronics.X-CUBE-AZRTOS-H7.2.1.0
2024-09-23 11:31:30,966 [WARN] PackLoader:240 - Cannot read IP mode file for STMicroelectronics.X-CUBE-TCPP.4.1.0
2024-09-23 11:31:30,971 [WARN] PackLoader:240 - Cannot read IP mode file for STMicroelectronics.X-CUBE-TOUCHGFX.4.21.1
2024-09-23 11:31:30,974 [WARN] PackLoader:240 - Cannot read IP mode file for STMicroelectronics.X-CUBE-TOUCHGFX.4.21.3
2024-09-23 11:31:30,978 [WARN] PackLoader:240 - Cannot read IP mode file for STMicroelectronics.X-CUBE-ALGOBUILD.1.3.0
2024-09-23 11:31:30,989 [WARN] PackLoader:240 - Cannot read IP mode file for STMicroelectronics.X-CUBE-AZRTOS-G0.1.1.0
2024-09-23 11:31:30,996 [WARN] PackLoader:240 - Cannot read IP mode file for STMicroelectronics.X-CUBE-SAFEA1.1.2.2
2024-09-23 11:31:31,000 [WARN] PackLoader:240 - Cannot read IP mode file for STMicroelectronics.X-CUBE-NFC4.3.0.0
2024-09-23 11:31:31,024 [WARN] PackLoader:240 - Cannot read IP mode file for SEGGER.I-CUBE-embOS.1.2.0
2024-09-23 11:31:31,052 [WARN] PackLoader:240 - Cannot read IP mode file for EmbeddedOffice.I-CUBE-FS-RTOS.1.0.1
2024-09-23 11:31:31,053 [ERROR] ConditionMgr:805 - Attr not supported : Dmpu
2024-09-23 11:31:31,053 [ERROR] ConditionMgr:805 - Attr not supported : Dmpu
2024-09-23 11:31:31,053 [ERROR] ConditionMgr:805 - Attr not supported : Dmpu
2024-09-23 11:31:31,053 [ERROR] ConditionMgr:805 - Attr not supported : Dmpu
2024-09-23 11:31:31,053 [ERROR] ConditionMgr:805 - Attr not supported : Dmpu
2024-09-23 11:31:31,053 [ERROR] ConditionMgr:805 - Attr not supported : Dmpu
2024-09-23 11:31:31,053 [ERROR] ConditionMgr:805 - Attr not supported : Dmpu
2024-09-23 11:31:31,053 [ERROR] ConditionMgr:805 - Attr not supported : Dmpu
2024-09-23 11:31:31,053 [ERROR] ConditionMgr:805 - Attr not supported : Dmpu
2024-09-23 11:31:31,054 [ERROR] ConditionMgr:805 - Attr not supported : Dmpu
2024-09-23 11:31:31,054 [ERROR] ConditionMgr:805 - Attr not supported : Dmpu
2024-09-23 11:31:31,054 [ERROR] ConditionMgr:805 - Attr not supported : Dmpu
2024-09-23 11:31:31,054 [ERROR] ConditionMgr:805 - Attr not supported : Dmpu
2024-09-23 11:31:31,054 [ERROR] ConditionMgr:805 - Attr not supported : Dmpu
2024-09-23 11:31:31,054 [ERROR] ConditionMgr:805 - Attr not supported : Dmpu
2024-09-23 11:31:31,054 [ERROR] ConditionMgr:805 - Attr not supported : Dmpu
2024-09-23 11:31:31,054 [ERROR] ConditionMgr:805 - Attr not supported : Dmpu
2024-09-23 11:31:31,054 [ERROR] ConditionMgr:805 - Attr not supported : Dmpu
2024-09-23 11:31:31,054 [ERROR] ConditionMgr:805 - Attr not supported : Dmpu
2024-09-23 11:31:31,055 [ERROR] ConditionMgr:805 - Attr not supported : Dmpu
2024-09-23 11:31:31,055 [ERROR] ConditionMgr:805 - Attr not supported : Dmpu
2024-09-23 11:31:31,055 [ERROR] ConditionMgr:805 - Attr not supported : Dmpu
2024-09-23 11:31:31,055 [ERROR] ConditionMgr:805 - Attr not supported : Dmpu
2024-09-23 11:31:31,055 [ERROR] ConditionMgr:805 - Attr not supported : Dmpu
2024-09-23 11:31:31,055 [ERROR] ConditionMgr:805 - Attr not supported : Dmpu
2024-09-23 11:31:31,055 [ERROR] ConditionMgr:805 - Attr not supported : Dmpu
2024-09-23 11:31:31,055 [ERROR] ConditionMgr:805 - Attr not supported : Dmpu
2024-09-23 11:31:31,055 [ERROR] ConditionMgr:805 - Attr not supported : Dmpu
2024-09-23 11:31:31,055 [ERROR] ConditionMgr:805 - Attr not supported : Dmpu
2024-09-23 11:31:31,055 [ERROR] ConditionMgr:805 - Attr not supported : Dmpu
2024-09-23 11:31:31,055 [ERROR] ConditionMgr:805 - Attr not supported : Dmpu
2024-09-23 11:31:31,056 [ERROR] ConditionMgr:805 - Attr not supported : Dmpu
2024-09-23 11:31:31,056 [ERROR] ConditionMgr:805 - Attr not supported : Dmpu
2024-09-23 11:31:31,056 [ERROR] ConditionMgr:805 - Attr not supported : Dmpu
2024-09-23 11:31:31,056 [ERROR] ConditionMgr:805 - Attr not supported : Dmpu
2024-09-23 11:31:31,056 [ERROR] ConditionMgr:805 - Attr not supported : Dmpu
2024-09-23 11:31:31,056 [ERROR] ConditionMgr:805 - Attr not supported : Dmpu
2024-09-23 11:31:31,056 [ERROR] ConditionMgr:805 - Attr not supported : Dmpu
2024-09-23 11:31:31,056 [ERROR] ConditionMgr:805 - Attr not supported : Dmpu
2024-09-23 11:31:31,056 [ERROR] ConditionMgr:805 - Attr not supported : Dmpu
2024-09-23 11:31:31,056 [ERROR] ConditionMgr:805 - Attr not supported : Dmpu
2024-09-23 11:31:31,056 [ERROR] ConditionMgr:805 - Attr not supported : Dmpu
2024-09-23 11:31:31,057 [ERROR] ConditionMgr:805 - Attr not supported : Dmpu
2024-09-23 11:31:31,057 [ERROR] ConditionMgr:805 - Attr not supported : Dmpu
2024-09-23 11:31:31,057 [ERROR] ConditionMgr:805 - Attr not supported : Dmpu
2024-09-23 11:31:31,057 [ERROR] ConditionMgr:805 - Attr not supported : Dmpu
2024-09-23 11:31:31,057 [ERROR] ConditionMgr:805 - Attr not supported : Dmpu
2024-09-23 11:31:31,057 [ERROR] ConditionMgr:805 - Attr not supported : Dmpu
2024-09-23 11:31:31,057 [ERROR] ConditionMgr:805 - Attr not supported : Dmpu
2024-09-23 11:31:31,057 [ERROR] ConditionMgr:805 - Attr not supported : Dmpu
2024-09-23 11:31:31,057 [ERROR] ConditionMgr:805 - Attr not supported : Dmpu
2024-09-23 11:31:31,057 [ERROR] ConditionMgr:805 - Attr not supported : Dmpu
2024-09-23 11:31:31,057 [ERROR] ConditionMgr:805 - Attr not supported : Dmpu
2024-09-23 11:31:31,057 [ERROR] ConditionMgr:805 - Attr not supported : Dmpu
2024-09-23 11:31:31,058 [ERROR] ConditionMgr:805 - Attr not supported : Dmpu
2024-09-23 11:31:31,058 [ERROR] ConditionMgr:805 - Attr not supported : Dmpu
2024-09-23 11:31:31,058 [ERROR] ConditionMgr:805 - Attr not supported : Dmpu
2024-09-23 11:31:31,058 [ERROR] ConditionMgr:805 - Attr not supported : Dmpu
2024-09-23 11:31:31,058 [ERROR] ConditionMgr:805 - Attr not supported : Dmpu
2024-09-23 11:31:31,058 [ERROR] ConditionMgr:805 - Attr not supported : Dmpu
2024-09-23 11:31:31,058 [ERROR] ConditionMgr:805 - Attr not supported : Dmpu
2024-09-23 11:31:31,058 [ERROR] ConditionMgr:805 - Attr not supported : Dmpu
2024-09-23 11:31:31,058 [ERROR] ConditionMgr:805 - Attr not supported : Dmpu
2024-09-23 11:31:31,058 [ERROR] ConditionMgr:805 - Attr not supported : Dmpu
2024-09-23 11:31:31,065 [WARN] PackLoader:240 - Cannot read IP mode file for STMicroelectronics.X-CUBE-BLEMGR.3.0.0
2024-09-23 11:31:31,071 [WARN] PackLoader:240 - Cannot read IP mode file for RealThread.X-CUBE-RT-Thread_Nano.4.1.1
2024-09-23 11:31:31,074 [WARN] PackLoader:240 - Cannot read IP mode file for STMicroelectronics.FP-ATR-SIGFOX1.3.2.0
2024-09-23 11:31:31,081 [WARN] PackLoader:240 - Cannot read IP mode file for STMicroelectronics.X-CUBE-EEPRMA1.5.1.0
2024-09-23 11:31:31,087 [WARN] PackLoader:240 - Cannot read IP mode file for emotas.I-CUBE-CANOPEN.1.1.2
2024-09-23 11:31:31,090 [WARN] PackLoader:240 - Cannot read IP mode file for STMicroelectronics.X-CUBE-TOUCHGFX.4.20.0
2024-09-23 11:31:31,117 [WARN] PackLoader:240 - Cannot read IP mode file for STMicroelectronics.X-CUBE-MEMS1.9.5.0
2024-09-23 11:31:31,197 [WARN] PackLoader:240 - Cannot read IP mode file for SEGGER.I-CUBE-embOS.1.3.1
2024-09-23 11:31:31,213 [WARN] PackLoader:240 - Cannot read IP mode file for STMicroelectronics.X-CUBE-ALGOBUILD.1.4.0
2024-09-23 11:31:31,216 [WARN] PackLoader:240 - Cannot read IP mode file for STMicroelectronics.X-CUBE-GNSS1.6.0.0
2024-09-23 11:31:31,223 [WARN] PackLoader:240 - Cannot read IP mode file for STMicroelectronics.X-CUBE-AZRTOS-F4.1.1.0
2024-09-23 11:31:31,227 [WARN] PackLoader:240 - Cannot read IP mode file for STMicroelectronics.X-CUBE-ISPU.2.1.0
2024-09-23 11:31:31,231 [WARN] PackLoader:240 - Cannot read IP mode file for STMicroelectronics.X-CUBE-FREERTOS.1.2.0
2024-09-23 11:31:31,239 [WARN] PackLoader:240 - Cannot read IP mode file for STMicroelectronics.X-CUBE-AZRTOS-L5.2.0.0
2024-09-23 11:31:31,244 [WARN] PackLoader:240 - Cannot read IP mode file for STMicroelectronics.X-CUBE-EEPRMA1.4.2.0
2024-09-23 11:31:31,248 [WARN] PackLoader:240 - Cannot read IP mode file for STMicroelectronics.X-CUBE-NFC6.3.1.0
2024-09-23 11:31:31,258 [WARN] PackLoader:240 - Cannot read IP mode file for ITTIA_DB.I-CUBE-ITTIADB.8.8.0
2024-09-23 11:31:31,265 [WARN] PackLoader:240 - Cannot read IP mode file for STMicroelectronics.X-CUBE-BLEMGR.2.0.0
2024-09-23 11:31:31,271 [WARN] PackLoader:240 - Cannot read IP mode file for STMicroelectronics.X-CUBE-DPower.1.2.0
2024-09-23 11:31:31,277 [WARN] PackLoader:240 - Cannot read IP mode file for STMicroelectronics.X-CUBE-NFC4.2.0.4
2024-09-23 11:31:31,281 [WARN] PackLoader:240 - Cannot read IP mode file for STMicroelectronics.X-CUBE-AI.9.0.0
2024-09-23 11:31:31,297 [WARN] ConditionMgr:438 - getConditionDescription Invalid condition id : UX DEVICE CLASS RTOS Condition cause : null
2024-09-23 11:31:31,297 [WARN] ConditionMgr:438 - getConditionDescription Invalid condition id : UX DEVICE CLASS RTOS Condition cause : null
2024-09-23 11:31:31,300 [WARN] PackLoader:240 - Cannot read IP mode file for STMicroelectronics.X-CUBE-AZRTOS-H7.3.1.0
2024-09-23 11:31:31,301 [WARN] ConditionMgr:1039 - genDependencies : Invalid condition id : UX DEVICE CLASS RTOS Condition cause : null
2024-09-23 11:31:31,301 [WARN] ConditionMgr:1039 - genDependencies : Invalid condition id : UX DEVICE CLASS RTOS Condition cause : null
2024-09-23 11:31:31,302 [WARN] ConditionMgr:1039 - genDependencies : Invalid condition id : UX DEVICE CLASS RTOS Condition cause : null
2024-09-23 11:31:31,302 [WARN] ConditionMgr:1039 - genDependencies : Invalid condition id : UX DEVICE CLASS RTOS Condition cause : null
2024-09-23 11:31:31,302 [WARN] ConditionMgr:1039 - genDependencies : Invalid condition id : UX DEVICE CLASS RTOS Condition cause : null
2024-09-23 11:31:31,307 [WARN] PackLoader:240 - Cannot read IP mode file for wolfSSL.I-CUBE-wolfSSL.5.5.0
2024-09-23 11:31:31,311 [WARN] PackLoader:240 - Cannot read IP mode file for STMicroelectronics.X-CUBE-NFC7.1.0.1
2024-09-23 11:31:31,315 [WARN] PackLoader:240 - Cannot read IP mode file for STMicroelectronics.X-CUBE-NFC7.1.0.0
2024-09-23 11:31:31,319 [WARN] PackLoader:240 - Cannot read IP mode file for wolfSSL.I-CUBE-wolfTPM.3.2.0
2024-09-23 11:31:31,325 [WARN] PackLoader:240 - Cannot read IP mode file for STMicroelectronics.X-CUBE-NFC6.3.0.0
2024-09-23 11:31:31,331 [WARN] PackLoader:240 - Cannot read IP mode file for STMicroelectronics.X-CUBE-EEPRMA1.4.1.0
2024-09-23 11:31:31,335 [WARN] PackLoader:240 - Cannot read IP mode file for STMicroelectronics.X-CUBE-AI.8.1.0
2024-09-23 11:31:31,344 [WARN] ConditionMgr:438 - getConditionDescription Invalid condition id : LAN8742 Phy interface Condition cause : null
2024-09-23 11:31:31,345 [WARN] PackLoader:240 - Cannot read IP mode file for STMicroelectronics.X-CUBE-AZRTOS-L4.2.0.0
2024-09-23 11:31:31,345 [WARN] ConditionMgr:1039 - genDependencies : Invalid condition id : LAN8742 Phy interface Condition cause : null
2024-09-23 11:31:31,346 [WARN] ConditionMgr:1039 - genDependencies : Invalid condition id : LAN8742 Phy interface Condition cause : null
2024-09-23 11:31:31,346 [WARN] ConditionMgr:1039 - genDependencies : Invalid condition id : LAN8742 Phy interface Condition cause : null
2024-09-23 11:31:31,350 [WARN] PackLoader:240 - Cannot read IP mode file for STMicroelectronics.X-CUBE-SFXS2LP1.4.0.0
2024-09-23 11:31:31,363 [WARN] PackLoader:240 - Cannot read IP mode file for STMicroelectronics.X-CUBE-AZRTOS-H7.3.0.0
2024-09-23 11:31:31,367 [WARN] PackLoader:240 - Cannot read IP mode file for STMicroelectronics.X-CUBE-ISPU.1.1.0
2024-09-23 11:31:31,376 [WARN] PackLoader:240 - Cannot read IP mode file for STMicroelectronics.X-CUBE-AZRTOS-H7.3.3.0
2024-09-23 11:31:31,383 [WARN] PackLoader:240 - Cannot read IP mode file for RoweBots.I-CUBE-UNISONRTOS.5.5.0-4
2024-09-23 11:31:31,387 [WARN] PackLoader:240 - Cannot read IP mode file for STMicroelectronics.X-CUBE-AI.8.0.0
2024-09-23 11:31:31,396 [WARN] ConditionMgr:438 - getConditionDescription Invalid condition id : UX DEVICE CLASS RTOS Condition cause : null
2024-09-23 11:31:31,396 [WARN] ConditionMgr:438 - getConditionDescription Invalid condition id : UX DEVICE CLASS RTOS Condition cause : null
2024-09-23 11:31:31,397 [WARN] PackLoader:240 - Cannot read IP mode file for STMicroelectronics.X-CUBE-AZRTOS-WB.2.0.0
2024-09-23 11:31:31,397 [WARN] ConditionMgr:1039 - genDependencies : Invalid condition id : UX DEVICE CLASS RTOS Condition cause : null
2024-09-23 11:31:31,397 [WARN] ConditionMgr:1039 - genDependencies : Invalid condition id : UX DEVICE CLASS RTOS Condition cause : null
2024-09-23 11:31:31,398 [WARN] ConditionMgr:1039 - genDependencies : Invalid condition id : UX DEVICE CLASS RTOS Condition cause : null
2024-09-23 11:31:31,398 [WARN] ConditionMgr:1039 - genDependencies : Invalid condition id : UX DEVICE CLASS RTOS Condition cause : null
2024-09-23 11:31:31,398 [WARN] ConditionMgr:1039 - genDependencies : Invalid condition id : UX DEVICE CLASS RTOS Condition cause : null
2024-09-23 11:31:31,401 [WARN] PackLoader:240 - Cannot read IP mode file for STMicroelectronics.X-CUBE-FREERTOS.1.0.0
2024-09-23 11:31:31,404 [WARN] PackLoader:240 - Cannot read IP mode file for STMicroelectronics.X-CUBE-GNSS1.7.0.0
2024-09-23 11:31:31,408 [WARN] PackLoader:240 - Cannot read IP mode file for STMicroelectronics.X-CUBE-BLEMGR.1.0.0
2024-09-23 11:31:31,413 [WARN] PackLoader:240 - Cannot read IP mode file for STMicroelectronics.FP-SNS-STBOX1.2.0.0
2024-09-23 11:31:31,421 [WARN] PackLoader:240 - Cannot read IP mode file for STMicroelectronics.X-CUBE-AZRTOS-L5.1.1.0
2024-09-23 11:31:31,428 [WARN] PackLoader:240 - Cannot read IP mode file for STMicroelectronics.X-CUBE-SUBG2.5.0.0
2024-09-23 11:31:31,433 [WARN] PackLoader:240 - Cannot read IP mode file for Cesanta.I-CUBE-Mongoose.7.13.0
2024-09-23 11:31:31,439 [WARN] PackLoader:240 - Cannot read IP mode file for STMicroelectronics.X-CUBE-TOF1.3.3.1
2024-09-23 11:31:31,451 [WARN] PackLoader:240 - Cannot read IP mode file for STMicroelectronics.X-CUBE-AZRTOS-G4.2.0.0
2024-09-23 11:31:31,460 [WARN] PackLoader:240 - Cannot read IP mode file for STMicroelectronics.X-CUBE-TOF1.3.3.0
2024-09-23 11:31:31,467 [WARN] PackLoader:240 - Cannot read IP mode file for STMicroelectronics.FP-ATR-ASTRA1.1.1.1
2024-09-23 11:31:31,474 [WARN] PackLoader:240 - Cannot read IP mode file for Infineon.AIROC-Wi-Fi-Bluetooth-STM32.1.5.1
2024-09-23 11:31:31,481 [WARN] PackLoader:240 - Cannot read IP mode file for STMicroelectronics.X-CUBE-AZRTOS-G4.1.0.0
2024-09-23 11:31:31,488 [WARN] PackLoader:240 - Cannot read IP mode file for STMicroelectronics.X-CUBE-AZRTOS-L4.1.0.0
2024-09-23 11:31:31,491 [WARN] PackLoader:240 - Cannot read IP mode file for STMicroelectronics.X-CUBE-ISPU.2.0.0
2024-09-23 11:31:31,494 [WARN] PackLoader:240 - Cannot read IP mode file for STMicroelectronics.X-CUBE-ALS.1.0.2
2024-09-23 11:31:31,509 [WARN] PackLoader:240 - Cannot read IP mode file for STMicroelectronics.X-CUBE-MEMS1.10.0.0
2024-09-23 11:31:31,557 [WARN] PackLoader:240 - Cannot read IP mode file for STMicroelectronics.X-CUBE-FREERTOS.1.1.0
2024-09-23 11:31:31,559 [WARN] PackLoader:240 - Cannot read IP mode file for STMicroelectronics.X-CUBE-TOUCHGFX.4.24.0
2024-09-23 11:31:31,563 [WARN] PackLoader:240 - Cannot read IP mode file for STMicroelectronics.X-CUBE-AZRTOS-WL.1.0.0
2024-09-23 11:31:31,565 [WARN] PackLoader:240 - Cannot read IP mode file for STMicroelectronics.X-CUBE-TOUCHGFX.4.24.1
2024-09-23 11:31:31,568 [WARN] PackLoader:240 - Cannot read IP mode file for portGmbH.I-Cube-SoM-uGOAL.1.1.0
2024-09-23 11:31:31,570 [WARN] PackLoader:240 - Cannot read IP mode file for STMicroelectronics.X-CUBE-ALS.1.0.1
2024-09-23 11:31:31,576 [WARN] PackLoader:240 - Cannot read IP mode file for STMicroelectronics.X-CUBE-AZRTOS-WB.1.1.0
2024-09-23 11:31:31,588 [WARN] PackLoader:240 - Cannot read IP mode file for STMicroelectronics.X-CUBE-AZRTOS-L5.1.0.0
2024-09-23 11:31:31,594 [WARN] PackLoader:240 - Cannot read IP mode file for STMicroelectronics.X-CUBE-EEPRMA1.3.1.1
2024-09-23 11:31:31,610 [WARN] PackLoader:240 - Cannot read IP mode file for STMicroelectronics.X-CUBE-AZRTOS-H7RS.1.0.0
2024-09-23 11:31:31,614 [WARN] PackLoader:240 - Cannot read IP mode file for STMicroelectronics.FP-ATR-ASTRA1.2.0.0
2024-09-23 11:31:31,622 [WARN] PackLoader:240 - Cannot read IP mode file for STMicroelectronics.X-CUBE-TOF1.3.4.2
2024-09-23 11:31:31,629 [WARN] PackLoader:240 - Cannot read IP mode file for wolfSSL.I-CUBE-wolfSSH.1.4.17
2024-09-23 11:31:31,630 [INFO] ThirdParty:978 - Integrity check success = true
2024-09-23 11:31:31,630 [INFO] IntegrityCheckThread:100 - exiting critical section [integrity check]
2024-09-23 11:31:31,630 [INFO] IntegrityCheckThread:103 - End integrity checks thread
2024-09-23 14:14:27,461 [INFO] WebApp:189 - Connection lost
2024-09-23 14:14:27,578 [INFO] WebApp:186 - Connection restablished
2024-09-23 14:14:41,986 [INFO] WebApp:189 - Connection lost
2024-09-23 14:14:46,388 [INFO] WebApp:186 - Connection restablished
2024-09-23 14:14:49,459 [INFO] WebApp:189 - Connection lost
2024-09-23 14:14:49,541 [INFO] WebApp:186 - Connection restablished
2024-09-23 14:14:52,456 [INFO] WebApp:189 - Connection lost
2024-09-23 14:14:52,539 [INFO] WebApp:186 - Connection restablished
2024-09-23 14:16:38,470 [INFO] WebApp:189 - Connection lost
2024-09-23 14:16:38,579 [INFO] WebApp:186 - Connection restablished
